{"logTime": "0517/002605", "correlationVector":"0X9ITk61MlvbqDlE+Mln5O.2","action":"ProcessGetUpdates", "result":"Done", "context":{"dataType":"History", "deleted":"26", "process_failed_to_decrypt":"0", "process_pending_decryption":"0", "process_success":"250", "total":"250"}}
{"logTime": "0517/002605", "correlationVector":"0X9ITk61MlvbqDlE+Mln5O.3","action":"GetUpdates Response", "result":"Success", "context":Received 250 update(s). cV=0X9ITk61MlvbqDlE+Mln5O.0;server=akswtt114000006;cloudType=Consumer;environment=Prod_francecentral_prod-s01-062-eur-francecentral;migrationStage=NotStarted Some updates remain.}
{"logTime": "0517/002605", "correlationVector":"WoPZTPBgHl8Xehl8EUKYRP","action":"Initial GetUpdates", "result":"", "context":Reason: NEWLY_SUPPORTED_DATATYPE. cV=WoPZTPBgHl8Xehl8EUKYRP}
{"logTime": "0517/002606", "correlationVector":"WoPZTPBgHl8Xehl8EUKYRP.1","action":"SyncServerConnectionManagerRequest", "result":"SYNC_SERVER_OK", "context":{"environment":"Prod_francecentral_prod-s01-062-eur-francecentral", "migrationStage":"NotStarted", "server":"akswtt11400000f"}}
{"logTime": "0517/002606", "correlationVector":"WoPZTPBgHl8Xehl8EUKYRP.2","action":"ProcessGetUpdates", "result":"Done", "context":{"dataType":"History", "deleted":"0", "process_failed_to_decrypt":"0", "process_pending_decryption":"0", "process_success":"250", "total":"250"}}
{"logTime": "0517/002606", "correlationVector":"WoPZTPBgHl8Xehl8EUKYRP.3","action":"GetUpdates Response", "result":"Success", "context":Received 250 update(s). cV=WoPZTPBgHl8Xehl8EUKYRP.0;server=akswtt11400000f;cloudType=Consumer;environment=Prod_francecentral_prod-s01-062-eur-francecentral;migrationStage=NotStarted Some updates remain.}
{"logTime": "0517/002606", "correlationVector":"KbOdPgt8NEXC8QsehHPHhi","action":"Initial GetUpdates", "result":"", "context":Reason: NEWLY_SUPPORTED_DATATYPE. cV=KbOdPgt8NEXC8QsehHPHhi}
{"logTime": "0517/002608", "correlationVector":"KbOdPgt8NEXC8QsehHPHhi.1","action":"SyncServerConnectionManagerRequest", "result":"SYNC_SERVER_OK", "context":{"environment":"Prod_francecentral_prod-s01-062-eur-francecentral", "migrationStage":"NotStarted", "server":"akswtt11400000g"}}
{"logTime": "0517/002608", "correlationVector":"KbOdPgt8NEXC8QsehHPHhi.2","action":"ProcessGetUpdates", "result":"Done", "context":{"dataType":"History", "deleted":"0", "process_failed_to_decrypt":"0", "process_pending_decryption":"0", "process_success":"250", "total":"250"}}
{"logTime": "0517/002608", "correlationVector":"KbOdPgt8NEXC8QsehHPHhi.3","action":"GetUpdates Response", "result":"Success", "context":Received 250 update(s). cV=KbOdPgt8NEXC8QsehHPHhi.0;server=akswtt11400000g;cloudType=Consumer;environment=Prod_francecentral_prod-s01-062-eur-francecentral;migrationStage=NotStarted Some updates remain.}
{"logTime": "0517/002608", "correlationVector":"DH95ba+CjIHWtKwVV3i4XN","action":"Initial GetUpdates", "result":"", "context":Reason: NEWLY_SUPPORTED_DATATYPE. cV=DH95ba+CjIHWtKwVV3i4XN}
{"logTime": "0517/002608", "correlationVector":"DH95ba+CjIHWtKwVV3i4XN.1","action":"SyncServerConnectionManagerRequest", "result":"SYNC_SERVER_OK", "context":{"environment":"Prod_francecentral_prod-s01-062-eur-francecentral", "migrationStage":"NotStarted", "server":"akswtt11400000f"}}
{"logTime": "0517/002608", "correlationVector":"DH95ba+CjIHWtKwVV3i4XN.2","action":"ProcessGetUpdates", "result":"Done", "context":{"dataType":"History", "deleted":"0", "process_failed_to_decrypt":"0", "process_pending_decryption":"0", "process_success":"243", "total":"243"}}
{"logTime": "0517/002608", "correlationVector":"DH95ba+CjIHWtKwVV3i4XN.3","action":"GetUpdates Response", "result":"Success", "context":Received 243 update(s). cV=DH95ba+CjIHWtKwVV3i4XN.0;server=akswtt11400000f;cloudType=Consumer;environment=Prod_francecentral_prod-s01-062-eur-francecentral;migrationStage=NotStarted}
{"logTime": "0517/002623", "correlationVector":"k9Cn9lWRUOL+E2hsZD+s+v","action":"Normal GetUpdate request", "result":"", "context":cV=k9Cn9lWRUOL+E2hsZD+s+v
Nudged types: Sessions, Device Info
Refresh requested types: Bookmarks, Preferences, Passwords, Autofill Profiles, Autofill, Extensions, Sessions, Extension settings, History Delete Directives, Device Info, User Consents, Send Tab To Self, Web Apps, History, Saved Tab Group, WebAuthn Credentials, Collection, Edge E Drop, Edge Hub App Usage, Edge Wallet, Edge Workspace, Encryption Keys}
{"logTime": "0517/002623", "correlationVector":"k9Cn9lWRUOL+E2hsZD+s+v.1","action":"SyncServerConnectionManagerRequest", "result":"SYNC_SERVER_OK", "context":{"environment":"Prod_francecentral_prod-s01-062-eur-francecentral", "migrationStage":"NotStarted", "server":"akswtt114000002"}}
{"logTime": "0517/002623", "correlationVector":"k9Cn9lWRUOL+E2hsZD+s+v.2","action":"GetUpdates Response", "result":"Success", "context":Received 0 update(s). cV=k9Cn9lWRUOL+E2hsZD+s+v.0;server=akswtt114000002;cloudType=Consumer;environment=Prod_francecentral_prod-s01-062-eur-francecentral;migrationStage=NotStarted}
{"logTime": "0517/002628", "correlationVector":"Qh2RvWbW/9LqIxaoNbY59X","action":"Commit Request", "result":"", "context":Item count: 3
Contributing types: Sessions, Device Info}
{"logTime": "0517/002629", "correlationVector":"Qh2RvWbW/9LqIxaoNbY59X.1","action":"SyncServerConnectionManagerRequest", "result":"SYNC_SERVER_OK", "context":{"environment":"Prod_francecentral_prod-s01-062-eur-francecentral", "migrationStage":"NotStarted", "server":"akswtt11400000f"}}
{"logTime": "0517/002629", "correlationVector":"Qh2RvWbW/9LqIxaoNbY59X.2","action":"Commit Response", "result":"Success", "context":Result: Success. cV=Qh2RvWbW/9LqIxaoNbY59X.0;server=akswtt11400000f;cloudType=Consumer;environment=Prod_francecentral_prod-s01-062-eur-francecentral;migrationStage=NotStarted}
{"logTime": "0517/002631", "correlationVector":"SpVRetq7gFIObP3Pp2yYUP","action":"Commit Request", "result":"", "context":Item count: 20
Contributing types: Preferences, Passwords}
{"logTime": "0517/002633", "correlationVector":"SpVRetq7gFIObP3Pp2yYUP.1","action":"SyncServerConnectionManagerRequest", "result":"SYNC_SERVER_OK", "context":{"environment":"Prod_francecentral_prod-s01-062-eur-francecentral", "migrationStage":"NotStarted", "server":"akswtt114000015"}}
{"logTime": "0517/002633", "correlationVector":"SpVRetq7gFIObP3Pp2yYUP.2","action":"Commit Response", "result":"Success", "context":Result: Success. cV=SpVRetq7gFIObP3Pp2yYUP.0;server=akswtt114000015;cloudType=Consumer;environment=Prod_francecentral_prod-s01-062-eur-francecentral;migrationStage=NotStarted}
{"logTime": "0517/002711", "correlationVector":"uzPekGRY4Dbq7PGty9+27H","action":"Commit Request", "result":"", "context":Item count: 1
Contributing types: Preferences}
{"logTime": "0517/002711", "correlationVector":"uzPekGRY4Dbq7PGty9+27H.1","action":"SyncServerConnectionManagerRequest", "result":"SYNC_SERVER_OK", "context":{"environment":"Prod_francecentral_prod-s01-062-eur-francecentral", "migrationStage":"NotStarted", "server":"akswtt11400000s"}}
{"logTime": "0517/002711", "correlationVector":"uzPekGRY4Dbq7PGty9+27H.3","action":"Commit.Preferences", "result":"Success", "context":{"id":"7d2b8e65-8e85-4d45-8121-4afbfbd7ba83", "isDeleted":"true", "size":"0", "version":"1778977591280"}}
{"logTime": "0517/002711", "correlationVector":"uzPekGRY4Dbq7PGty9+27H.2","action":"Commit Response", "result":"Success", "context":Result: Success. cV=uzPekGRY4Dbq7PGty9+27H.0;server=akswtt11400000s;cloudType=Consumer;environment=Prod_francecentral_prod-s01-062-eur-francecentral;migrationStage=NotStarted}
{"logTime": "0517/002732", "correlationVector":"mJcR9JB6c9ONZnEiiAI9qb","action":"Commit Request", "result":"", "context":Item count: 3
Contributing types: Autofill Profiles, Sessions, History}
{"logTime": "0517/002733", "correlationVector":"mJcR9JB6c9ONZnEiiAI9qb.1","action":"SyncServerConnectionManagerRequest", "result":"SYNC_SERVER_OK", "context":{"environment":"Prod_francecentral_prod-s01-062-eur-francecentral", "migrationStage":"NotStarted", "server":"akswtt11400000d"}}
{"logTime": "0517/002733", "correlationVector":"mJcR9JB6c9ONZnEiiAI9qb.2","action":"Commit Response", "result":"Success", "context":Result: Success. cV=mJcR9JB6c9ONZnEiiAI9qb.0;server=akswtt11400000d;cloudType=Consumer;environment=Prod_francecentral_prod-s01-062-eur-francecentral;migrationStage=NotStarted}
{"logTime": "0517/002832", "correlationVector":"sWTSVhVKQVFHm1lx8BR+yH","action":"Commit Request", "result":"", "context":Item count: 1
Contributing types: Autofill Profiles}
{"logTime": "0517/002832", "correlationVector":"sWTSVhVKQVFHm1lx8BR+yH.1","action":"SyncServerConnectionManagerRequest", "result":"SYNC_SERVER_OK", "context":{"environment":"Prod_francecentral_prod-s01-062-eur-francecentral", "migrationStage":"NotStarted", "server":"akswtt114000002"}}
{"logTime": "0517/002832", "correlationVector":"sWTSVhVKQVFHm1lx8BR+yH.2","action":"Commit Response", "result":"Success", "context":Result: Success. cV=sWTSVhVKQVFHm1lx8BR+yH.0;server=akswtt114000002;cloudType=Consumer;environment=Prod_francecentral_prod-s01-062-eur-francecentral;migrationStage=NotStarted}
{"logTime": "0517/003959", "correlationVector":"J1SiLNTr1/cSScTqclIknh.1","action":"SyncServerConnectionManagerRequest", "result":"SYNC_SERVER_OK", "context":{"environment":"Prod_francecentral_prod-s01-062-eur-francecentral", "migrationStage":"NotStarted", "server":"akswtt11400000d"}}
{"logTime": "0517/003959", "correlationVector":"J1SiLNTr1/cSScTqclIknh.2","action":"ProcessGetUpdates", "result":"Done", "context":{"dataType":"Encryption Keys", "deleted":"0", "process_failed_to_decrypt":"0", "process_pending_decryption":"0", "process_success":"1", "total":"1"}}
{"logTime": "0517/004001", "correlationVector":"oOexIwjmzQir3/DALUwdNM","action":"SyncServerConnectionManagerRequest", "result":"SYNC_SERVER_OK", "context":{"environment":"", "migrationStage":"", "server":""}}
{"logTime": "0517/004001", "correlationVector":"oOexIwjmzQir3/DALUwdNM.0","action":"EncryptionKeysFetcher.DownloadKeys:", "result":"Success", "context":Key count: 10, Last key timestamp: 2026-01-23T17:05:26Z}
{"logTime": "0517/004001", "correlationVector":"oOexIwjmzQir3/DALUwdNM.1","action":"EncryptionKeysManager::SetEncryptionKeys:", "result":"Success", "context":Key names[10]:[BAtiuBps0we0DmpPWaX9tjhQNSEOfD2x3NkCIaZH0pZwMPSadIdejk55VX8vJ0xcLw/aOV12CyYbO0wUSGXzLg==][OYiCvZ/taZErBE08EsO4jJj6uSMqtySfXeJ6p1n+8jtykovp72hFCQPl3+15/sXzJZMSG1ttuJccT2nF56hD5Q==][GOUOhBAk1uSOfpZVPN4dTyfe3qNbF7rH5Ph8WeP1R1ge98QAina6C86JnlAmq5TJXbOpS+InlsNJA0Spx7N5jQ==][PdX6lkSIfPA6tfR5LTyzCkE8Wx4/O9SbNP+h0ncRZkkgguCv3yqzz8X9pM1Vc1xoejh3MmthOpE5lDtCMLnvgw==][jICeU8PSt8qi3ThycGhvE8R6LDjLUZsg+f2J8YI0o4/Zs4AO6M83fN4mdllz3JM3IAulxK6KkGcdRM//0u5OEA==][vnXtZLF7MbVLv31UbsOoaFggc4YdNe9fjSEcnwP76viB0ns2G4iBHGis2/UCTKs8JXs6QnKIQg7w11a/61fDCA==][ZyjFp0Cdjb3Nf7o/gs+6oDzo1AHq5RZLBY8ZJx8BaIjLRZc/dpYEMg5+Z9JZg8meIIF1+X2mccmITNYpYzaB7Q==][OQdsv1hI5p/HXWZLWJ0af/LpZTFgjhwwRTw3QGC5GunK6CqJwrFD1dwstUswHOqCHJhL2EhHldeGb9wvC2GclQ==][GWHxV442R9YJKi49UrQC0Y8MzJhIvpUwGSUL93dcp0O9dJXnRa+9PKe95wOX6sYxBt0rd+ZTsridLcRsZMRlpA==][v940Rk3rrt0fXrmDWLk9nHDUDPThsH9elkQ5oR91u/0t1k2cHqZLrsE35CRdNoSND5HHQZY4xVXTMmoVKg+L/g==]}
{"logTime": "0517/004001", "correlationVector":"oOexIwjmzQir3/DALUwdNM.2","action":"EncryptionKeysManager::SetEncryptionKeysWithTimestamps:", "result":"Success", "context":Key timestamps[10]:[2023-10-31T08:17:33Z][2023-11-11T08:55:41Z][2024-02-13T11:48:07Z][2024-04-09T08:19:43Z][2024-05-13T08:03:10Z][2024-07-22T18:08:39Z][2024-10-05T08:24:53Z][2025-01-27T07:38:10Z][2025-07-26T18:04:49Z][2026-01-23T17:05:26Z]}
{"logTime": "0517/004001", "correlationVector":"J1SiLNTr1/cSScTqclIknh","action":"Initial GetUpdates", "result":"", "context":Reason: NEW_CLIENT. cV=J1SiLNTr1/cSScTqclIknh}
{"logTime": "0517/004001", "correlationVector":"J1SiLNTr1/cSScTqclIknh.3","action":"GetUpdates Response", "result":"Success", "context":Received 1 update(s). cV=J1SiLNTr1/cSScTqclIknh.0;server=akswtt11400000d;cloudType=Consumer;environment=Prod_francecentral_prod-s01-062-eur-francecentral;migrationStage=NotStarted}
{"logTime": "0517/004001", "correlationVector":"9Bth0oES0L+V6xbU3a4CvA","action":"Initial GetUpdates", "result":"", "context":Reason: NEWLY_SUPPORTED_DATATYPE. cV=9Bth0oES0L+V6xbU3a4CvA}
{"logTime": "0517/004002", "correlationVector":"9Bth0oES0L+V6xbU3a4CvA.1","action":"SyncServerConnectionManagerRequest", "result":"SYNC_SERVER_OK", "context":{"environment":"Prod_francecentral_prod-s01-062-eur-francecentral", "migrationStage":"NotStarted", "server":"akswtt11400000y"}}
{"logTime": "0517/004002", "correlationVector":"9Bth0oES0L+V6xbU3a4CvA.2","action":"ProcessGetUpdates", "result":"Done", "context":{"dataType":"Passwords", "deleted":"3", "process_failed_to_decrypt":"0", "process_pending_decryption":"0", "process_success":"27", "total":"27"}}
{"logTime": "0517/004002", "correlationVector":"9Bth0oES0L+V6xbU3a4CvA.3","action":"GetUpdates Response", "result":"Success", "context":Received 27 update(s). cV=9Bth0oES0L+V6xbU3a4CvA.0;server=akswtt11400000y;cloudType=Consumer;environment=Prod_francecentral_prod-s01-062-eur-francecentral;migrationStage=NotStarted}
{"logTime": "0517/004003", "correlationVector":"jtA+ziRqSmlt7G3vUzcV1Q","action":"Normal GetUpdate request", "result":"", "context":cV=jtA+ziRqSmlt7G3vUzcV1Q
Nudged types: Preferences, Sessions, History
Refresh requested types: Bookmarks, Preferences, Passwords, Autofill Profiles, Autofill, Extensions, Sessions, Extension settings, History Delete Directives, Device Info, User Consents, Send Tab To Self, Web Apps, History, Saved Tab Group, WebAuthn Credentials, Collection, Edge E Drop, Edge Hub App Usage, Edge Wallet, Edge Workspace, Encryption Keys}
{"logTime": "0517/004004", "correlationVector":"jtA+ziRqSmlt7G3vUzcV1Q.1","action":"SyncServerConnectionManagerRequest", "result":"SYNC_SERVER_OK", "context":{"environment":"Prod_francecentral_prod-s01-062-eur-francecentral", "migrationStage":"NotStarted", "server":"akswtt114000011"}}
{"logTime": "0517/004004", "correlationVector":"jtA+ziRqSmlt7G3vUzcV1Q.2","action":"ProcessGetUpdates", "result":"Done", "context":{"dataType":"Preferences", "deleted":"1", "process_failed_to_decrypt":"0", "process_pending_decryption":"0", "process_success":"2", "total":"2"}}
{"logTime": "0517/004004", "correlationVector":"jtA+ziRqSmlt7G3vUzcV1Q.3","action":"ProcessGetUpdates", "result":"Done", "context":{"dataType":"Autofill Profiles", "deleted":"0", "process_failed_to_decrypt":"0", "process_pending_decryption":"0", "process_success":"1", "total":"1"}}
{"logTime": "0517/004004", "correlationVector":"jtA+ziRqSmlt7G3vUzcV1Q.4","action":"ProcessGetUpdates", "result":"Done", "context":{"dataType":"Sessions", "deleted":"0", "process_failed_to_decrypt":"0", "process_pending_decryption":"0", "process_success":"3", "total":"3"}}
{"logTime": "0517/004004", "correlationVector":"jtA+ziRqSmlt7G3vUzcV1Q.5","action":"ProcessGetUpdates", "result":"Done", "context":{"dataType":"Device Info", "deleted":"0", "process_failed_to_decrypt":"0", "process_pending_decryption":"0", "process_success":"1", "total":"1"}}
{"logTime": "0517/004004", "correlationVector":"jtA+ziRqSmlt7G3vUzcV1Q.6","action":"ProcessGetUpdates", "result":"Done", "context":{"dataType":"History", "deleted":"0", "process_failed_to_decrypt":"0", "process_pending_decryption":"0", "process_success":"1", "total":"1"}}
{"logTime": "0517/004004", "correlationVector":"jtA+ziRqSmlt7G3vUzcV1Q.7","action":"GetUpdates Response", "result":"Success", "context":Received 8 update(s). cV=jtA+ziRqSmlt7G3vUzcV1Q.0;server=akswtt114000011;cloudType=Consumer;environment=Prod_francecentral_prod-s01-062-eur-francecentral;migrationStage=NotStarted}
{"logTime": "0517/004029", "correlationVector":"n37EMcKDekyi4vIQ+F/TPC","action":"Commit Request", "result":"", "context":Item count: 5
Contributing types: Preferences, Sessions, History}
{"logTime": "0517/004030", "correlationVector":"n37EMcKDekyi4vIQ+F/TPC.1","action":"SyncServerConnectionManagerRequest", "result":"SYNC_SERVER_OK", "context":{"environment":"Prod_francecentral_prod-s01-062-eur-francecentral", "migrationStage":"NotStarted", "server":"akswtt11400000t"}}
{"logTime": "0517/004030", "correlationVector":"n37EMcKDekyi4vIQ+F/TPC.2","action":"Commit Response", "result":"Success", "context":Result: Success. cV=n37EMcKDekyi4vIQ+F/TPC.0;server=akswtt11400000t;cloudType=Consumer;environment=Prod_francecentral_prod-s01-062-eur-francecentral;migrationStage=NotStarted}
{"logTime": "0517/004036", "correlationVector":"d2eIVBb+Rg0klrBL0QoGSc","action":"Commit Request", "result":"", "context":Item count: 19
Contributing types: Preferences, Passwords}
{"logTime": "0517/004038", "correlationVector":"d2eIVBb+Rg0klrBL0QoGSc.1","action":"SyncServerConnectionManagerRequest", "result":"SYNC_SERVER_OK", "context":{"environment":"Prod_francecentral_prod-s01-062-eur-francecentral", "migrationStage":"NotStarted", "server":"akswtt11400000t"}}
{"logTime": "0517/004038", "correlationVector":"d2eIVBb+Rg0klrBL0QoGSc.2","action":"Commit Response", "result":"Success", "context":Result: Success. cV=d2eIVBb+Rg0klrBL0QoGSc.0;server=akswtt11400000t;cloudType=Consumer;environment=Prod_francecentral_prod-s01-062-eur-francecentral;migrationStage=NotStarted}
{"logTime": "0517/004050", "correlationVector":"1GzSN9Wvhvva5uBD6pQ28r","action":"Commit Request", "result":"", "context":Item count: 1
Contributing types: Preferences}
{"logTime": "0517/004050", "correlationVector":"1GzSN9Wvhvva5uBD6pQ28r.1","action":"SyncServerConnectionManagerRequest", "result":"SYNC_SERVER_OK", "context":{"environment":"Prod_francecentral_prod-s01-062-eur-francecentral", "migrationStage":"NotStarted", "server":"akswtt11400000d"}}
{"logTime": "0517/004050", "correlationVector":"1GzSN9Wvhvva5uBD6pQ28r.2","action":"Commit Response", "result":"Success", "context":Result: Success. cV=1GzSN9Wvhvva5uBD6pQ28r.0;server=akswtt11400000d;cloudType=Consumer;environment=Prod_francecentral_prod-s01-062-eur-francecentral;migrationStage=NotStarted}
{"logTime": "0517/004114", "correlationVector":"RFghvdBhnLdX2Fg9M+z66/","action":"Commit Request", "result":"", "context":Item count: 1
Contributing types: Preferences}
{"logTime": "0517/004114", "correlationVector":"RFghvdBhnLdX2Fg9M+z66/.1","action":"SyncServerConnectionManagerRequest", "result":"SYNC_SERVER_OK", "context":{"environment":"Prod_francecentral_prod-s01-062-eur-francecentral", "migrationStage":"NotStarted", "server":"akswtt11400000p"}}
{"logTime": "0517/004114", "correlationVector":"RFghvdBhnLdX2Fg9M+z66/.3","action":"Commit.Preferences", "result":"Success", "context":{"id":"1c9ab3fa-7a6b-4b60-8cc8-dc562f6f9133", "isDeleted":"true", "size":"0", "version":"1778978450292"}}
{"logTime": "0517/004114", "correlationVector":"RFghvdBhnLdX2Fg9M+z66/.2","action":"Commit Response", "result":"Success", "context":Result: Success. cV=RFghvdBhnLdX2Fg9M+z66/.0;server=akswtt11400000p;cloudType=Consumer;environment=Prod_francecentral_prod-s01-062-eur-francecentral;migrationStage=NotStarted}
{"logTime": "0517/004251", "correlationVector":"035Mv1uRm9U6Pod69TsJ98","action":"Commit Request", "result":"", "context":Item count: 3
Contributing types: Autofill Profiles, Sessions, History}
{"logTime": "0517/004251", "correlationVector":"035Mv1uRm9U6Pod69TsJ98.1","action":"SyncServerConnectionManagerRequest", "result":"SYNC_SERVER_OK", "context":{"environment":"Prod_francecentral_prod-s01-062-eur-francecentral", "migrationStage":"NotStarted", "server":"akswtt114000003"}}
{"logTime": "0517/004251", "correlationVector":"035Mv1uRm9U6Pod69TsJ98.2","action":"Commit Response", "result":"Success", "context":Result: Success. cV=035Mv1uRm9U6Pod69TsJ98.0;server=akswtt114000003;cloudType=Consumer;environment=Prod_francecentral_prod-s01-062-eur-francecentral;migrationStage=NotStarted}
{"logTime": "0517/011719", "correlationVector":"Uy2kEaKllgnKQQ90srOBeR.1","action":"SyncServerConnectionManagerRequest", "result":"SYNC_SERVER_OK", "context":{"environment":"Prod_francecentral_prod-s01-062-eur-francecentral", "migrationStage":"NotStarted", "server":"akswtt11400000n"}}
{"logTime": "0517/011719", "correlationVector":"Uy2kEaKllgnKQQ90srOBeR.2","action":"ProcessGetUpdates", "result":"Done", "context":{"dataType":"Encryption Keys", "deleted":"0", "process_failed_to_decrypt":"0", "process_pending_decryption":"0", "process_success":"1", "total":"1"}}
{"logTime": "0517/011721", "correlationVector":"0k2f4h8VU4Gih3vQOgZCX1","action":"SyncServerConnectionManagerRequest", "result":"SYNC_SERVER_OK", "context":{"environment":"", "migrationStage":"", "server":""}}
{"logTime": "0517/011721", "correlationVector":"0k2f4h8VU4Gih3vQOgZCX1.0","action":"EncryptionKeysFetcher.DownloadKeys:", "result":"Success", "context":Key count: 10, Last key timestamp: 2026-01-23T17:05:26Z}
{"logTime": "0517/011721", "correlationVector":"0k2f4h8VU4Gih3vQOgZCX1.1","action":"EncryptionKeysManager::SetEncryptionKeys:", "result":"Success", "context":Key names[10]:[BAtiuBps0we0DmpPWaX9tjhQNSEOfD2x3NkCIaZH0pZwMPSadIdejk55VX8vJ0xcLw/aOV12CyYbO0wUSGXzLg==][OYiCvZ/taZErBE08EsO4jJj6uSMqtySfXeJ6p1n+8jtykovp72hFCQPl3+15/sXzJZMSG1ttuJccT2nF56hD5Q==][GOUOhBAk1uSOfpZVPN4dTyfe3qNbF7rH5Ph8WeP1R1ge98QAina6C86JnlAmq5TJXbOpS+InlsNJA0Spx7N5jQ==][PdX6lkSIfPA6tfR5LTyzCkE8Wx4/O9SbNP+h0ncRZkkgguCv3yqzz8X9pM1Vc1xoejh3MmthOpE5lDtCMLnvgw==][jICeU8PSt8qi3ThycGhvE8R6LDjLUZsg+f2J8YI0o4/Zs4AO6M83fN4mdllz3JM3IAulxK6KkGcdRM//0u5OEA==][vnXtZLF7MbVLv31UbsOoaFggc4YdNe9fjSEcnwP76viB0ns2G4iBHGis2/UCTKs8JXs6QnKIQg7w11a/61fDCA==][ZyjFp0Cdjb3Nf7o/gs+6oDzo1AHq5RZLBY8ZJx8BaIjLRZc/dpYEMg5+Z9JZg8meIIF1+X2mccmITNYpYzaB7Q==][OQdsv1hI5p/HXWZLWJ0af/LpZTFgjhwwRTw3QGC5GunK6CqJwrFD1dwstUswHOqCHJhL2EhHldeGb9wvC2GclQ==][GWHxV442R9YJKi49UrQC0Y8MzJhIvpUwGSUL93dcp0O9dJXnRa+9PKe95wOX6sYxBt0rd+ZTsridLcRsZMRlpA==][v940Rk3rrt0fXrmDWLk9nHDUDPThsH9elkQ5oR91u/0t1k2cHqZLrsE35CRdNoSND5HHQZY4xVXTMmoVKg+L/g==]}
{"logTime": "0517/011721", "correlationVector":"0k2f4h8VU4Gih3vQOgZCX1.2","action":"EncryptionKeysManager::SetEncryptionKeysWithTimestamps:", "result":"Success", "context":Key timestamps[10]:[2023-10-31T08:17:33Z][2023-11-11T08:55:41Z][2024-02-13T11:48:07Z][2024-04-09T08:19:43Z][2024-05-13T08:03:10Z][2024-07-22T18:08:39Z][2024-10-05T08:24:53Z][2025-01-27T07:38:10Z][2025-07-26T18:04:49Z][2026-01-23T17:05:26Z]}
{"logTime": "0517/011721", "correlationVector":"Uy2kEaKllgnKQQ90srOBeR","action":"Initial GetUpdates", "result":"", "context":Reason: NEW_CLIENT. cV=Uy2kEaKllgnKQQ90srOBeR}
{"logTime": "0517/011721", "correlationVector":"Uy2kEaKllgnKQQ90srOBeR.3","action":"GetUpdates Response", "result":"Success", "context":Received 1 update(s). cV=Uy2kEaKllgnKQQ90srOBeR.0;server=akswtt11400000n;cloudType=Consumer;environment=Prod_francecentral_prod-s01-062-eur-francecentral;migrationStage=NotStarted}
{"logTime": "0517/011721", "correlationVector":"Ccz+Re80otqVMcFecaJhSn","action":"Initial GetUpdates", "result":"", "context":Reason: NEWLY_SUPPORTED_DATATYPE. cV=Ccz+Re80otqVMcFecaJhSn}
{"logTime": "0517/011722", "correlationVector":"Ccz+Re80otqVMcFecaJhSn.1","action":"SyncServerConnectionManagerRequest", "result":"SYNC_SERVER_OK", "context":{"environment":"Prod_francecentral_prod-s01-062-eur-francecentral", "migrationStage":"NotStarted", "server":"akswtt114000006"}}
{"logTime": "0517/011722", "correlationVector":"Ccz+Re80otqVMcFecaJhSn.2","action":"ProcessGetUpdates", "result":"Done", "context":{"dataType":"Preferences", "deleted":"3", "process_failed_to_decrypt":"0", "process_pending_decryption":"0", "process_success":"92", "total":"92"}}
{"logTime": "0517/011722", "correlationVector":"Ccz+Re80otqVMcFecaJhSn.3","action":"ProcessGetUpdates", "result":"Done", "context":{"dataType":"Passwords", "deleted":"3", "process_failed_to_decrypt":"0", "process_pending_decryption":"0", "process_success":"27", "total":"27"}}
{"logTime": "0517/011722", "correlationVector":"Ccz+Re80otqVMcFecaJhSn.4","action":"ProcessGetUpdates", "result":"Done", "context":{"dataType":"Device Info", "deleted":"0", "process_failed_to_decrypt":"0", "process_pending_decryption":"0", "process_success":"15", "total":"15"}}
{"logTime": "0517/011722", "correlationVector":"Ccz+Re80otqVMcFecaJhSn.5","action":"GetUpdates Response", "result":"Success", "context":Received 134 update(s). cV=Ccz+Re80otqVMcFecaJhSn.0;server=akswtt114000006;cloudType=Consumer;environment=Prod_francecentral_prod-s01-062-eur-francecentral;migrationStage=NotStarted}
{"logTime": "0517/011722", "correlationVector":"dQIJwF/2DBRqXbeeMCxBxH","action":"Initial GetUpdates", "result":"", "context":Reason: NEWLY_SUPPORTED_DATATYPE. cV=dQIJwF/2DBRqXbeeMCxBxH}
{"logTime": "0517/011722", "correlationVector":"dQIJwF/2DBRqXbeeMCxBxH.1","action":"SyncServerConnectionManagerRequest", "result":"SYNC_SERVER_OK", "context":{"environment":"Prod_francecentral_prod-s01-062-eur-francecentral", "migrationStage":"NotStarted", "server":"akswtt11400000t"}}
{"logTime": "0517/011722", "correlationVector":"dQIJwF/2DBRqXbeeMCxBxH.2","action":"ProcessGetUpdates", "result":"Done", "context":{"dataType":"Bookmarks", "deleted":"1", "process_failed_to_decrypt":"0", "process_pending_decryption":"0", "process_success":"13", "total":"13"}}
{"logTime": "0517/011722", "correlationVector":"dQIJwF/2DBRqXbeeMCxBxH.3","action":"GetUpdates Response", "result":"Success", "context":Received 13 update(s). cV=dQIJwF/2DBRqXbeeMCxBxH.0;server=akswtt11400000t;cloudType=Consumer;environment=Prod_francecentral_prod-s01-062-eur-francecentral;migrationStage=NotStarted}
{"logTime": "0517/011722", "correlationVector":"yNAe9sLn7XTGIX2i4KbOF+","action":"Initial GetUpdates", "result":"", "context":Reason: NEWLY_SUPPORTED_DATATYPE. cV=yNAe9sLn7XTGIX2i4KbOF+}
{"logTime": "0517/011723", "correlationVector":"yNAe9sLn7XTGIX2i4KbOF+.1","action":"SyncServerConnectionManagerRequest", "result":"SYNC_SERVER_OK", "context":{"environment":"Prod_francecentral_prod-s01-062-eur-francecentral", "migrationStage":"NotStarted", "server":"akswtt11400000t"}}
{"logTime": "0517/011723", "correlationVector":"yNAe9sLn7XTGIX2i4KbOF+.2","action":"ProcessGetUpdates", "result":"Done", "context":{"dataType":"Autofill Profiles", "deleted":"0", "process_failed_to_decrypt":"0", "process_pending_decryption":"0", "process_success":"10", "total":"10"}}
{"logTime": "0517/011723", "correlationVector":"yNAe9sLn7XTGIX2i4KbOF+.3","action":"ProcessGetUpdates", "result":"Done", "context":{"dataType":"Autofill", "deleted":"0", "process_failed_to_decrypt":"0", "process_pending_decryption":"0", "process_success":"145", "total":"145"}}
{"logTime": "0517/011723", "correlationVector":"yNAe9sLn7XTGIX2i4KbOF+.4","action":"ProcessGetUpdates", "result":"Done", "context":{"dataType":"Sessions", "deleted":"73", "process_failed_to_decrypt":"0", "process_pending_decryption":"0", "process_success":"73", "total":"73"}}
{"logTime": "0517/011723", "correlationVector":"yNAe9sLn7XTGIX2i4KbOF+.5","action":"ProcessGetUpdates", "result":"Done", "context":{"dataType":"Saved Tab Group", "deleted":"5", "process_failed_to_decrypt":"0", "process_pending_decryption":"0", "process_success":"11", "total":"11"}}
{"logTime": "0517/011723", "correlationVector":"yNAe9sLn7XTGIX2i4KbOF+.6","action":"ProcessGetUpdates", "result":"Done", "context":{"dataType":"Edge Hub App Usage", "deleted":"3", "process_failed_to_decrypt":"0", "process_pending_decryption":"0", "process_success":"11", "total":"11"}}
{"logTime": "0517/011723", "correlationVector":"yNAe9sLn7XTGIX2i4KbOF+.7","action":"GetUpdates Response", "result":"Success", "context":Received 250 update(s). cV=yNAe9sLn7XTGIX2i4KbOF+.0;server=akswtt11400000t;cloudType=Consumer;environment=Prod_francecentral_prod-s01-062-eur-francecentral;migrationStage=NotStarted Some updates remain.}
{"logTime": "0517/011723", "correlationVector":"+Yh+wXg2L6Y0qKkxS9Xe9G","action":"Initial GetUpdates", "result":"", "context":Reason: NEWLY_SUPPORTED_DATATYPE. cV=+Yh+wXg2L6Y0qKkxS9Xe9G}
{"logTime": "0517/011723", "correlationVector":"+Yh+wXg2L6Y0qKkxS9Xe9G.1","action":"SyncServerConnectionManagerRequest", "result":"SYNC_SERVER_OK", "context":{"environment":"Prod_francecentral_prod-s01-062-eur-francecentral", "migrationStage":"NotStarted", "server":"akswtt114000007"}}
{"logTime": "0517/011723", "correlationVector":"+Yh+wXg2L6Y0qKkxS9Xe9G.2","action":"ProcessGetUpdates", "result":"Done", "context":{"dataType":"Autofill Profiles", "deleted":"1", "process_failed_to_decrypt":"0", "process_pending_decryption":"0", "process_success":"2", "total":"2"}}
{"logTime": "0517/011723", "correlationVector":"+Yh+wXg2L6Y0qKkxS9Xe9G.3","action":"ProcessGetUpdates", "result":"Done", "context":{"dataType":"Autofill", "deleted":"0", "process_failed_to_decrypt":"0", "process_pending_decryption":"0", "process_success":"20", "total":"20"}}
{"logTime": "0517/011723", "correlationVector":"+Yh+wXg2L6Y0qKkxS9Xe9G.4","action":"ProcessGetUpdates", "result":"Done", "context":{"dataType":"Sessions", "deleted":"127", "process_failed_to_decrypt":"0", "process_pending_decryption":"0", "process_success":"165", "total":"165"}}
{"logTime": "0517/011723", "correlationVector":"+Yh+wXg2L6Y0qKkxS9Xe9G.5","action":"ProcessGetUpdates", "result":"Done", "context":{"dataType":"History Delete Directives", "deleted":"0", "process_failed_to_decrypt":"0", "process_pending_decryption":"0", "process_success":"1", "total":"1"}}
{"logTime": "0517/011723", "correlationVector":"+Yh+wXg2L6Y0qKkxS9Xe9G.6","action":"ProcessGetUpdates", "result":"Done", "context":{"dataType":"Saved Tab Group", "deleted":"5", "process_failed_to_decrypt":"0", "process_pending_decryption":"0", "process_success":"9", "total":"9"}}
{"logTime": "0517/011723", "correlationVector":"+Yh+wXg2L6Y0qKkxS9Xe9G.7","action":"ProcessGetUpdates", "result":"Done", "context":{"dataType":"Edge Hub App Usage", "deleted":"1", "process_failed_to_decrypt":"0", "process_pending_decryption":"0", "process_success":"7", "total":"7"}}
{"logTime": "0517/011723", "correlationVector":"+Yh+wXg2L6Y0qKkxS9Xe9G.8","action":"GetUpdates Response", "result":"Success", "context":Received 204 update(s). cV=+Yh+wXg2L6Y0qKkxS9Xe9G.0;server=akswtt114000007;cloudType=Consumer;environment=Prod_francecentral_prod-s01-062-eur-francecentral;migrationStage=NotStarted}
{"logTime": "0517/011725", "correlationVector":"gWjEplGy2rgH/CkzdbzSCI","action":"Initial GetUpdates", "result":"", "context":Reason: NEWLY_SUPPORTED_DATATYPE. cV=gWjEplGy2rgH/CkzdbzSCI}
{"logTime": "0517/011725", "correlationVector":"gWjEplGy2rgH/CkzdbzSCI.1","action":"SyncServerConnectionManagerRequest", "result":"SYNC_SERVER_OK", "context":{"environment":"Prod_francecentral_prod-s01-062-eur-francecentral", "migrationStage":"NotStarted", "server":"akswtt114000006"}}
{"logTime": "0517/011725", "correlationVector":"gWjEplGy2rgH/CkzdbzSCI.2","action":"ProcessGetUpdates", "result":"Done", "context":{"dataType":"History", "deleted":"0", "process_failed_to_decrypt":"0", "process_pending_decryption":"0", "process_success":"250", "total":"250"}}
{"logTime": "0517/011725", "correlationVector":"gWjEplGy2rgH/CkzdbzSCI.3","action":"GetUpdates Response", "result":"Success", "context":Received 250 update(s). cV=gWjEplGy2rgH/CkzdbzSCI.0;server=akswtt114000006;cloudType=Consumer;environment=Prod_francecentral_prod-s01-062-eur-francecentral;migrationStage=NotStarted Some updates remain.}
{"logTime": "0517/011725", "correlationVector":"RgNUg5JJGSkt7JKr18IrP6","action":"Initial GetUpdates", "result":"", "context":Reason: NEWLY_SUPPORTED_DATATYPE. cV=RgNUg5JJGSkt7JKr18IrP6}
{"logTime": "0517/011727", "correlationVector":"RgNUg5JJGSkt7JKr18IrP6.1","action":"SyncServerConnectionManagerRequest", "result":"SYNC_SERVER_OK", "context":{"environment":"Prod_francecentral_prod-s01-062-eur-francecentral", "migrationStage":"NotStarted", "server":"akswtt114000010"}}
{"logTime": "0517/011727", "correlationVector":"RgNUg5JJGSkt7JKr18IrP6.2","action":"ProcessGetUpdates", "result":"Done", "context":{"dataType":"History", "deleted":"0", "process_failed_to_decrypt":"0", "process_pending_decryption":"0", "process_success":"250", "total":"250"}}
{"logTime": "0517/011727", "correlationVector":"RgNUg5JJGSkt7JKr18IrP6.3","action":"GetUpdates Response", "result":"Success", "context":Received 250 update(s). cV=RgNUg5JJGSkt7JKr18IrP6.0;server=akswtt114000010;cloudType=Consumer;environment=Prod_francecentral_prod-s01-062-eur-francecentral;migrationStage=NotStarted Some updates remain.}
{"logTime": "0517/011727", "correlationVector":"4IH3RNAMzpPLzjgDRLcdnJ","action":"Initial GetUpdates", "result":"", "context":Reason: NEWLY_SUPPORTED_DATATYPE. cV=4IH3RNAMzpPLzjgDRLcdnJ}
{"logTime": "0517/011727", "correlationVector":"4IH3RNAMzpPLzjgDRLcdnJ.1","action":"SyncServerConnectionManagerRequest", "result":"SYNC_SERVER_OK", "context":{"environment":"Prod_francecentral_prod-s01-062-eur-francecentral", "migrationStage":"NotStarted", "server":"akswtt11400000k"}}
{"logTime": "0517/011727", "correlationVector":"4IH3RNAMzpPLzjgDRLcdnJ.2","action":"ProcessGetUpdates", "result":"Done", "context":{"dataType":"History", "deleted":"0", "process_failed_to_decrypt":"0", "process_pending_decryption":"0", "process_success":"250", "total":"250"}}
{"logTime": "0517/011727", "correlationVector":"4IH3RNAMzpPLzjgDRLcdnJ.3","action":"GetUpdates Response", "result":"Success", "context":Received 250 update(s). cV=4IH3RNAMzpPLzjgDRLcdnJ.0;server=akswtt11400000k;cloudType=Consumer;environment=Prod_francecentral_prod-s01-062-eur-francecentral;migrationStage=NotStarted Some updates remain.}
{"logTime": "0517/011727", "correlationVector":"JRcDQaJjkgUd42MeP/7tXA","action":"Initial GetUpdates", "result":"", "context":Reason: NEWLY_SUPPORTED_DATATYPE. cV=JRcDQaJjkgUd42MeP/7tXA}
{"logTime": "0517/011729", "correlationVector":"JRcDQaJjkgUd42MeP/7tXA.1","action":"SyncServerConnectionManagerRequest", "result":"SYNC_SERVER_OK", "context":{"environment":"Prod_francecentral_prod-s01-062-eur-francecentral", "migrationStage":"NotStarted", "server":"akswtt114000007"}}
{"logTime": "0517/011729", "correlationVector":"JRcDQaJjkgUd42MeP/7tXA.2","action":"ProcessGetUpdates", "result":"Done", "context":{"dataType":"History", "deleted":"0", "process_failed_to_decrypt":"0", "process_pending_decryption":"0", "process_success":"250", "total":"250"}}
{"logTime": "0517/011729", "correlationVector":"JRcDQaJjkgUd42MeP/7tXA.3","action":"GetUpdates Response", "result":"Success", "context":Received 250 update(s). cV=JRcDQaJjkgUd42MeP/7tXA.0;server=akswtt114000007;cloudType=Consumer;environment=Prod_francecentral_prod-s01-062-eur-francecentral;migrationStage=NotStarted Some updates remain.}
{"logTime": "0517/011729", "correlationVector":"AOwZWoYsUaCgNIHydf4+AN","action":"Initial GetUpdates", "result":"", "context":Reason: NEWLY_SUPPORTED_DATATYPE. cV=AOwZWoYsUaCgNIHydf4+AN}
{"logTime": "0517/011730", "correlationVector":"AOwZWoYsUaCgNIHydf4+AN.1","action":"SyncServerConnectionManagerRequest", "result":"SYNC_SERVER_OK", "context":{"environment":"Prod_francecentral_prod-s01-062-eur-francecentral", "migrationStage":"NotStarted", "server":"akswtt11400000k"}}
{"logTime": "0517/011730", "correlationVector":"AOwZWoYsUaCgNIHydf4+AN.2","action":"ProcessGetUpdates", "result":"Done", "context":{"dataType":"History", "deleted":"0", "process_failed_to_decrypt":"0", "process_pending_decryption":"0", "process_success":"250", "total":"250"}}
{"logTime": "0517/011730", "correlationVector":"AOwZWoYsUaCgNIHydf4+AN.3","action":"GetUpdates Response", "result":"Success", "context":Received 250 update(s). cV=AOwZWoYsUaCgNIHydf4+AN.0;server=akswtt11400000k;cloudType=Consumer;environment=Prod_francecentral_prod-s01-062-eur-francecentral;migrationStage=NotStarted Some updates remain.}
{"logTime": "0517/011730", "correlationVector":"s/OtPgHQLtzJiWy8Q9Qyba","action":"Initial GetUpdates", "result":"", "context":Reason: NEWLY_SUPPORTED_DATATYPE. cV=s/OtPgHQLtzJiWy8Q9Qyba}
{"logTime": "0517/011730", "correlationVector":"s/OtPgHQLtzJiWy8Q9Qyba.1","action":"SyncServerConnectionManagerRequest", "result":"SYNC_SERVER_OK", "context":{"environment":"Prod_francecentral_prod-s01-062-eur-francecentral", "migrationStage":"NotStarted", "server":"akswtt11400000n"}}
{"logTime": "0517/011730", "correlationVector":"s/OtPgHQLtzJiWy8Q9Qyba.2","action":"ProcessGetUpdates", "result":"Done", "context":{"dataType":"History", "deleted":"0", "process_failed_to_decrypt":"0", "process_pending_decryption":"0", "process_success":"250", "total":"250"}}
{"logTime": "0517/011730", "correlationVector":"s/OtPgHQLtzJiWy8Q9Qyba.3","action":"GetUpdates Response", "result":"Success", "context":Received 250 update(s). cV=s/OtPgHQLtzJiWy8Q9Qyba.0;server=akswtt11400000n;cloudType=Consumer;environment=Prod_francecentral_prod-s01-062-eur-francecentral;migrationStage=NotStarted Some updates remain.}
{"logTime": "0517/011730", "correlationVector":"6ZyS0oH3CbsqHuFmCUocl+","action":"Initial GetUpdates", "result":"", "context":Reason: NEWLY_SUPPORTED_DATATYPE. cV=6ZyS0oH3CbsqHuFmCUocl+}
{"logTime": "0517/011731", "correlationVector":"6ZyS0oH3CbsqHuFmCUocl+.1","action":"SyncServerConnectionManagerRequest", "result":"SYNC_SERVER_OK", "context":{"environment":"Prod_francecentral_prod-s01-062-eur-francecentral", "migrationStage":"NotStarted", "server":"akswtt11400000t"}}
{"logTime": "0517/011731", "correlationVector":"6ZyS0oH3CbsqHuFmCUocl+.2","action":"ProcessGetUpdates", "result":"Done", "context":{"dataType":"History", "deleted":"0", "process_failed_to_decrypt":"0", "process_pending_decryption":"0", "process_success":"250", "total":"250"}}
{"logTime": "0517/011731", "correlationVector":"6ZyS0oH3CbsqHuFmCUocl+.3","action":"GetUpdates Response", "result":"Success", "context":Received 250 update(s). cV=6ZyS0oH3CbsqHuFmCUocl+.0;server=akswtt11400000t;cloudType=Consumer;environment=Prod_francecentral_prod-s01-062-eur-francecentral;migrationStage=NotStarted Some updates remain.}
{"logTime": "0517/011731", "correlationVector":"zzlVE4RGv/nJ9Q4XV6FO2U","action":"Initial GetUpdates", "result":"", "context":Reason: NEWLY_SUPPORTED_DATATYPE. cV=zzlVE4RGv/nJ9Q4XV6FO2U}
{"logTime": "0517/011732", "correlationVector":"zzlVE4RGv/nJ9Q4XV6FO2U.1","action":"SyncServerConnectionManagerRequest", "result":"SYNC_SERVER_OK", "context":{"environment":"Prod_francecentral_prod-s01-062-eur-francecentral", "migrationStage":"NotStarted", "server":"akswtt114000007"}}
{"logTime": "0517/011732", "correlationVector":"zzlVE4RGv/nJ9Q4XV6FO2U.2","action":"ProcessGetUpdates", "result":"Done", "context":{"dataType":"History", "deleted":"0", "process_failed_to_decrypt":"0", "process_pending_decryption":"0", "process_success":"250", "total":"250"}}
{"logTime": "0517/011732", "correlationVector":"zzlVE4RGv/nJ9Q4XV6FO2U.3","action":"GetUpdates Response", "result":"Success", "context":Received 250 update(s). cV=zzlVE4RGv/nJ9Q4XV6FO2U.0;server=akswtt114000007;cloudType=Consumer;environment=Prod_francecentral_prod-s01-062-eur-francecentral;migrationStage=NotStarted Some updates remain.}
{"logTime": "0517/011732", "correlationVector":"KYe3w2nCFojQZayb3bMTDH","action":"Initial GetUpdates", "result":"", "context":Reason: NEWLY_SUPPORTED_DATATYPE. cV=KYe3w2nCFojQZayb3bMTDH}
{"logTime": "0517/011733", "correlationVector":"KYe3w2nCFojQZayb3bMTDH.1","action":"SyncServerConnectionManagerRequest", "result":"SYNC_SERVER_OK", "context":{"environment":"Prod_francecentral_prod-s01-062-eur-francecentral", "migrationStage":"NotStarted", "server":"akswtt11400000n"}}
{"logTime": "0517/011733", "correlationVector":"KYe3w2nCFojQZayb3bMTDH.2","action":"ProcessGetUpdates", "result":"Done", "context":{"dataType":"History", "deleted":"0", "process_failed_to_decrypt":"0", "process_pending_decryption":"0", "process_success":"250", "total":"250"}}
{"logTime": "0517/011733", "correlationVector":"KYe3w2nCFojQZayb3bMTDH.3","action":"GetUpdates Response", "result":"Success", "context":Received 250 update(s). cV=KYe3w2nCFojQZayb3bMTDH.0;server=akswtt11400000n;cloudType=Consumer;environment=Prod_francecentral_prod-s01-062-eur-francecentral;migrationStage=NotStarted Some updates remain.}
{"logTime": "0517/011733", "correlationVector":"QsxtFuUPaUiOAjXFFTF0WX","action":"Initial GetUpdates", "result":"", "context":Reason: NEWLY_SUPPORTED_DATATYPE. cV=QsxtFuUPaUiOAjXFFTF0WX}
{"logTime": "0517/011734", "correlationVector":"QsxtFuUPaUiOAjXFFTF0WX.1","action":"SyncServerConnectionManagerRequest", "result":"SYNC_SERVER_OK", "context":{"environment":"Prod_francecentral_prod-s01-062-eur-francecentral", "migrationStage":"NotStarted", "server":"akswtt11400000k"}}
{"logTime": "0517/011734", "correlationVector":"QsxtFuUPaUiOAjXFFTF0WX.2","action":"ProcessGetUpdates", "result":"Done", "context":{"dataType":"History", "deleted":"26", "process_failed_to_decrypt":"0", "process_pending_decryption":"0", "process_success":"250", "total":"250"}}
{"logTime": "0517/011734", "correlationVector":"QsxtFuUPaUiOAjXFFTF0WX.3","action":"GetUpdates Response", "result":"Success", "context":Received 250 update(s). cV=QsxtFuUPaUiOAjXFFTF0WX.0;server=akswtt11400000k;cloudType=Consumer;environment=Prod_francecentral_prod-s01-062-eur-francecentral;migrationStage=NotStarted Some updates remain.}
{"logTime": "0517/011734", "correlationVector":"Pc9yrbr+R7AP+i7kW+PdQH","action":"Initial GetUpdates", "result":"", "context":Reason: NEWLY_SUPPORTED_DATATYPE. cV=Pc9yrbr+R7AP+i7kW+PdQH}
{"logTime": "0517/011734", "correlationVector":"Pc9yrbr+R7AP+i7kW+PdQH.1","action":"SyncServerConnectionManagerRequest", "result":"SYNC_SERVER_OK", "context":{"environment":"Prod_francecentral_prod-s01-062-eur-francecentral", "migrationStage":"NotStarted", "server":"akswtt11400000t"}}
{"logTime": "0517/011734", "correlationVector":"Pc9yrbr+R7AP+i7kW+PdQH.2","action":"ProcessGetUpdates", "result":"Done", "context":{"dataType":"History", "deleted":"0", "process_failed_to_decrypt":"0", "process_pending_decryption":"0", "process_success":"250", "total":"250"}}
{"logTime": "0517/011734", "correlationVector":"Pc9yrbr+R7AP+i7kW+PdQH.3","action":"GetUpdates Response", "result":"Success", "context":Received 250 update(s). cV=Pc9yrbr+R7AP+i7kW+PdQH.0;server=akswtt11400000t;cloudType=Consumer;environment=Prod_francecentral_prod-s01-062-eur-francecentral;migrationStage=NotStarted Some updates remain.}
{"logTime": "0517/011734", "correlationVector":"6SlYgVI6VPMp9Z2iopaGqR","action":"Initial GetUpdates", "result":"", "context":Reason: NEWLY_SUPPORTED_DATATYPE. cV=6SlYgVI6VPMp9Z2iopaGqR}
{"logTime": "0517/011735", "correlationVector":"6SlYgVI6VPMp9Z2iopaGqR.1","action":"SyncServerConnectionManagerRequest", "result":"SYNC_SERVER_OK", "context":{"environment":"Prod_francecentral_prod-s01-062-eur-francecentral", "migrationStage":"NotStarted", "server":"akswtt114000007"}}
{"logTime": "0517/011735", "correlationVector":"6SlYgVI6VPMp9Z2iopaGqR.2","action":"ProcessGetUpdates", "result":"Done", "context":{"dataType":"History", "deleted":"0", "process_failed_to_decrypt":"0", "process_pending_decryption":"0", "process_success":"250", "total":"250"}}
{"logTime": "0517/011735", "correlationVector":"6SlYgVI6VPMp9Z2iopaGqR.3","action":"GetUpdates Response", "result":"Success", "context":Received 250 update(s). cV=6SlYgVI6VPMp9Z2iopaGqR.0;server=akswtt114000007;cloudType=Consumer;environment=Prod_francecentral_prod-s01-062-eur-francecentral;migrationStage=NotStarted Some updates remain.}
{"logTime": "0517/011735", "correlationVector":"axSpr0jweiuC+zdEklUE03","action":"Initial GetUpdates", "result":"", "context":Reason: NEWLY_SUPPORTED_DATATYPE. cV=axSpr0jweiuC+zdEklUE03}
{"logTime": "0517/011736", "correlationVector":"axSpr0jweiuC+zdEklUE03.1","action":"SyncServerConnectionManagerRequest", "result":"SYNC_SERVER_OK", "context":{"environment":"Prod_francecentral_prod-s01-062-eur-francecentral", "migrationStage":"NotStarted", "server":"akswtt114000010"}}
{"logTime": "0517/011736", "correlationVector":"axSpr0jweiuC+zdEklUE03.2","action":"ProcessGetUpdates", "result":"Done", "context":{"dataType":"History", "deleted":"0", "process_failed_to_decrypt":"0", "process_pending_decryption":"0", "process_success":"245", "total":"245"}}
{"logTime": "0517/011736", "correlationVector":"axSpr0jweiuC+zdEklUE03.3","action":"GetUpdates Response", "result":"Success", "context":Received 245 update(s). cV=axSpr0jweiuC+zdEklUE03.0;server=akswtt114000010;cloudType=Consumer;environment=Prod_francecentral_prod-s01-062-eur-francecentral;migrationStage=NotStarted}
{"logTime": "0517/011736", "correlationVector":"2YH31gOZ0NWVZvpuYEO97H","action":"Normal GetUpdate request", "result":"", "context":cV=2YH31gOZ0NWVZvpuYEO97H
Nudged types: Sessions, Device Info
Refresh requested types: Bookmarks, Preferences, Passwords, Autofill Profiles, Autofill, Extensions, Sessions, Extension settings, History Delete Directives, Device Info, User Consents, Send Tab To Self, Web Apps, History, Saved Tab Group, WebAuthn Credentials, Collection, Edge E Drop, Edge Hub App Usage, Edge Wallet, Edge Workspace, Encryption Keys}
{"logTime": "0517/011736", "correlationVector":"2YH31gOZ0NWVZvpuYEO97H.1","action":"SyncServerConnectionManagerRequest", "result":"SYNC_SERVER_OK", "context":{"environment":"Prod_francecentral_prod-s01-062-eur-francecentral", "migrationStage":"NotStarted", "server":"akswtt11400000n"}}
{"logTime": "0517/011736", "correlationVector":"2YH31gOZ0NWVZvpuYEO97H.2","action":"GetUpdates Response", "result":"Success", "context":Received 0 update(s). cV=2YH31gOZ0NWVZvpuYEO97H.0;server=akswtt11400000n;cloudType=Consumer;environment=Prod_francecentral_prod-s01-062-eur-francecentral;migrationStage=NotStarted}
{"logTime": "0517/011737", "correlationVector":"lK0S7fGv+qYaypFwOkEOS5","action":"Commit Request", "result":"", "context":Item count: 3
Contributing types: Sessions, Device Info}
{"logTime": "0517/011737", "correlationVector":"lK0S7fGv+qYaypFwOkEOS5.1","action":"SyncServerConnectionManagerRequest", "result":"SYNC_SERVER_OK", "context":{"environment":"Prod_francecentral_prod-s01-062-eur-francecentral", "migrationStage":"NotStarted", "server":"akswtt11400000k"}}
{"logTime": "0517/011737", "correlationVector":"lK0S7fGv+qYaypFwOkEOS5.2","action":"Commit Response", "result":"Success", "context":Result: Success. cV=lK0S7fGv+qYaypFwOkEOS5.0;server=akswtt11400000k;cloudType=Consumer;environment=Prod_francecentral_prod-s01-062-eur-francecentral;migrationStage=NotStarted}
{"logTime": "0517/011743", "correlationVector":"/F/pt0hCh9z4anBWp/Yr4+","action":"Commit Request", "result":"", "context":Item count: 19
Contributing types: Preferences, Passwords}
{"logTime": "0517/011745", "correlationVector":"/F/pt0hCh9z4anBWp/Yr4+.1","action":"SyncServerConnectionManagerRequest", "result":"SYNC_SERVER_OK", "context":{"environment":"Prod_francecentral_prod-s01-062-eur-francecentral", "migrationStage":"NotStarted", "server":"akswtt11400000n"}}
{"logTime": "0517/011745", "correlationVector":"/F/pt0hCh9z4anBWp/Yr4+.2","action":"Commit Response", "result":"Success", "context":Result: Success. cV=/F/pt0hCh9z4anBWp/Yr4+.0;server=akswtt11400000n;cloudType=Consumer;environment=Prod_francecentral_prod-s01-062-eur-francecentral;migrationStage=NotStarted}
{"logTime": "0517/011801", "correlationVector":"lGA2BUeXdJMg7f63uu0oN7","action":"Commit Request", "result":"", "context":Item count: 4
Contributing types: Preferences, Autofill Profiles, Sessions, History}
{"logTime": "0517/011802", "correlationVector":"lGA2BUeXdJMg7f63uu0oN7.1","action":"SyncServerConnectionManagerRequest", "result":"SYNC_SERVER_OK", "context":{"environment":"Prod_francecentral_prod-s01-062-eur-francecentral", "migrationStage":"NotStarted", "server":"akswtt11400000t"}}
{"logTime": "0517/011802", "correlationVector":"lGA2BUeXdJMg7f63uu0oN7.2","action":"Commit Response", "result":"Success", "context":Result: Success. cV=lGA2BUeXdJMg7f63uu0oN7.0;server=akswtt11400000t;cloudType=Consumer;environment=Prod_francecentral_prod-s01-062-eur-francecentral;migrationStage=NotStarted}
{"logTime": "0517/011804", "correlationVector":"mqnZUwvyi4/JKEe7/mBbUx","action":"Commit Request", "result":"", "context":Item count: 1
Contributing types: Preferences}
{"logTime": "0517/011804", "correlationVector":"mqnZUwvyi4/JKEe7/mBbUx.1","action":"SyncServerConnectionManagerRequest", "result":"SYNC_SERVER_OK", "context":{"environment":"Prod_francecentral_prod-s01-062-eur-francecentral", "migrationStage":"NotStarted", "server":"akswtt114000007"}}
{"logTime": "0517/011804", "correlationVector":"mqnZUwvyi4/JKEe7/mBbUx.3","action":"Commit.Preferences", "result":"Success", "context":{"id":"e5e2d122-efcb-4cba-99cb-7d9806119325", "isDeleted":"true", "size":"0", "version":"1778980681541"}}
{"logTime": "0517/011804", "correlationVector":"mqnZUwvyi4/JKEe7/mBbUx.2","action":"Commit Response", "result":"Success", "context":Result: Success. cV=mqnZUwvyi4/JKEe7/mBbUx.0;server=akswtt114000007;cloudType=Consumer;environment=Prod_francecentral_prod-s01-062-eur-francecentral;migrationStage=NotStarted}
{"logTime": "0517/012014", "correlationVector":"WmEk9Nrg5Wzo6Jdi6lSPWN","action":"Normal GetUpdate request", "result":"", "context":cV=WmEk9Nrg5Wzo6Jdi6lSPWN
Notified types: History}
{"logTime": "0517/012015", "correlationVector":"WmEk9Nrg5Wzo6Jdi6lSPWN.1","action":"SyncServerConnectionManagerRequest", "result":"SYNC_SERVER_OK", "context":{"environment":"Prod_francecentral_prod-s01-062-eur-francecentral", "migrationStage":"NotStarted", "server":"akswtt11400000d"}}
{"logTime": "0517/012015", "correlationVector":"WmEk9Nrg5Wzo6Jdi6lSPWN.2","action":"ProcessGetUpdates", "result":"Done", "context":{"dataType":"Preferences", "deleted":"1", "process_failed_to_decrypt":"0", "process_pending_decryption":"0", "process_success":"2", "total":"2"}}
{"logTime": "0517/012015", "correlationVector":"WmEk9Nrg5Wzo6Jdi6lSPWN.3","action":"ProcessGetUpdates", "result":"Done", "context":{"dataType":"Passwords", "deleted":"0", "process_failed_to_decrypt":"0", "process_pending_decryption":"0", "process_success":"18", "total":"18"}}
{"logTime": "0517/012015", "correlationVector":"WmEk9Nrg5Wzo6Jdi6lSPWN.4","action":"ProcessGetUpdates", "result":"Done", "context":{"dataType":"Autofill Profiles", "deleted":"0", "process_failed_to_decrypt":"0", "process_pending_decryption":"0", "process_success":"1", "total":"1"}}
{"logTime": "0517/012015", "correlationVector":"WmEk9Nrg5Wzo6Jdi6lSPWN.5","action":"ProcessGetUpdates", "result":"Done", "context":{"dataType":"Sessions", "deleted":"0", "process_failed_to_decrypt":"0", "process_pending_decryption":"0", "process_success":"5", "total":"5"}}
{"logTime": "0517/012015", "correlationVector":"WmEk9Nrg5Wzo6Jdi6lSPWN.6","action":"ProcessGetUpdates", "result":"Done", "context":{"dataType":"Device Info", "deleted":"0", "process_failed_to_decrypt":"0", "process_pending_decryption":"0", "process_success":"1", "total":"1"}}
{"logTime": "0517/012015", "correlationVector":"WmEk9Nrg5Wzo6Jdi6lSPWN.7","action":"ProcessGetUpdates", "result":"Done", "context":{"dataType":"History", "deleted":"0", "process_failed_to_decrypt":"0", "process_pending_decryption":"0", "process_success":"5", "total":"5"}}
{"logTime": "0517/012015", "correlationVector":"WmEk9Nrg5Wzo6Jdi6lSPWN.8","action":"GetUpdates Response", "result":"Success", "context":Received 32 update(s). cV=WmEk9Nrg5Wzo6Jdi6lSPWN.0;server=akswtt11400000d;cloudType=Consumer;environment=Prod_francecentral_prod-s01-062-eur-francecentral;migrationStage=NotStarted}
{"logTime": "0517/012253", "correlationVector":"Vef9m986zlfqmuM5PWjfx+.1","action":"SyncServerConnectionManagerRequest", "result":"SYNC_SERVER_OK", "context":{"environment":"Prod_francecentral_prod-s01-062-eur-francecentral", "migrationStage":"NotStarted", "server":"akswtt11400000o"}}
{"logTime": "0517/012253", "correlationVector":"Vef9m986zlfqmuM5PWjfx+.2","action":"ProcessGetUpdates", "result":"Done", "context":{"dataType":"Encryption Keys", "deleted":"0", "process_failed_to_decrypt":"0", "process_pending_decryption":"0", "process_success":"1", "total":"1"}}
{"logTime": "0517/012257", "correlationVector":"ewyZo+oMnrci76w5ev7sug","action":"SyncServerConnectionManagerRequest", "result":"SYNC_SERVER_OK", "context":{"environment":"", "migrationStage":"", "server":""}}
{"logTime": "0517/012257", "correlationVector":"ewyZo+oMnrci76w5ev7sug.0","action":"EncryptionKeysFetcher.DownloadKeys:", "result":"Success", "context":Key count: 10, Last key timestamp: 2026-01-23T17:05:26Z}
{"logTime": "0517/012257", "correlationVector":"ewyZo+oMnrci76w5ev7sug.1","action":"EncryptionKeysManager::SetEncryptionKeys:", "result":"Success", "context":Key names[10]:[BAtiuBps0we0DmpPWaX9tjhQNSEOfD2x3NkCIaZH0pZwMPSadIdejk55VX8vJ0xcLw/aOV12CyYbO0wUSGXzLg==][OYiCvZ/taZErBE08EsO4jJj6uSMqtySfXeJ6p1n+8jtykovp72hFCQPl3+15/sXzJZMSG1ttuJccT2nF56hD5Q==][GOUOhBAk1uSOfpZVPN4dTyfe3qNbF7rH5Ph8WeP1R1ge98QAina6C86JnlAmq5TJXbOpS+InlsNJA0Spx7N5jQ==][PdX6lkSIfPA6tfR5LTyzCkE8Wx4/O9SbNP+h0ncRZkkgguCv3yqzz8X9pM1Vc1xoejh3MmthOpE5lDtCMLnvgw==][jICeU8PSt8qi3ThycGhvE8R6LDjLUZsg+f2J8YI0o4/Zs4AO6M83fN4mdllz3JM3IAulxK6KkGcdRM//0u5OEA==][vnXtZLF7MbVLv31UbsOoaFggc4YdNe9fjSEcnwP76viB0ns2G4iBHGis2/UCTKs8JXs6QnKIQg7w11a/61fDCA==][ZyjFp0Cdjb3Nf7o/gs+6oDzo1AHq5RZLBY8ZJx8BaIjLRZc/dpYEMg5+Z9JZg8meIIF1+X2mccmITNYpYzaB7Q==][OQdsv1hI5p/HXWZLWJ0af/LpZTFgjhwwRTw3QGC5GunK6CqJwrFD1dwstUswHOqCHJhL2EhHldeGb9wvC2GclQ==][GWHxV442R9YJKi49UrQC0Y8MzJhIvpUwGSUL93dcp0O9dJXnRa+9PKe95wOX6sYxBt0rd+ZTsridLcRsZMRlpA==][v940Rk3rrt0fXrmDWLk9nHDUDPThsH9elkQ5oR91u/0t1k2cHqZLrsE35CRdNoSND5HHQZY4xVXTMmoVKg+L/g==]}
{"logTime": "0517/012257", "correlationVector":"ewyZo+oMnrci76w5ev7sug.2","action":"EncryptionKeysManager::SetEncryptionKeysWithTimestamps:", "result":"Success", "context":Key timestamps[10]:[2023-10-31T08:17:33Z][2023-11-11T08:55:41Z][2024-02-13T11:48:07Z][2024-04-09T08:19:43Z][2024-05-13T08:03:10Z][2024-07-22T18:08:39Z][2024-10-05T08:24:53Z][2025-01-27T07:38:10Z][2025-07-26T18:04:49Z][2026-01-23T17:05:26Z]}
{"logTime": "0517/012257", "correlationVector":"Vef9m986zlfqmuM5PWjfx+","action":"Initial GetUpdates", "result":"", "context":Reason: NEW_CLIENT. cV=Vef9m986zlfqmuM5PWjfx+}
{"logTime": "0517/012257", "correlationVector":"Vef9m986zlfqmuM5PWjfx+.3","action":"GetUpdates Response", "result":"Success", "context":Received 1 update(s). cV=Vef9m986zlfqmuM5PWjfx+.0;server=akswtt11400000o;cloudType=Consumer;environment=Prod_francecentral_prod-s01-062-eur-francecentral;migrationStage=NotStarted}
{"logTime": "0517/012257", "correlationVector":"acOAC3BMWvnYsO/YrnAUva","action":"Initial GetUpdates", "result":"", "context":Reason: NEWLY_SUPPORTED_DATATYPE. cV=acOAC3BMWvnYsO/YrnAUva}
{"logTime": "0517/012257", "correlationVector":"acOAC3BMWvnYsO/YrnAUva.1","action":"SyncServerConnectionManagerRequest", "result":"SYNC_SERVER_OK", "context":{"environment":"Prod_francecentral_prod-s01-062-eur-francecentral", "migrationStage":"NotStarted", "server":"akswtt11400000i"}}
{"logTime": "0517/012257", "correlationVector":"acOAC3BMWvnYsO/YrnAUva.2","action":"ProcessGetUpdates", "result":"Done", "context":{"dataType":"Passwords", "deleted":"3", "process_failed_to_decrypt":"0", "process_pending_decryption":"0", "process_success":"27", "total":"27"}}
{"logTime": "0517/012257", "correlationVector":"acOAC3BMWvnYsO/YrnAUva.3","action":"GetUpdates Response", "result":"Success", "context":Received 27 update(s). cV=acOAC3BMWvnYsO/YrnAUva.0;server=akswtt11400000i;cloudType=Consumer;environment=Prod_francecentral_prod-s01-062-eur-francecentral;migrationStage=NotStarted}
{"logTime": "0517/012258", "correlationVector":"kTGYFQYhzpPjxQOU6jlGQU","action":"Normal GetUpdate request", "result":"", "context":cV=kTGYFQYhzpPjxQOU6jlGQU
Nudged types: Sessions, History
Refresh requested types: Bookmarks, Preferences, Passwords, Autofill Profiles, Autofill, Extensions, Sessions, Extension settings, History Delete Directives, Device Info, User Consents, Send Tab To Self, Web Apps, History, Saved Tab Group, WebAuthn Credentials, Collection, Edge E Drop, Edge Hub App Usage, Edge Wallet, Edge Workspace, Encryption Keys}
{"logTime": "0517/012259", "correlationVector":"kTGYFQYhzpPjxQOU6jlGQU.1","action":"SyncServerConnectionManagerRequest", "result":"SYNC_SERVER_OK", "context":{"environment":"Prod_francecentral_prod-s01-062-eur-francecentral", "migrationStage":"NotStarted", "server":"akswtt114000007"}}
{"logTime": "0517/012259", "correlationVector":"kTGYFQYhzpPjxQOU6jlGQU.2","action":"ProcessGetUpdates", "result":"Done", "context":{"dataType":"Sessions", "deleted":"0", "process_failed_to_decrypt":"0", "process_pending_decryption":"0", "process_success":"1", "total":"1"}}
{"logTime": "0517/012259", "correlationVector":"kTGYFQYhzpPjxQOU6jlGQU.3","action":"ProcessGetUpdates", "result":"Done", "context":{"dataType":"History", "deleted":"0", "process_failed_to_decrypt":"0", "process_pending_decryption":"0", "process_success":"2", "total":"2"}}
{"logTime": "0517/012259", "correlationVector":"kTGYFQYhzpPjxQOU6jlGQU.4","action":"GetUpdates Response", "result":"Success", "context":Received 3 update(s). cV=kTGYFQYhzpPjxQOU6jlGQU.0;server=akswtt114000007;cloudType=Consumer;environment=Prod_francecentral_prod-s01-062-eur-francecentral;migrationStage=NotStarted}
{"logTime": "0517/012328", "correlationVector":"dr216f4R8XSlhpwSWlyFvA","action":"Commit Request", "result":"", "context":Item count: 3
Contributing types: Sessions, History}
{"logTime": "0517/012329", "correlationVector":"dr216f4R8XSlhpwSWlyFvA.1","action":"SyncServerConnectionManagerRequest", "result":"SYNC_SERVER_OK", "context":{"environment":"Prod_francecentral_prod-s01-062-eur-francecentral", "migrationStage":"NotStarted", "server":"akswtt11400000j"}}
{"logTime": "0517/012329", "correlationVector":"dr216f4R8XSlhpwSWlyFvA.2","action":"Commit Response", "result":"Success", "context":Result: Success. cV=dr216f4R8XSlhpwSWlyFvA.0;server=akswtt11400000j;cloudType=Consumer;environment=Prod_francecentral_prod-s01-062-eur-francecentral;migrationStage=NotStarted}
{"logTime": "0517/012335", "correlationVector":"XsX2b/cj1LsfIpsvLcq9Vf","action":"Commit Request", "result":"", "context":Item count: 19
Contributing types: Preferences, Passwords}
{"logTime": "0517/012336", "correlationVector":"XsX2b/cj1LsfIpsvLcq9Vf.1","action":"SyncServerConnectionManagerRequest", "result":"SYNC_SERVER_OK", "context":{"environment":"Prod_francecentral_prod-s01-062-eur-francecentral", "migrationStage":"NotStarted", "server":"akswtt11400000o"}}
{"logTime": "0517/012336", "correlationVector":"XsX2b/cj1LsfIpsvLcq9Vf.2","action":"Commit Response", "result":"Success", "context":Result: Success. cV=XsX2b/cj1LsfIpsvLcq9Vf.0;server=akswtt11400000o;cloudType=Consumer;environment=Prod_francecentral_prod-s01-062-eur-francecentral;migrationStage=NotStarted}
{"logTime": "0517/012445", "correlationVector":"E2vEumd4v2FTpARTGa1Eov","action":"Commit Request", "result":"", "context":Item count: 3
Contributing types: Autofill Profiles, Sessions, History}
{"logTime": "0517/012446", "correlationVector":"E2vEumd4v2FTpARTGa1Eov.1","action":"SyncServerConnectionManagerRequest", "result":"SYNC_SERVER_OK", "context":{"environment":"Prod_francecentral_prod-s01-062-eur-francecentral", "migrationStage":"NotStarted", "server":"akswtt114000007"}}
{"logTime": "0517/012446", "correlationVector":"E2vEumd4v2FTpARTGa1Eov.2","action":"Commit Response", "result":"Success", "context":Result: Success. cV=E2vEumd4v2FTpARTGa1Eov.0;server=akswtt114000007;cloudType=Consumer;environment=Prod_francecentral_prod-s01-062-eur-francecentral;migrationStage=NotStarted}
{"logTime": "0517/012704", "correlationVector":"OXXlRvahzJXEI8zYYCB97Q.1","action":"SyncServerConnectionManagerRequest", "result":"SYNC_SERVER_OK", "context":{"environment":"Prod_francecentral_prod-s01-062-eur-francecentral", "migrationStage":"NotStarted", "server":"akswtt114000002"}}
{"logTime": "0517/012704", "correlationVector":"OXXlRvahzJXEI8zYYCB97Q.2","action":"ProcessGetUpdates", "result":"Done", "context":{"dataType":"Encryption Keys", "deleted":"0", "process_failed_to_decrypt":"0", "process_pending_decryption":"0", "process_success":"1", "total":"1"}}
{"logTime": "0517/012708", "correlationVector":"www7tXh/llLbkMOS1kDOyi","action":"SyncServerConnectionManagerRequest", "result":"SYNC_SERVER_ERROR", "context":{"environment":"", "error_type":"http_status_code", "error_value":"400", "migrationStage":"", "server":""}}
{"logTime": "0517/012708", "correlationVector":"OXXlRvahzJXEI8zYYCB97Q","action":"Initial GetUpdates", "result":"", "context":Reason: NEW_CLIENT. cV=OXXlRvahzJXEI8zYYCB97Q}
{"logTime": "0517/012708", "correlationVector":"OXXlRvahzJXEI8zYYCB97Q.3","action":"GetUpdates Response", "result":"Success", "context":Received 1 update(s). cV=OXXlRvahzJXEI8zYYCB97Q.0;server=akswtt114000002;cloudType=Consumer;environment=Prod_francecentral_prod-s01-062-eur-francecentral;migrationStage=NotStarted}
{"logTime": "0517/012715", "correlationVector":"P+fvRkLzM5Ew+jtzwpcDyp","action":"Initial GetUpdates", "result":"", "context":Reason: NEWLY_SUPPORTED_DATATYPE. cV=P+fvRkLzM5Ew+jtzwpcDyp}
{"logTime": "0517/012716", "correlationVector":"P+fvRkLzM5Ew+jtzwpcDyp.1","action":"SyncServerConnectionManagerRequest", "result":"SYNC_SERVER_OK", "context":{"environment":"Prod_francecentral_prod-s01-062-eur-francecentral", "migrationStage":"NotStarted", "server":"akswtt114000004"}}
{"logTime": "0517/012716", "correlationVector":"P+fvRkLzM5Ew+jtzwpcDyp.2","action":"ProcessGetUpdates", "result":"Done", "context":{"dataType":"Preferences", "deleted":"4", "process_failed_to_decrypt":"0", "process_pending_decryption":"0", "process_success":"93", "total":"93"}}
{"logTime": "0517/012716", "correlationVector":"P+fvRkLzM5Ew+jtzwpcDyp.3","action":"ProcessGetUpdates", "result":"Done", "context":{"dataType":"Device Info", "deleted":"0", "process_failed_to_decrypt":"0", "process_pending_decryption":"0", "process_success":"15", "total":"15"}}
{"logTime": "0517/012716", "correlationVector":"P+fvRkLzM5Ew+jtzwpcDyp.4","action":"GetUpdates Response", "result":"Success", "context":Received 108 update(s). cV=P+fvRkLzM5Ew+jtzwpcDyp.0;server=akswtt114000004;cloudType=Consumer;environment=Prod_francecentral_prod-s01-062-eur-francecentral;migrationStage=NotStarted}
{"logTime": "0517/012719", "correlationVector":"hPTkIa9vWk0hdRQuSxJfrs","action":"SyncServerConnectionManagerRequest", "result":"SYNC_SERVER_ERROR", "context":{"environment":"", "error_type":"http_status_code", "error_value":"400", "migrationStage":"", "server":""}}
{"logTime": "0517/012719", "correlationVector":"x/HPaoNOmgWYsw2HQhkfOU","action":"Initial GetUpdates", "result":"", "context":Reason: NEWLY_SUPPORTED_DATATYPE. cV=x/HPaoNOmgWYsw2HQhkfOU}
{"logTime": "0517/012719", "correlationVector":"x/HPaoNOmgWYsw2HQhkfOU.1","action":"SyncServerConnectionManagerRequest", "result":"SYNC_SERVER_OK", "context":{"environment":"Prod_francecentral_prod-s01-062-eur-francecentral", "migrationStage":"NotStarted", "server":"akswtt114000004"}}
{"logTime": "0517/012719", "correlationVector":"x/HPaoNOmgWYsw2HQhkfOU.2","action":"ProcessGetUpdates", "result":"Done", "context":{"dataType":"Bookmarks", "deleted":"1", "process_failed_to_decrypt":"0", "process_pending_decryption":"0", "process_success":"13", "total":"13"}}
{"logTime": "0517/012719", "correlationVector":"x/HPaoNOmgWYsw2HQhkfOU.3","action":"GetUpdates Response", "result":"Success", "context":Received 13 update(s). cV=x/HPaoNOmgWYsw2HQhkfOU.0;server=akswtt114000004;cloudType=Consumer;environment=Prod_francecentral_prod-s01-062-eur-francecentral;migrationStage=NotStarted}
{"logTime": "0517/012720", "correlationVector":"oOKgnNmlJLTXDi3+cHKXo2","action":"SyncServerConnectionManagerRequest", "result":"SYNC_SERVER_ERROR", "context":{"environment":"", "error_type":"http_status_code", "error_value":"400", "migrationStage":"", "server":""}}
{"logTime": "0517/012720", "correlationVector":"3UNlkFq6pOFbVob4TvDcgJ","action":"Initial GetUpdates", "result":"", "context":Reason: NEWLY_SUPPORTED_DATATYPE. cV=3UNlkFq6pOFbVob4TvDcgJ}
{"logTime": "0517/012721", "correlationVector":"3UNlkFq6pOFbVob4TvDcgJ.1","action":"SyncServerConnectionManagerRequest", "result":"SYNC_SERVER_OK", "context":{"environment":"Prod_francecentral_prod-s01-062-eur-francecentral", "migrationStage":"NotStarted", "server":"akswtt114000006"}}
{"logTime": "0517/012721", "correlationVector":"3UNlkFq6pOFbVob4TvDcgJ.2","action":"ProcessGetUpdates", "result":"Done", "context":{"dataType":"Sessions", "deleted":"188", "process_failed_to_decrypt":"0", "process_pending_decryption":"0", "process_success":"213", "total":"213"}}
{"logTime": "0517/012721", "correlationVector":"3UNlkFq6pOFbVob4TvDcgJ.3","action":"ProcessGetUpdates", "result":"Done", "context":{"dataType":"History Delete Directives", "deleted":"0", "process_failed_to_decrypt":"0", "process_pending_decryption":"0", "process_success":"1", "total":"1"}}
{"logTime": "0517/012721", "correlationVector":"3UNlkFq6pOFbVob4TvDcgJ.4","action":"ProcessGetUpdates", "result":"Done", "context":{"dataType":"Saved Tab Group", "deleted":"10", "process_failed_to_decrypt":"0", "process_pending_decryption":"0", "process_success":"20", "total":"20"}}
{"logTime": "0517/012721", "correlationVector":"3UNlkFq6pOFbVob4TvDcgJ.5","action":"ProcessGetUpdates", "result":"Done", "context":{"dataType":"Edge Hub App Usage", "deleted":"4", "process_failed_to_decrypt":"0", "process_pending_decryption":"0", "process_success":"16", "total":"16"}}
{"logTime": "0517/012721", "correlationVector":"3UNlkFq6pOFbVob4TvDcgJ.6","action":"GetUpdates Response", "result":"Success", "context":Received 250 update(s). cV=3UNlkFq6pOFbVob4TvDcgJ.0;server=akswtt114000006;cloudType=Consumer;environment=Prod_francecentral_prod-s01-062-eur-francecentral;migrationStage=NotStarted Some updates remain.}
{"logTime": "0517/012721", "correlationVector":"getx4Z2jelaOsMpUfrdkE1","action":"Initial GetUpdates", "result":"", "context":Reason: NEWLY_SUPPORTED_DATATYPE. cV=getx4Z2jelaOsMpUfrdkE1}
{"logTime": "0517/012721", "correlationVector":"getx4Z2jelaOsMpUfrdkE1.1","action":"SyncServerConnectionManagerRequest", "result":"SYNC_SERVER_OK", "context":{"environment":"Prod_francecentral_prod-s01-062-eur-francecentral", "migrationStage":"NotStarted", "server":"akswtt114000004"}}
{"logTime": "0517/012721", "correlationVector":"getx4Z2jelaOsMpUfrdkE1.2","action":"ProcessGetUpdates", "result":"Done", "context":{"dataType":"Sessions", "deleted":"12", "process_failed_to_decrypt":"0", "process_pending_decryption":"0", "process_success":"25", "total":"25"}}
{"logTime": "0517/012721", "correlationVector":"getx4Z2jelaOsMpUfrdkE1.3","action":"ProcessGetUpdates", "result":"Done", "context":{"dataType":"Edge Hub App Usage", "deleted":"0", "process_failed_to_decrypt":"0", "process_pending_decryption":"0", "process_success":"2", "total":"2"}}
{"logTime": "0517/012721", "correlationVector":"getx4Z2jelaOsMpUfrdkE1.4","action":"GetUpdates Response", "result":"Success", "context":Received 27 update(s). cV=getx4Z2jelaOsMpUfrdkE1.0;server=akswtt114000004;cloudType=Consumer;environment=Prod_francecentral_prod-s01-062-eur-francecentral;migrationStage=NotStarted}
{"logTime": "0517/012723", "correlationVector":"0+jVArebu05UfxqovNtgWv","action":"SyncServerConnectionManagerRequest", "result":"SYNC_SERVER_ERROR", "context":{"environment":"", "error_type":"http_status_code", "error_value":"400", "migrationStage":"", "server":""}}
{"logTime": "0517/012723", "correlationVector":"Utvgpe3cs7urO5BnSoQfgd","action":"Initial GetUpdates", "result":"", "context":Reason: NEWLY_SUPPORTED_DATATYPE. cV=Utvgpe3cs7urO5BnSoQfgd}
{"logTime": "0517/012724", "correlationVector":"Utvgpe3cs7urO5BnSoQfgd.1","action":"SyncServerConnectionManagerRequest", "result":"SYNC_SERVER_OK", "context":{"environment":"Prod_francecentral_prod-s01-062-eur-francecentral", "migrationStage":"NotStarted", "server":"akswtt114000006"}}
{"logTime": "0517/012724", "correlationVector":"Utvgpe3cs7urO5BnSoQfgd.2","action":"ProcessGetUpdates", "result":"Done", "context":{"dataType":"History", "deleted":"0", "process_failed_to_decrypt":"0", "process_pending_decryption":"0", "process_success":"250", "total":"250"}}
{"logTime": "0517/012724", "correlationVector":"Utvgpe3cs7urO5BnSoQfgd.3","action":"GetUpdates Response", "result":"Success", "context":Received 250 update(s). cV=Utvgpe3cs7urO5BnSoQfgd.0;server=akswtt114000006;cloudType=Consumer;environment=Prod_francecentral_prod-s01-062-eur-francecentral;migrationStage=NotStarted Some updates remain.}
{"logTime": "0517/012724", "correlationVector":"wUmA7dHC2CLw8jWQ01xyP8","action":"Initial GetUpdates", "result":"", "context":Reason: NEWLY_SUPPORTED_DATATYPE. cV=wUmA7dHC2CLw8jWQ01xyP8}
{"logTime": "0517/012725", "correlationVector":"wUmA7dHC2CLw8jWQ01xyP8.1","action":"SyncServerConnectionManagerRequest", "result":"SYNC_SERVER_OK", "context":{"environment":"Prod_francecentral_prod-s01-062-eur-francecentral", "migrationStage":"NotStarted", "server":"akswtt11400000i"}}
{"logTime": "0517/012725", "correlationVector":"wUmA7dHC2CLw8jWQ01xyP8.2","action":"ProcessGetUpdates", "result":"Done", "context":{"dataType":"History", "deleted":"0", "process_failed_to_decrypt":"0", "process_pending_decryption":"0", "process_success":"250", "total":"250"}}
{"logTime": "0517/012725", "correlationVector":"wUmA7dHC2CLw8jWQ01xyP8.3","action":"GetUpdates Response", "result":"Success", "context":Received 250 update(s). cV=wUmA7dHC2CLw8jWQ01xyP8.0;server=akswtt11400000i;cloudType=Consumer;environment=Prod_francecentral_prod-s01-062-eur-francecentral;migrationStage=NotStarted Some updates remain.}
{"logTime": "0517/012725", "correlationVector":"58k8I0jGSgcqVez1FYE4Ce","action":"Initial GetUpdates", "result":"", "context":Reason: NEWLY_SUPPORTED_DATATYPE. cV=58k8I0jGSgcqVez1FYE4Ce}
{"logTime": "0517/012726", "correlationVector":"58k8I0jGSgcqVez1FYE4Ce.1","action":"SyncServerConnectionManagerRequest", "result":"SYNC_SERVER_OK", "context":{"environment":"Prod_francecentral_prod-s01-062-eur-francecentral", "migrationStage":"NotStarted", "server":"akswtt114000004"}}
{"logTime": "0517/012726", "correlationVector":"58k8I0jGSgcqVez1FYE4Ce.2","action":"ProcessGetUpdates", "result":"Done", "context":{"dataType":"History", "deleted":"0", "process_failed_to_decrypt":"0", "process_pending_decryption":"0", "process_success":"250", "total":"250"}}
{"logTime": "0517/012726", "correlationVector":"58k8I0jGSgcqVez1FYE4Ce.3","action":"GetUpdates Response", "result":"Success", "context":Received 250 update(s). cV=58k8I0jGSgcqVez1FYE4Ce.0;server=akswtt114000004;cloudType=Consumer;environment=Prod_francecentral_prod-s01-062-eur-francecentral;migrationStage=NotStarted Some updates remain.}
{"logTime": "0517/012726", "correlationVector":"mbumRi1v62dDyyqsOLg/cK","action":"Initial GetUpdates", "result":"", "context":Reason: NEWLY_SUPPORTED_DATATYPE. cV=mbumRi1v62dDyyqsOLg/cK}
{"logTime": "0517/012727", "correlationVector":"mbumRi1v62dDyyqsOLg/cK.1","action":"SyncServerConnectionManagerRequest", "result":"SYNC_SERVER_OK", "context":{"environment":"Prod_francecentral_prod-s01-062-eur-francecentral", "migrationStage":"NotStarted", "server":"akswtt114000004"}}
{"logTime": "0517/012727", "correlationVector":"mbumRi1v62dDyyqsOLg/cK.2","action":"ProcessGetUpdates", "result":"Done", "context":{"dataType":"History", "deleted":"0", "process_failed_to_decrypt":"0", "process_pending_decryption":"0", "process_success":"250", "total":"250"}}
{"logTime": "0517/012727", "correlationVector":"mbumRi1v62dDyyqsOLg/cK.3","action":"GetUpdates Response", "result":"Success", "context":Received 250 update(s). cV=mbumRi1v62dDyyqsOLg/cK.0;server=akswtt114000004;cloudType=Consumer;environment=Prod_francecentral_prod-s01-062-eur-francecentral;migrationStage=NotStarted Some updates remain.}
{"logTime": "0517/012727", "correlationVector":"3GYo45IBunEmqjZcyiLHt2","action":"Initial GetUpdates", "result":"", "context":Reason: NEWLY_SUPPORTED_DATATYPE. cV=3GYo45IBunEmqjZcyiLHt2}
{"logTime": "0517/012728", "correlationVector":"3GYo45IBunEmqjZcyiLHt2.1","action":"SyncServerConnectionManagerRequest", "result":"SYNC_SERVER_OK", "context":{"environment":"Prod_francecentral_prod-s01-062-eur-francecentral", "migrationStage":"NotStarted", "server":"akswtt114000004"}}
{"logTime": "0517/012728", "correlationVector":"3GYo45IBunEmqjZcyiLHt2.2","action":"ProcessGetUpdates", "result":"Done", "context":{"dataType":"History", "deleted":"0", "process_failed_to_decrypt":"0", "process_pending_decryption":"0", "process_success":"250", "total":"250"}}
{"logTime": "0517/012728", "correlationVector":"3GYo45IBunEmqjZcyiLHt2.3","action":"GetUpdates Response", "result":"Success", "context":Received 250 update(s). cV=3GYo45IBunEmqjZcyiLHt2.0;server=akswtt114000004;cloudType=Consumer;environment=Prod_francecentral_prod-s01-062-eur-francecentral;migrationStage=NotStarted Some updates remain.}
{"logTime": "0517/012728", "correlationVector":"2sC3uJ1Tx5GcTbT/3CyChb","action":"Initial GetUpdates", "result":"", "context":Reason: NEWLY_SUPPORTED_DATATYPE. cV=2sC3uJ1Tx5GcTbT/3CyChb}
{"logTime": "0517/012729", "correlationVector":"2sC3uJ1Tx5GcTbT/3CyChb.1","action":"SyncServerConnectionManagerRequest", "result":"SYNC_SERVER_OK", "context":{"environment":"Prod_francecentral_prod-s01-062-eur-francecentral", "migrationStage":"NotStarted", "server":"akswtt114000003"}}
{"logTime": "0517/012729", "correlationVector":"2sC3uJ1Tx5GcTbT/3CyChb.2","action":"ProcessGetUpdates", "result":"Done", "context":{"dataType":"History", "deleted":"0", "process_failed_to_decrypt":"0", "process_pending_decryption":"0", "process_success":"250", "total":"250"}}
{"logTime": "0517/012729", "correlationVector":"2sC3uJ1Tx5GcTbT/3CyChb.3","action":"GetUpdates Response", "result":"Success", "context":Received 250 update(s). cV=2sC3uJ1Tx5GcTbT/3CyChb.0;server=akswtt114000003;cloudType=Consumer;environment=Prod_francecentral_prod-s01-062-eur-francecentral;migrationStage=NotStarted Some updates remain.}
{"logTime": "0517/012729", "correlationVector":"HpDGNeh0GItVaaPYNZ/zaM","action":"Initial GetUpdates", "result":"", "context":Reason: NEWLY_SUPPORTED_DATATYPE. cV=HpDGNeh0GItVaaPYNZ/zaM}
{"logTime": "0517/012730", "correlationVector":"HpDGNeh0GItVaaPYNZ/zaM.1","action":"SyncServerConnectionManagerRequest", "result":"SYNC_SERVER_OK", "context":{"environment":"Prod_francecentral_prod-s01-062-eur-francecentral", "migrationStage":"NotStarted", "server":"akswtt114000003"}}
{"logTime": "0517/012730", "correlationVector":"HpDGNeh0GItVaaPYNZ/zaM.2","action":"ProcessGetUpdates", "result":"Done", "context":{"dataType":"History", "deleted":"0", "process_failed_to_decrypt":"0", "process_pending_decryption":"0", "process_success":"250", "total":"250"}}
{"logTime": "0517/012730", "correlationVector":"HpDGNeh0GItVaaPYNZ/zaM.3","action":"GetUpdates Response", "result":"Success", "context":Received 250 update(s). cV=HpDGNeh0GItVaaPYNZ/zaM.0;server=akswtt114000003;cloudType=Consumer;environment=Prod_francecentral_prod-s01-062-eur-francecentral;migrationStage=NotStarted Some updates remain.}
{"logTime": "0517/012730", "correlationVector":"zANspOJAVbNj7W1Co0zO+R","action":"Initial GetUpdates", "result":"", "context":Reason: NEWLY_SUPPORTED_DATATYPE. cV=zANspOJAVbNj7W1Co0zO+R}
{"logTime": "0517/012731", "correlationVector":"zANspOJAVbNj7W1Co0zO+R.1","action":"SyncServerConnectionManagerRequest", "result":"SYNC_SERVER_OK", "context":{"environment":"Prod_francecentral_prod-s01-062-eur-francecentral", "migrationStage":"NotStarted", "server":"akswtt11400000t"}}
{"logTime": "0517/012731", "correlationVector":"zANspOJAVbNj7W1Co0zO+R.2","action":"ProcessGetUpdates", "result":"Done", "context":{"dataType":"History", "deleted":"0", "process_failed_to_decrypt":"0", "process_pending_decryption":"0", "process_success":"250", "total":"250"}}
{"logTime": "0517/012731", "correlationVector":"zANspOJAVbNj7W1Co0zO+R.3","action":"GetUpdates Response", "result":"Success", "context":Received 250 update(s). cV=zANspOJAVbNj7W1Co0zO+R.0;server=akswtt11400000t;cloudType=Consumer;environment=Prod_francecentral_prod-s01-062-eur-francecentral;migrationStage=NotStarted Some updates remain.}
{"logTime": "0517/012731", "correlationVector":"smCUwZPtPVICsW3tVOZb70","action":"Initial GetUpdates", "result":"", "context":Reason: NEWLY_SUPPORTED_DATATYPE. cV=smCUwZPtPVICsW3tVOZb70}
{"logTime": "0517/012731", "correlationVector":"smCUwZPtPVICsW3tVOZb70.1","action":"SyncServerConnectionManagerRequest", "result":"SYNC_SERVER_OK", "context":{"environment":"Prod_francecentral_prod-s01-062-eur-francecentral", "migrationStage":"NotStarted", "server":"akswtt114000006"}}
{"logTime": "0517/012731", "correlationVector":"smCUwZPtPVICsW3tVOZb70.2","action":"ProcessGetUpdates", "result":"Done", "context":{"dataType":"History", "deleted":"0", "process_failed_to_decrypt":"0", "process_pending_decryption":"0", "process_success":"250", "total":"250"}}
{"logTime": "0517/012731", "correlationVector":"smCUwZPtPVICsW3tVOZb70.3","action":"GetUpdates Response", "result":"Success", "context":Received 250 update(s). cV=smCUwZPtPVICsW3tVOZb70.0;server=akswtt114000006;cloudType=Consumer;environment=Prod_francecentral_prod-s01-062-eur-francecentral;migrationStage=NotStarted Some updates remain.}
{"logTime": "0517/012731", "correlationVector":"kFq7ZJFvP25uI38/0LeSOH","action":"Initial GetUpdates", "result":"", "context":Reason: NEWLY_SUPPORTED_DATATYPE. cV=kFq7ZJFvP25uI38/0LeSOH}
{"logTime": "0517/012732", "correlationVector":"kFq7ZJFvP25uI38/0LeSOH.1","action":"SyncServerConnectionManagerRequest", "result":"SYNC_SERVER_OK", "context":{"environment":"Prod_francecentral_prod-s01-062-eur-francecentral", "migrationStage":"NotStarted", "server":"akswtt11400000t"}}
{"logTime": "0517/012732", "correlationVector":"kFq7ZJFvP25uI38/0LeSOH.2","action":"ProcessGetUpdates", "result":"Done", "context":{"dataType":"History", "deleted":"26", "process_failed_to_decrypt":"0", "process_pending_decryption":"0", "process_success":"250", "total":"250"}}
{"logTime": "0517/012732", "correlationVector":"kFq7ZJFvP25uI38/0LeSOH.3","action":"GetUpdates Response", "result":"Success", "context":Received 250 update(s). cV=kFq7ZJFvP25uI38/0LeSOH.0;server=akswtt11400000t;cloudType=Consumer;environment=Prod_francecentral_prod-s01-062-eur-francecentral;migrationStage=NotStarted Some updates remain.}
{"logTime": "0517/012732", "correlationVector":"nSZHg74bwLRWObcyRCkSu/","action":"Initial GetUpdates", "result":"", "context":Reason: NEWLY_SUPPORTED_DATATYPE. cV=nSZHg74bwLRWObcyRCkSu/}
{"logTime": "0517/012733", "correlationVector":"nSZHg74bwLRWObcyRCkSu/.1","action":"SyncServerConnectionManagerRequest", "result":"SYNC_SERVER_OK", "context":{"environment":"Prod_francecentral_prod-s01-062-eur-francecentral", "migrationStage":"NotStarted", "server":"akswtt11400000i"}}
{"logTime": "0517/012733", "correlationVector":"nSZHg74bwLRWObcyRCkSu/.2","action":"ProcessGetUpdates", "result":"Done", "context":{"dataType":"History", "deleted":"0", "process_failed_to_decrypt":"0", "process_pending_decryption":"0", "process_success":"250", "total":"250"}}
{"logTime": "0517/012733", "correlationVector":"nSZHg74bwLRWObcyRCkSu/.3","action":"GetUpdates Response", "result":"Success", "context":Received 250 update(s). cV=nSZHg74bwLRWObcyRCkSu/.0;server=akswtt11400000i;cloudType=Consumer;environment=Prod_francecentral_prod-s01-062-eur-francecentral;migrationStage=NotStarted Some updates remain.}
{"logTime": "0517/012733", "correlationVector":"lMGR51XosEAlSkCX784ye7","action":"Initial GetUpdates", "result":"", "context":Reason: NEWLY_SUPPORTED_DATATYPE. cV=lMGR51XosEAlSkCX784ye7}
{"logTime": "0517/012734", "correlationVector":"lMGR51XosEAlSkCX784ye7.1","action":"SyncServerConnectionManagerRequest", "result":"SYNC_SERVER_OK", "context":{"environment":"Prod_francecentral_prod-s01-062-eur-francecentral", "migrationStage":"NotStarted", "server":"akswtt114000009"}}
{"logTime": "0517/012734", "correlationVector":"lMGR51XosEAlSkCX784ye7.2","action":"ProcessGetUpdates", "result":"Done", "context":{"dataType":"History", "deleted":"0", "process_failed_to_decrypt":"0", "process_pending_decryption":"0", "process_success":"250", "total":"250"}}
{"logTime": "0517/012734", "correlationVector":"lMGR51XosEAlSkCX784ye7.3","action":"GetUpdates Response", "result":"Success", "context":Received 250 update(s). cV=lMGR51XosEAlSkCX784ye7.0;server=akswtt114000009;cloudType=Consumer;environment=Prod_francecentral_prod-s01-062-eur-francecentral;migrationStage=NotStarted Some updates remain.}
{"logTime": "0517/012734", "correlationVector":"v4Po+qarYtxkASgVVofNkS","action":"Initial GetUpdates", "result":"", "context":Reason: NEWLY_SUPPORTED_DATATYPE. cV=v4Po+qarYtxkASgVVofNkS}
{"logTime": "0517/012734", "correlationVector":"v4Po+qarYtxkASgVVofNkS.1","action":"SyncServerConnectionManagerRequest", "result":"SYNC_SERVER_OK", "context":{"environment":"Prod_francecentral_prod-s01-062-eur-francecentral", "migrationStage":"NotStarted", "server":"akswtt114000004"}}
{"logTime": "0517/012734", "correlationVector":"v4Po+qarYtxkASgVVofNkS.2","action":"ProcessGetUpdates", "result":"Done", "context":{"dataType":"History", "deleted":"0", "process_failed_to_decrypt":"0", "process_pending_decryption":"0", "process_success":"250", "total":"250"}}
{"logTime": "0517/012734", "correlationVector":"v4Po+qarYtxkASgVVofNkS.3","action":"GetUpdates Response", "result":"Success", "context":Received 250 update(s). cV=v4Po+qarYtxkASgVVofNkS.0;server=akswtt114000004;cloudType=Consumer;environment=Prod_francecentral_prod-s01-062-eur-francecentral;migrationStage=NotStarted Some updates remain.}
{"logTime": "0517/012734", "correlationVector":"B3Ur6ZV8t0mT+Z7T34jOUu","action":"Initial GetUpdates", "result":"", "context":Reason: NEWLY_SUPPORTED_DATATYPE. cV=B3Ur6ZV8t0mT+Z7T34jOUu}
{"logTime": "0517/012735", "correlationVector":"B3Ur6ZV8t0mT+Z7T34jOUu.1","action":"SyncServerConnectionManagerRequest", "result":"SYNC_SERVER_OK", "context":{"environment":"Prod_francecentral_prod-s01-062-eur-francecentral", "migrationStage":"NotStarted", "server":"akswtt114000006"}}
{"logTime": "0517/012735", "correlationVector":"B3Ur6ZV8t0mT+Z7T34jOUu.2","action":"GetUpdates Response", "result":"Success", "context":Received 0 update(s). cV=B3Ur6ZV8t0mT+Z7T34jOUu.0;server=akswtt114000006;cloudType=Consumer;environment=Prod_francecentral_prod-s01-062-eur-francecentral;migrationStage=NotStarted}
{"logTime": "0517/012738", "correlationVector":"JxcmSl6+i6hoA6FLbovJGt","action":"SyncServerConnectionManagerRequest", "result":"SYNC_SERVER_ERROR", "context":{"environment":"", "error_type":"http_status_code", "error_value":"400", "migrationStage":"", "server":""}}
{"logTime": "0517/012743", "correlationVector":"DdCHjli2e8eyz+mxm3S/m/","action":"Normal GetUpdate request", "result":"", "context":cV=DdCHjli2e8eyz+mxm3S/m/
Nudged types: Sessions, Device Info
Refresh requested types: Bookmarks, Preferences, Extensions, Sessions, Extension settings, History Delete Directives, Device Info, User Consents, Send Tab To Self, Web Apps, History, Saved Tab Group, WebAuthn Credentials, Collection, Edge E Drop, Edge Hub App Usage, Edge Wallet, Edge Workspace, Encryption Keys}
{"logTime": "0517/012743", "correlationVector":"DdCHjli2e8eyz+mxm3S/m/.1","action":"SyncServerConnectionManagerRequest", "result":"SYNC_SERVER_OK", "context":{"environment":"Prod_francecentral_prod-s01-062-eur-francecentral", "migrationStage":"NotStarted", "server":"akswtt114000004"}}
{"logTime": "0517/012743", "correlationVector":"DdCHjli2e8eyz+mxm3S/m/.2","action":"GetUpdates Response", "result":"Success", "context":Received 0 update(s). cV=DdCHjli2e8eyz+mxm3S/m/.0;server=akswtt114000004;cloudType=Consumer;environment=Prod_francecentral_prod-s01-062-eur-francecentral;migrationStage=NotStarted}
{"logTime": "0517/012744", "correlationVector":"TFhvdIQPfkySRBa72b9l8k","action":"Commit Request", "result":"", "context":Item count: 3
Contributing types: Sessions, Device Info}
{"logTime": "0517/012745", "correlationVector":"TFhvdIQPfkySRBa72b9l8k.1","action":"SyncServerConnectionManagerRequest", "result":"SYNC_SERVER_OK", "context":{"environment":"Prod_francecentral_prod-s01-062-eur-francecentral", "migrationStage":"NotStarted", "server":"akswtt114000006"}}
{"logTime": "0517/012745", "correlationVector":"TFhvdIQPfkySRBa72b9l8k.2","action":"Commit Response", "result":"Success", "context":Result: Success. cV=TFhvdIQPfkySRBa72b9l8k.0;server=akswtt114000006;cloudType=Consumer;environment=Prod_francecentral_prod-s01-062-eur-francecentral;migrationStage=NotStarted}
{"logTime": "0517/012745", "correlationVector":"W6nSkNCP4FSTPnim1fg3DG","action":"SyncServerConnectionManagerRequest", "result":"SYNC_SERVER_ERROR", "context":{"environment":"", "error_type":"http_status_code", "error_value":"400", "migrationStage":"", "server":""}}
{"logTime": "0517/012749", "correlationVector":"AfjFdGQqUtSOlZU6DoYdxn","action":"Normal GetUpdate request", "result":"", "context":cV=AfjFdGQqUtSOlZU6DoYdxn
Refresh requested types: Encryption Keys}
{"logTime": "0517/012749", "correlationVector":"AfjFdGQqUtSOlZU6DoYdxn.1","action":"SyncServerConnectionManagerRequest", "result":"SYNC_SERVER_OK", "context":{"environment":"Prod_francecentral_prod-s01-062-eur-francecentral", "migrationStage":"NotStarted", "server":"akswtt11400000i"}}
{"logTime": "0517/012749", "correlationVector":"AfjFdGQqUtSOlZU6DoYdxn.2","action":"ProcessGetUpdates", "result":"Done", "context":{"dataType":"Sessions", "deleted":"0", "process_failed_to_decrypt":"0", "process_pending_decryption":"0", "process_success":"2", "total":"2"}}
{"logTime": "0517/012749", "correlationVector":"AfjFdGQqUtSOlZU6DoYdxn.3","action":"ProcessGetUpdates", "result":"Done", "context":{"dataType":"Device Info", "deleted":"0", "process_failed_to_decrypt":"0", "process_pending_decryption":"0", "process_success":"1", "total":"1"}}
{"logTime": "0517/012749", "correlationVector":"AfjFdGQqUtSOlZU6DoYdxn.4","action":"GetUpdates Response", "result":"Success", "context":Received 3 update(s). cV=AfjFdGQqUtSOlZU6DoYdxn.0;server=akswtt11400000i;cloudType=Consumer;environment=Prod_francecentral_prod-s01-062-eur-francecentral;migrationStage=NotStarted}
{"logTime": "0517/012758", "correlationVector":"pfYp0Dgm2PUD97sB2F+WDl","action":"SyncServerConnectionManagerRequest", "result":"SYNC_SERVER_OK", "context":{"environment":"", "migrationStage":"", "server":""}}
{"logTime": "0517/012758", "correlationVector":"pfYp0Dgm2PUD97sB2F+WDl.0","action":"EncryptionKeysFetcher.DownloadKeys:", "result":"Success", "context":Key count: 10, Last key timestamp: 2026-01-23T17:05:26Z}
{"logTime": "0517/012758", "correlationVector":"pfYp0Dgm2PUD97sB2F+WDl.1","action":"EncryptionKeysManager::SetEncryptionKeys:", "result":"Success", "context":Key names[10]:[BAtiuBps0we0DmpPWaX9tjhQNSEOfD2x3NkCIaZH0pZwMPSadIdejk55VX8vJ0xcLw/aOV12CyYbO0wUSGXzLg==][OYiCvZ/taZErBE08EsO4jJj6uSMqtySfXeJ6p1n+8jtykovp72hFCQPl3+15/sXzJZMSG1ttuJccT2nF56hD5Q==][GOUOhBAk1uSOfpZVPN4dTyfe3qNbF7rH5Ph8WeP1R1ge98QAina6C86JnlAmq5TJXbOpS+InlsNJA0Spx7N5jQ==][PdX6lkSIfPA6tfR5LTyzCkE8Wx4/O9SbNP+h0ncRZkkgguCv3yqzz8X9pM1Vc1xoejh3MmthOpE5lDtCMLnvgw==][jICeU8PSt8qi3ThycGhvE8R6LDjLUZsg+f2J8YI0o4/Zs4AO6M83fN4mdllz3JM3IAulxK6KkGcdRM//0u5OEA==][vnXtZLF7MbVLv31UbsOoaFggc4YdNe9fjSEcnwP76viB0ns2G4iBHGis2/UCTKs8JXs6QnKIQg7w11a/61fDCA==][ZyjFp0Cdjb3Nf7o/gs+6oDzo1AHq5RZLBY8ZJx8BaIjLRZc/dpYEMg5+Z9JZg8meIIF1+X2mccmITNYpYzaB7Q==][OQdsv1hI5p/HXWZLWJ0af/LpZTFgjhwwRTw3QGC5GunK6CqJwrFD1dwstUswHOqCHJhL2EhHldeGb9wvC2GclQ==][GWHxV442R9YJKi49UrQC0Y8MzJhIvpUwGSUL93dcp0O9dJXnRa+9PKe95wOX6sYxBt0rd+ZTsridLcRsZMRlpA==][v940Rk3rrt0fXrmDWLk9nHDUDPThsH9elkQ5oR91u/0t1k2cHqZLrsE35CRdNoSND5HHQZY4xVXTMmoVKg+L/g==]}
{"logTime": "0517/012758", "correlationVector":"pfYp0Dgm2PUD97sB2F+WDl.2","action":"EncryptionKeysManager::SetEncryptionKeysWithTimestamps:", "result":"Success", "context":Key timestamps[10]:[2023-10-31T08:17:33Z][2023-11-11T08:55:41Z][2024-02-13T11:48:07Z][2024-04-09T08:19:43Z][2024-05-13T08:03:10Z][2024-07-22T18:08:39Z][2024-10-05T08:24:53Z][2025-01-27T07:38:10Z][2025-07-26T18:04:49Z][2026-01-23T17:05:26Z]}
{"logTime": "0517/012758", "correlationVector":"dqp7NNXRouTWwqJYO8OkFq","action":"Initial GetUpdates", "result":"", "context":Reason: NEWLY_SUPPORTED_DATATYPE. cV=dqp7NNXRouTWwqJYO8OkFq}
{"logTime": "0517/012759", "correlationVector":"dqp7NNXRouTWwqJYO8OkFq.1","action":"SyncServerConnectionManagerRequest", "result":"SYNC_SERVER_OK", "context":{"environment":"Prod_francecentral_prod-s01-062-eur-francecentral", "migrationStage":"NotStarted", "server":"akswtt114000002"}}
{"logTime": "0517/012759", "correlationVector":"dqp7NNXRouTWwqJYO8OkFq.2","action":"ProcessGetUpdates", "result":"Done", "context":{"dataType":"Passwords", "deleted":"3", "process_failed_to_decrypt":"0", "process_pending_decryption":"0", "process_success":"27", "total":"27"}}
{"logTime": "0517/012759", "correlationVector":"dqp7NNXRouTWwqJYO8OkFq.3","action":"GetUpdates Response", "result":"Success", "context":Received 27 update(s). cV=dqp7NNXRouTWwqJYO8OkFq.0;server=akswtt114000002;cloudType=Consumer;environment=Prod_francecentral_prod-s01-062-eur-francecentral;migrationStage=NotStarted}
{"logTime": "0517/012759", "correlationVector":"f41A6JJ9NEVNhoOVGN8iPi","action":"Initial GetUpdates", "result":"", "context":Reason: NEWLY_SUPPORTED_DATATYPE. cV=f41A6JJ9NEVNhoOVGN8iPi}
{"logTime": "0517/012759", "correlationVector":"f41A6JJ9NEVNhoOVGN8iPi.1","action":"SyncServerConnectionManagerRequest", "result":"SYNC_SERVER_OK", "context":{"environment":"Prod_francecentral_prod-s01-062-eur-francecentral", "migrationStage":"NotStarted", "server":"akswtt114000004"}}
{"logTime": "0517/012759", "correlationVector":"f41A6JJ9NEVNhoOVGN8iPi.2","action":"ProcessGetUpdates", "result":"Done", "context":{"dataType":"Autofill Profiles", "deleted":"1", "process_failed_to_decrypt":"0", "process_pending_decryption":"0", "process_success":"12", "total":"12"}}
{"logTime": "0517/012759", "correlationVector":"f41A6JJ9NEVNhoOVGN8iPi.3","action":"ProcessGetUpdates", "result":"Done", "context":{"dataType":"Autofill", "deleted":"0", "process_failed_to_decrypt":"0", "process_pending_decryption":"0", "process_success":"165", "total":"165"}}
{"logTime": "0517/012759", "correlationVector":"f41A6JJ9NEVNhoOVGN8iPi.4","action":"GetUpdates Response", "result":"Success", "context":Received 177 update(s). cV=f41A6JJ9NEVNhoOVGN8iPi.0;server=akswtt114000004;cloudType=Consumer;environment=Prod_francecentral_prod-s01-062-eur-francecentral;migrationStage=NotStarted}
{"logTime": "0517/012800", "correlationVector":"ppJ3GtNs7ssBgj2Jiqncgf","action":"Normal GetUpdate request", "result":"", "context":cV=ppJ3GtNs7ssBgj2Jiqncgf
Nudged types: Preferences
Refresh requested types: Bookmarks, Preferences, Passwords, Autofill Profiles, Autofill, Extensions, Sessions, Extension settings, History Delete Directives, Device Info, User Consents, Send Tab To Self, Web Apps, History, Saved Tab Group, WebAuthn Credentials, Collection, Edge E Drop, Edge Hub App Usage, Edge Wallet, Edge Workspace, Encryption Keys}
{"logTime": "0517/012800", "correlationVector":"ppJ3GtNs7ssBgj2Jiqncgf.1","action":"SyncServerConnectionManagerRequest", "result":"SYNC_SERVER_OK", "context":{"environment":"Prod_francecentral_prod-s01-062-eur-francecentral", "migrationStage":"NotStarted", "server":"akswtt11400000t"}}
{"logTime": "0517/012800", "correlationVector":"ppJ3GtNs7ssBgj2Jiqncgf.2","action":"GetUpdates Response", "result":"Success", "context":Received 0 update(s). cV=ppJ3GtNs7ssBgj2Jiqncgf.0;server=akswtt11400000t;cloudType=Consumer;environment=Prod_francecentral_prod-s01-062-eur-francecentral;migrationStage=NotStarted}
{"logTime": "0517/012806", "correlationVector":"MSBzoTcdu7/nA0BopMyp1g","action":"Commit Request", "result":"", "context":Item count: 1
Contributing types: Preferences}
{"logTime": "0517/012806", "correlationVector":"MSBzoTcdu7/nA0BopMyp1g.1","action":"SyncServerConnectionManagerRequest", "result":"SYNC_SERVER_OK", "context":{"environment":"Prod_francecentral_prod-s01-062-eur-francecentral", "migrationStage":"NotStarted", "server":"akswtt11400000i"}}
{"logTime": "0517/012806", "correlationVector":"MSBzoTcdu7/nA0BopMyp1g.2","action":"Commit Response", "result":"Success", "context":Result: Success. cV=MSBzoTcdu7/nA0BopMyp1g.0;server=akswtt11400000i;cloudType=Consumer;environment=Prod_francecentral_prod-s01-062-eur-francecentral;migrationStage=NotStarted}
{"logTime": "0517/012815", "correlationVector":"trl9uIDd6aqIRcfQezhB9A","action":"Commit Request", "result":"", "context":Item count: 19
Contributing types: Preferences, Passwords}
{"logTime": "0517/012816", "correlationVector":"trl9uIDd6aqIRcfQezhB9A.1","action":"SyncServerConnectionManagerRequest", "result":"SYNC_SERVER_OK", "context":{"environment":"Prod_francecentral_prod-s01-062-eur-francecentral", "migrationStage":"NotStarted", "server":"akswtt11400000t"}}
{"logTime": "0517/012816", "correlationVector":"trl9uIDd6aqIRcfQezhB9A.2","action":"Commit Response", "result":"Success", "context":Result: Success. cV=trl9uIDd6aqIRcfQezhB9A.0;server=akswtt11400000t;cloudType=Consumer;environment=Prod_francecentral_prod-s01-062-eur-francecentral;migrationStage=NotStarted}
{"logTime": "0517/012844", "correlationVector":"z6YSLllmYGQ6Wewz9+P8jR","action":"Commit Request", "result":"", "context":Item count: 3
Contributing types: Preferences, Sessions, History}
{"logTime": "0517/012844", "correlationVector":"z6YSLllmYGQ6Wewz9+P8jR.1","action":"SyncServerConnectionManagerRequest", "result":"SYNC_SERVER_OK", "context":{"environment":"Prod_francecentral_prod-s01-062-eur-francecentral", "migrationStage":"NotStarted", "server":"akswtt114000009"}}
{"logTime": "0517/012844", "correlationVector":"z6YSLllmYGQ6Wewz9+P8jR.2","action":"Commit Response", "result":"Success", "context":Result: Success. cV=z6YSLllmYGQ6Wewz9+P8jR.0;server=akswtt114000009;cloudType=Consumer;environment=Prod_francecentral_prod-s01-062-eur-francecentral;migrationStage=NotStarted}
{"logTime": "0517/012844", "correlationVector":"z6YSLllmYGQ6Wewz9+P8jR.3","action":"Commit.Preferences", "result":"Success", "context":{"id":"90bda48f-c981-44e3-b1a3-da330f9c0ea3", "isDeleted":"true", "size":"0", "version":"1778981286073"}}
{"logTime": "0517/012858", "correlationVector":"KBSvwKePxsTmBaKubuEh/y","action":"Commit Request", "result":"", "context":Item count: 1
Contributing types: Autofill Profiles}
{"logTime": "0517/012859", "correlationVector":"KBSvwKePxsTmBaKubuEh/y.1","action":"SyncServerConnectionManagerRequest", "result":"SYNC_SERVER_OK", "context":{"environment":"Prod_francecentral_prod-s01-062-eur-francecentral", "migrationStage":"NotStarted", "server":"akswtt114000004"}}
{"logTime": "0517/012859", "correlationVector":"KBSvwKePxsTmBaKubuEh/y.2","action":"Commit Response", "result":"Success", "context":Result: Success. cV=KBSvwKePxsTmBaKubuEh/y.0;server=akswtt114000004;cloudType=Consumer;environment=Prod_francecentral_prod-s01-062-eur-francecentral;migrationStage=NotStarted}
{"logTime": "0517/012959", "correlationVector":"+5c1HPDSTFaGZrQ1mh0q6J","action":"Commit Request", "result":"", "context":Item count: 1
Contributing types: History}
{"logTime": "0517/013000", "correlationVector":"+5c1HPDSTFaGZrQ1mh0q6J.1","action":"SyncServerConnectionManagerRequest", "result":"SYNC_SERVER_OK", "context":{"environment":"Prod_francecentral_prod-s01-062-eur-francecentral", "migrationStage":"NotStarted", "server":"akswtt114000004"}}
{"logTime": "0517/013000", "correlationVector":"+5c1HPDSTFaGZrQ1mh0q6J.2","action":"Commit Response", "result":"Success", "context":Result: Success. cV=+5c1HPDSTFaGZrQ1mh0q6J.0;server=akswtt114000004;cloudType=Consumer;environment=Prod_francecentral_prod-s01-062-eur-francecentral;migrationStage=NotStarted}
