2026-05-16 12:36:38.204: [INFO][Sync] Reset engine, reason: 8
2026-05-16 12:36:38.204: [INFO][Sync] Stopped: Bookmarks
2026-05-16 12:36:38.204: [INFO][Sync] Stopped: Preferences
2026-05-16 12:36:38.204: [INFO][Sync] Stopped: Passwords
2026-05-16 12:36:38.204: [INFO][Sync] Stopped: Autofill Profiles
2026-05-16 12:36:38.204: [INFO][Sync] Stopped: Autofill
2026-05-16 12:36:38.204: [INFO][Sync] Stopped: Extensions
2026-05-16 12:36:38.204: [INFO][Sync] Stopped: Sessions
2026-05-16 12:36:38.204: [INFO][Sync] Stopped: Extension settings
2026-05-16 12:36:38.204: [INFO][Sync] Stopped: History Delete Directives
2026-05-16 12:36:38.204: [INFO][Sync] Stopped: Device Info
2026-05-16 12:36:38.204: [INFO][Sync] Stopped: User Consents
2026-05-16 12:36:38.204: [INFO][Sync] Stopped: Send Tab To Self
2026-05-16 12:36:38.204: [INFO][Sync] Stopped: Web Apps
2026-05-16 12:36:38.204: [INFO][Sync] Stopped: History
2026-05-16 12:36:38.204: [INFO][Sync] Stopped: Saved Tab Group
2026-05-16 12:36:38.204: [INFO][Sync] Stopped: WebAuthn Credentials
2026-05-16 12:36:38.204: [INFO][Sync] Stopped: Collection
2026-05-16 12:36:38.204: [INFO][Sync] Stopped: Edge E Drop
2026-05-16 12:36:38.204: [INFO][Sync] Stopped: Edge Hub App Usage
2026-05-16 12:36:38.204: [INFO][Sync] Stopped: Edge Journey
2026-05-16 12:36:38.204: [INFO][Sync] Stopped: Edge Wallet
2026-05-16 12:36:38.204: [INFO][Sync] Stopped: Edge Workspace
2026-05-16 12:36:38.204: [INFO][Sync] SyncState after authenticated was: NotSignedIn
2026-05-16 12:36:57.616: [INFO][Sync] Reset engine, reason: 8
2026-05-16 12:36:57.616: [INFO][Sync] Stopped: Bookmarks
2026-05-16 12:36:57.616: [INFO][Sync] Stopped: Preferences
2026-05-16 12:36:57.616: [INFO][Sync] Stopped: Passwords
2026-05-16 12:36:57.616: [INFO][Sync] Stopped: Autofill Profiles
2026-05-16 12:36:57.616: [INFO][Sync] Stopped: Autofill
2026-05-16 12:36:57.616: [INFO][Sync] Stopped: Extensions
2026-05-16 12:36:57.616: [INFO][Sync] Stopped: Sessions
2026-05-16 12:36:57.616: [INFO][Sync] Stopped: Extension settings
2026-05-16 12:36:57.616: [INFO][Sync] Stopped: History Delete Directives
2026-05-16 12:36:57.616: [INFO][Sync] Stopped: Device Info
2026-05-16 12:36:57.616: [INFO][Sync] Stopped: User Consents
2026-05-16 12:36:57.616: [INFO][Sync] Stopped: Send Tab To Self
2026-05-16 12:36:57.616: [INFO][Sync] Stopped: Web Apps
2026-05-16 12:36:57.616: [INFO][Sync] Stopped: History
2026-05-16 12:36:57.616: [INFO][Sync] Stopped: Saved Tab Group
2026-05-16 12:36:57.616: [INFO][Sync] Stopped: WebAuthn Credentials
2026-05-16 12:36:57.616: [INFO][Sync] Stopped: Collection
2026-05-16 12:36:57.616: [INFO][Sync] Stopped: Edge E Drop
2026-05-16 12:36:57.616: [INFO][Sync] Stopped: Edge Hub App Usage
2026-05-16 12:36:57.616: [INFO][Sync] Stopped: Edge Journey
2026-05-16 12:36:57.616: [INFO][Sync] Stopped: Edge Wallet
2026-05-16 12:36:57.616: [INFO][Sync] Stopped: Edge Workspace
2026-05-16 12:37:13.443: [INFO][Sync] Try to start sync engine
2026-05-16 12:37:13.444: [INFO][SyncManagerImpl::NudgeForInitialDownload] Initial download nudge for Encryption Keys
2026-05-16 12:37:13.444: [INFO][SyncEngineBackend::LoadAndConnectNigoriController] Load and connect Nigori controller
2026-05-16 12:37:13.444: [INFO][SyncEngineBackend::DoInitialize] Control Types added: Encryption Keys
2026-05-16 12:37:13.444: [INFO][SyncManagerImpl::ConfigureSyncer] Types to download: Encryption Keys with reason: 3
2026-05-16 12:37:13.444: [INFO][SyncSchedulerImpl::DoConfigurationSyncCycleJob] Configure job was blocked
2026-05-16 12:37:13.736: [INFO][SyncAuthManager::SetLastAuthError] Current auth error: None
2026-05-16 12:37:13.736: [INFO][SyncAuthManager::EdgeLogTokenErrorState] Token error with: None for account type: MSA
2026-05-16 12:37:13.736: [INFO][Sync] Credentials changed for: EdgeSyncScopeNew
2026-05-16 12:37:19.048: [INFO][SyncAuthManager::SetLastAuthError] Current auth error: None
2026-05-16 12:37:19.049: [INFO][SyncAuthManager::EdgeLogTokenErrorState] Token error with: None for account type: MSA
2026-05-16 12:37:19.049: [INFO][Sync] Credentials changed for: EdgeSyncKeyDataScope
2026-05-16 12:37:19.049: [INFO][SyncEngineBackend::DoUpdateKeyDataCredentials] Update key data credentials
2026-05-16 12:37:19.049: [INFO][SyncEngineBackend::DoUpdateCredentials] Update credentials
2026-05-16 12:37:19.049: [INFO][SyncSchedulerImpl::DoConfigurationSyncCycleJob] Blocked types:  and types to download: Encryption Keys
2026-05-16 12:38:07.793: [INFO][Sync] Started DataTypeManager configuration, reason: 1
2026-05-16 12:38:07.793: [INFO][Sync] Configuring for: Bookmarks, Preferences, Passwords, Autofill Profiles, Autofill, Extensions, Sessions, Extension settings, History Delete Directives, Device Info, User Consents, Send Tab To Self, Web Apps, History, Saved Tab Group, WebAuthn Credentials, Collection, Edge E Drop, Edge Hub App Usage, Edge Wallet, Edge Workspace, Encryption Keys, reason: 3, current state: 0
2026-05-16 12:38:07.793: [INFO][SyncEngineBackend::DoStartConfiguration] Start configuration
2026-05-16 12:38:07.795: [INFO][Sync] Configure, desired: Bookmarks, Preferences, Passwords, Autofill Profiles, Autofill, Extensions, Sessions, Extension settings, History Delete Directives, Device Info, User Consents, Send Tab To Self, Web Apps, History, Saved Tab Group, WebAuthn Credentials, Collection, Edge E Drop, Edge Hub App Usage, Edge Wallet, Edge Workspace, Encryption Keys; Allow fail: 
2026-05-16 12:38:07.795: [INFO][Sync] Loading: Bookmarks
2026-05-16 12:38:07.795: [INFO][Sync] Loading: Preferences
2026-05-16 12:38:07.795: [INFO][Sync] Loading: Passwords
2026-05-16 12:38:07.795: [INFO][Sync] Loading: Autofill Profiles
2026-05-16 12:38:07.795: [INFO][Sync] Loading: Autofill
2026-05-16 12:38:07.795: [INFO][Sync] Loading: Extensions
2026-05-16 12:38:07.795: [INFO][Sync] Loading: Sessions
2026-05-16 12:38:07.795: [INFO][Sync] Loading: Extension settings
2026-05-16 12:38:07.795: [INFO][Sync] Loading: History Delete Directives
2026-05-16 12:38:07.795: [INFO][Sync] Loading: Device Info
2026-05-16 12:38:07.795: [INFO][Sync] Loading: User Consents
2026-05-16 12:38:07.795: [INFO][Sync] Loading: Send Tab To Self
2026-05-16 12:38:07.795: [INFO][Sync] Loading: Web Apps
2026-05-16 12:38:07.795: [INFO][Sync] Loading: History
2026-05-16 12:38:07.795: [INFO][Sync] Loading: Saved Tab Group
2026-05-16 12:38:07.795: [INFO][Sync] Loading: WebAuthn Credentials
2026-05-16 12:38:07.795: [INFO][Sync] Loading: Collection
2026-05-16 12:38:07.795: [INFO][Sync] Loading: Edge E Drop
2026-05-16 12:38:07.795: [INFO][Sync] Loading: Edge Hub App Usage
2026-05-16 12:38:07.795: [INFO][Sync] Loading: Edge Wallet
2026-05-16 12:38:07.795: [INFO][Sync] Loading: Edge Workspace
2026-05-16 12:38:07.802: [INFO][Sync] All data types are ready for configure.
2026-05-16 12:38:07.802: [INFO][SyncManagerImpl::NudgeForInitialDownload] Initial download nudge for Bookmarks
2026-05-16 12:38:07.802: [INFO][SyncManagerImpl::NudgeForInitialDownload] Initial download nudge for Preferences
2026-05-16 12:38:07.802: [INFO][SyncManagerImpl::NudgeForInitialDownload] Initial download nudge for Passwords
2026-05-16 12:38:07.802: [INFO][SyncManagerImpl::NudgeForInitialDownload] Initial download nudge for Autofill Profiles
2026-05-16 12:38:07.802: [INFO][SyncManagerImpl::NudgeForInitialDownload] Initial download nudge for Autofill
2026-05-16 12:38:07.802: [INFO][SyncManagerImpl::NudgeForInitialDownload] Initial download nudge for Extensions
2026-05-16 12:38:07.802: [INFO][SyncManagerImpl::NudgeForInitialDownload] Initial download nudge for Sessions
2026-05-16 12:38:07.802: [INFO][SyncManagerImpl::NudgeForInitialDownload] Initial download nudge for Extension settings
2026-05-16 12:38:07.802: [INFO][SyncManagerImpl::NudgeForInitialDownload] Initial download nudge for History Delete Directives
2026-05-16 12:38:07.802: [INFO][SyncManagerImpl::NudgeForInitialDownload] Initial download nudge for Device Info
2026-05-16 12:38:07.802: [INFO][SyncManagerImpl::NudgeForInitialDownload] Initial download nudge for Send Tab To Self
2026-05-16 12:38:07.802: [INFO][SyncManagerImpl::NudgeForInitialDownload] Initial download nudge for Web Apps
2026-05-16 12:38:07.802: [INFO][SyncManagerImpl::NudgeForInitialDownload] Initial download nudge for History
2026-05-16 12:38:07.802: [INFO][SyncManagerImpl::NudgeForInitialDownload] Initial download nudge for Saved Tab Group
2026-05-16 12:38:07.802: [INFO][SyncManagerImpl::NudgeForInitialDownload] Initial download nudge for WebAuthn Credentials
2026-05-16 12:38:07.802: [INFO][SyncManagerImpl::NudgeForInitialDownload] Initial download nudge for Collection
2026-05-16 12:38:07.802: [INFO][SyncManagerImpl::NudgeForInitialDownload] Initial download nudge for Edge E Drop
2026-05-16 12:38:07.802: [INFO][SyncManagerImpl::NudgeForInitialDownload] Initial download nudge for Edge Hub App Usage
2026-05-16 12:38:07.802: [INFO][SyncManagerImpl::NudgeForInitialDownload] Initial download nudge for Edge Wallet
2026-05-16 12:38:07.802: [INFO][SyncManagerImpl::NudgeForInitialDownload] Initial download nudge for Edge Workspace
2026-05-16 12:38:07.802: [INFO][SyncManagerImpl::ConfigureSyncer] Types to download:  with reason: 3
2026-05-16 12:38:07.802: [INFO][SyncEngineBackend::DoFinishConfigureDataTypes] Failed to download types:  and succeeded types: 
2026-05-16 12:38:07.803: [INFO][Sync] ConfigurationDone, failed: , succeeded: , remaining count: 4
2026-05-16 12:38:07.803: [INFO][Sync] Prepare to configure types: Preferences, Passwords, Device Info, Send Tab To Self, Edge E Drop, Encryption Keys
2026-05-16 12:38:07.803: [INFO][SyncManagerImpl::ConfigureSyncer] Types to download: Preferences, Passwords, Device Info, Send Tab To Self, Edge E Drop, Encryption Keys with reason: 3
2026-05-16 12:38:07.803: [INFO][SyncSchedulerImpl::DoConfigurationSyncCycleJob] Blocked types:  and types to download: Preferences, Passwords, Device Info, Send Tab To Self, Edge E Drop, Encryption Keys
2026-05-16 12:38:08.655: [INFO][SyncEngineBackend::DoFinishConfigureDataTypes] Failed to download types:  and succeeded types: Preferences, Passwords, Device Info, Send Tab To Self, Edge E Drop, Encryption Keys
2026-05-16 12:38:08.657: [INFO][Sync] ConfigurationDone, failed: , succeeded: Preferences, Passwords, Device Info, Send Tab To Self, Edge E Drop, Encryption Keys, remaining count: 3
2026-05-16 12:38:08.657: [INFO][Sync] Prepare to configure types: Bookmarks, Encryption Keys
2026-05-16 12:38:08.657: [INFO][SyncManagerImpl::ConfigureSyncer] Types to download: Bookmarks, Encryption Keys with reason: 3
2026-05-16 12:38:08.657: [INFO][SyncSchedulerImpl::DoConfigurationSyncCycleJob] Blocked types:  and types to download: Bookmarks, Encryption Keys
2026-05-16 12:38:09.360: [INFO][SyncEngineBackend::DoFinishConfigureDataTypes] Failed to download types:  and succeeded types: Bookmarks, Encryption Keys
2026-05-16 12:38:09.362: [INFO][Sync] ConfigurationDone, failed: , succeeded: Bookmarks, Encryption Keys, remaining count: 2
2026-05-16 12:38:09.362: [INFO][Sync] Prepare to configure types: Autofill Profiles, Autofill, Extensions, Sessions, Extension settings, History Delete Directives, Web Apps, Saved Tab Group, WebAuthn Credentials, Collection, Edge Hub App Usage, Edge Wallet, Edge Workspace, Encryption Keys
2026-05-16 12:38:09.362: [INFO][SyncManagerImpl::ConfigureSyncer] Types to download: Autofill Profiles, Autofill, Extensions, Sessions, Extension settings, History Delete Directives, Web Apps, Saved Tab Group, WebAuthn Credentials, Collection, Edge Hub App Usage, Edge Wallet, Edge Workspace, Encryption Keys with reason: 3
2026-05-16 12:38:09.362: [INFO][SyncSchedulerImpl::DoConfigurationSyncCycleJob] Blocked types:  and types to download: Autofill Profiles, Autofill, Extensions, Sessions, Extension settings, History Delete Directives, Web Apps, Saved Tab Group, WebAuthn Credentials, Collection, Edge Hub App Usage, Edge Wallet, Edge Workspace, Encryption Keys
2026-05-16 12:38:12.083: [INFO][SyncEngineBackend::DoFinishConfigureDataTypes] Failed to download types:  and succeeded types: Autofill Profiles, Autofill, Extensions, Sessions, Extension settings, History Delete Directives, Web Apps, Saved Tab Group, WebAuthn Credentials, Collection, Edge Hub App Usage, Edge Wallet, Edge Workspace, Encryption Keys
2026-05-16 12:38:12.085: [INFO][Sync] ConfigurationDone, failed: , succeeded: Autofill Profiles, Autofill, Extensions, Sessions, Extension settings, History Delete Directives, Web Apps, Saved Tab Group, WebAuthn Credentials, Collection, Edge Hub App Usage, Edge Wallet, Edge Workspace, Encryption Keys, remaining count: 1
2026-05-16 12:38:12.086: [INFO][Sync] Prepare to configure types: History, Encryption Keys
2026-05-16 12:38:12.086: [INFO][SyncManagerImpl::ConfigureSyncer] Types to download: History, Encryption Keys with reason: 3
2026-05-16 12:38:12.086: [INFO][SyncSchedulerImpl::DoConfigurationSyncCycleJob] Blocked types:  and types to download: History, Encryption Keys
2026-05-16 12:38:37.361: [INFO][SyncEngineBackend::DoFinishConfigureDataTypes] Failed to download types:  and succeeded types: History, Encryption Keys
2026-05-16 12:38:37.366: [INFO][Sync] ConfigurationDone, failed: , succeeded: History, Encryption Keys, remaining count: 0
2026-05-16 12:38:37.370: [INFO][Sync]     Configuration completed, state: 3
2026-05-16 12:38:37.370: [INFO][Sync] Configured DataTypeManager: Ok
2026-05-16 12:38:37.373: [INFO][SyncEngineBackend::DoStartSyncing] Start syncing
2026-05-16 23:43:16.301: [INFO][SyncSchedulerImpl::OnSyncNetworkError] Syncer error: Network error (ERR_INTERNET_DISCONNECTED)
2026-05-16 23:43:16.302: [INFO][SyncSchedulerImpl::DoPollSyncCycleJob] Syncer error: Network error (ERR_INTERNET_DISCONNECTED)
2026-05-16 23:43:16.304: [WARN][Sync] NetworkError: Network error (ERR_INTERNET_DISCONNECTED)
2026-05-16 23:43:18.818: [INFO][SyncSchedulerImpl::OnSyncNetworkError] Syncer error: Network error (ERR_INTERNET_DISCONNECTED)
2026-05-16 23:43:18.818: [INFO][SyncSchedulerImpl::DoPollSyncCycleJob] Syncer error: Network error (ERR_INTERNET_DISCONNECTED)
2026-05-16 23:43:18.820: [WARN][Sync] NetworkError: Network error (ERR_INTERNET_DISCONNECTED)
2026-05-16 23:43:25.080: [INFO][SyncSchedulerImpl::OnSyncNetworkError] Syncer error: Network error (ERR_INTERNET_DISCONNECTED)
2026-05-16 23:43:25.081: [INFO][SyncSchedulerImpl::DoPollSyncCycleJob] Syncer error: Network error (ERR_INTERNET_DISCONNECTED)
2026-05-16 23:43:25.083: [WARN][Sync] NetworkError: Network error (ERR_INTERNET_DISCONNECTED)
2026-05-16 23:43:40.719: [INFO][SyncSchedulerImpl::OnSyncNetworkError] Syncer error: Network error (ERR_INTERNET_DISCONNECTED)
2026-05-16 23:43:40.719: [INFO][SyncSchedulerImpl::DoPollSyncCycleJob] Syncer error: Network error (ERR_INTERNET_DISCONNECTED)
2026-05-16 23:43:40.723: [WARN][Sync] NetworkError: Network error (ERR_INTERNET_DISCONNECTED)
2026-05-16 23:44:19.789: [INFO][SyncSchedulerImpl::OnSyncNetworkError] Syncer error: Network error (ERR_INTERNET_DISCONNECTED)
2026-05-16 23:44:19.789: [INFO][SyncSchedulerImpl::DoPollSyncCycleJob] Syncer error: Network error (ERR_INTERNET_DISCONNECTED)
2026-05-16 23:44:19.792: [WARN][Sync] NetworkError: Network error (ERR_INTERNET_DISCONNECTED)
2026-05-16 23:45:57.460: [INFO][SyncSchedulerImpl::OnSyncNetworkError] Syncer error: Network error (ERR_INTERNET_DISCONNECTED)
2026-05-16 23:45:57.460: [INFO][SyncSchedulerImpl::DoPollSyncCycleJob] Syncer error: Network error (ERR_INTERNET_DISCONNECTED)
2026-05-16 23:45:57.473: [WARN][Sync] NetworkError: Network error (ERR_INTERNET_DISCONNECTED)
2026-05-16 23:48:23.963: [INFO][SyncSchedulerImpl::OnSyncNetworkError] Syncer error: Network error (ERR_INTERNET_DISCONNECTED)
2026-05-16 23:48:23.964: [INFO][SyncSchedulerImpl::DoPollSyncCycleJob] Syncer error: Network error (ERR_INTERNET_DISCONNECTED)
2026-05-16 23:48:23.977: [WARN][Sync] NetworkError: Network error (ERR_INTERNET_DISCONNECTED)
2026-05-16 23:50:48.106: [INFO][Sync] Connection status changed to: 2
2026-05-16 23:50:48.106: [INFO][SyncSchedulerImpl::OnSyncNetworkError] Syncer error: HTTP error (401)
2026-05-16 23:50:48.106: [INFO][SyncSchedulerImpl::DoPollSyncCycleJob] Syncer error: HTTP error (401)
2026-05-16 23:50:48.128: [WARN][Sync] NetworkError: HTTP error (401)
2026-05-16 23:51:00.022: [INFO][SyncAuthManager::SetLastAuthError] Current auth error: None
2026-05-16 23:51:00.022: [INFO][SyncAuthManager::EdgeLogTokenErrorState] Token error with: None for account type: MSA
2026-05-16 23:51:00.022: [INFO][Sync] Credentials changed for: EdgeSyncScopeNew
2026-05-16 23:51:01.161: [INFO][SyncAuthManager::SetLastAuthError] Current auth error: None
2026-05-16 23:51:01.161: [INFO][SyncAuthManager::EdgeLogTokenErrorState] Token error with: None for account type: MSA
2026-05-16 23:51:01.161: [INFO][Sync] Credentials changed for: EdgeSyncKeyDataScope
2026-05-16 23:51:01.161: [INFO][SyncEngineBackend::DoUpdateKeyDataCredentials] Update key data credentials
2026-05-16 23:51:01.161: [INFO][SyncEngineBackend::DoUpdateCredentials] Update credentials
2026-05-17 00:12:38.876: [INFO][Sync] Reset engine, reason: 0
2026-05-17 00:12:38.876: [INFO][Sync] Reset engine with reason: 0
2026-05-17 00:14:31.667: [INFO][Sync] SyncState after authenticated was: FeatureCanStart
2026-05-17 00:14:43.091: [INFO][Sync] Try to start sync engine
2026-05-17 00:14:43.092: [INFO][SyncManagerImpl::NudgeForInitialDownload] Initial download nudge for Encryption Keys
2026-05-17 00:14:43.092: [INFO][SyncEngineBackend::LoadAndConnectNigoriController] Load and connect Nigori controller
2026-05-17 00:14:43.092: [INFO][SyncEngineBackend::DoInitialize] Control Types added: Encryption Keys
2026-05-17 00:14:43.092: [INFO][SyncManagerImpl::ConfigureSyncer] Types to download: Encryption Keys with reason: 3
2026-05-17 00:14:43.092: [INFO][SyncSchedulerImpl::DoConfigurationSyncCycleJob] Configure job was blocked
2026-05-17 00:14:43.342: [INFO][SyncAuthManager::SetLastAuthError] Current auth error: None
2026-05-17 00:14:43.342: [INFO][SyncAuthManager::EdgeLogTokenErrorState] Token error with: None for account type: MSA
2026-05-17 00:14:43.342: [INFO][Sync] Credentials changed for: EdgeSyncKeyDataScope
2026-05-17 00:14:43.342: [INFO][SyncEngineBackend::DoUpdateKeyDataCredentials] Update key data credentials
2026-05-17 00:14:43.356: [INFO][SyncAuthManager::SetLastAuthError] Current auth error: None
2026-05-17 00:14:43.356: [INFO][SyncAuthManager::EdgeLogTokenErrorState] Token error with: None for account type: MSA
2026-05-17 00:14:43.356: [INFO][Sync] Credentials changed for: EdgeSyncScopeNew
2026-05-17 00:14:43.357: [INFO][SyncEngineBackend::DoUpdateCredentials] Update credentials
2026-05-17 00:14:43.357: [INFO][SyncEngineBackend::DoUpdateKeyDataCredentials] Update key data credentials
2026-05-17 00:14:43.357: [INFO][SyncSchedulerImpl::DoConfigurationSyncCycleJob] Blocked types:  and types to download: Encryption Keys
2026-05-17 00:14:45.876: [INFO][Sync] Started DataTypeManager configuration, reason: 4
2026-05-17 00:14:45.876: [INFO][Sync] Configuring for: Bookmarks, Preferences, Passwords, Autofill Profiles, Autofill, Extensions, Sessions, Extension settings, History Delete Directives, Device Info, User Consents, Send Tab To Self, Web Apps, History, Saved Tab Group, WebAuthn Credentials, Collection, Edge E Drop, Edge Hub App Usage, Edge Wallet, Edge Workspace, Encryption Keys, reason: 4, current state: 0
2026-05-17 00:14:45.876: [WARN][Sync] Crypto error data types: Passwords, Autofill Profiles, Autofill
2026-05-17 00:14:45.881: [INFO][Sync] Configure, desired: Bookmarks, Preferences, Extensions, Sessions, Extension settings, History Delete Directives, Device Info, User Consents, Send Tab To Self, Web Apps, History, Saved Tab Group, WebAuthn Credentials, Collection, Edge E Drop, Edge Hub App Usage, Edge Wallet, Edge Workspace, Encryption Keys; Allow fail: Passwords, Autofill Profiles, Autofill
2026-05-17 00:14:45.881: [INFO][Sync] Loading: Bookmarks
2026-05-17 00:14:45.881: [INFO][Sync] Loading: Preferences
2026-05-17 00:14:45.881: [INFO][Sync] Loading: Extensions
2026-05-17 00:14:45.881: [INFO][Sync] Loading: Sessions
2026-05-17 00:14:45.881: [INFO][Sync] Loading: Extension settings
2026-05-17 00:14:45.881: [INFO][Sync] Loading: History Delete Directives
2026-05-17 00:14:45.881: [INFO][Sync] Loading: Device Info
2026-05-17 00:14:45.881: [INFO][Sync] Loading: User Consents
2026-05-17 00:14:45.881: [INFO][Sync] Loading: Send Tab To Self
2026-05-17 00:14:45.881: [INFO][Sync] Loading: Web Apps
2026-05-17 00:14:45.881: [INFO][Sync] Loading: History
2026-05-17 00:14:45.881: [INFO][Sync] Loading: Saved Tab Group
2026-05-17 00:14:45.881: [INFO][Sync] Loading: WebAuthn Credentials
2026-05-17 00:14:45.881: [INFO][Sync] Loading: Collection
2026-05-17 00:14:45.881: [INFO][Sync] Loading: Edge E Drop
2026-05-17 00:14:45.881: [INFO][Sync] Loading: Edge Hub App Usage
2026-05-17 00:14:45.881: [INFO][Sync] Loading: Edge Wallet
2026-05-17 00:14:45.881: [INFO][Sync] Loading: Edge Workspace
2026-05-17 00:14:45.897: [INFO][Sync] All data types are ready for configure.
2026-05-17 00:14:47.317: [INFO][Sync] Started DataTypeManager configuration, reason: 5
2026-05-17 00:14:47.317: [INFO][Sync] Configuring for: Bookmarks, Preferences, Passwords, Autofill Profiles, Autofill, Extensions, Sessions, Extension settings, History Delete Directives, Device Info, User Consents, Send Tab To Self, Web Apps, History, Saved Tab Group, WebAuthn Credentials, Collection, Edge E Drop, Edge Hub App Usage, Edge Wallet, Edge Workspace, Encryption Keys, reason: 5, current state: 1
2026-05-17 00:14:47.327: [INFO][SyncEngineBackend::DoStartConfiguration] Start configuration
2026-05-17 00:14:47.327: [INFO][SyncManagerImpl::ConfigureSyncer] Types to download:  with reason: 4
2026-05-17 00:14:47.327: [INFO][SyncEngineBackend::DoFinishConfigureDataTypes] Failed to download types:  and succeeded types: 
2026-05-17 00:14:47.331: [INFO][Sync] ConfigurationDone, failed: , succeeded: , remaining count: 4
2026-05-17 00:14:47.331: [WARN][Sync]     Reconfigure requested while configuration ongoing.
2026-05-17 00:14:47.331: [INFO][Sync] Configuring for: Bookmarks, Preferences, Passwords, Autofill Profiles, Autofill, Extensions, Sessions, Extension settings, History Delete Directives, Device Info, User Consents, Send Tab To Self, Web Apps, History, Saved Tab Group, WebAuthn Credentials, Collection, Edge E Drop, Edge Hub App Usage, Edge Wallet, Edge Workspace, Encryption Keys, reason: 5, current state: 2
2026-05-17 00:14:47.331: [INFO][Sync] Configure, desired: Bookmarks, Preferences, Passwords, Autofill Profiles, Autofill, Extensions, Sessions, Extension settings, History Delete Directives, Device Info, User Consents, Send Tab To Self, Web Apps, History, Saved Tab Group, WebAuthn Credentials, Collection, Edge E Drop, Edge Hub App Usage, Edge Wallet, Edge Workspace, Encryption Keys; Allow fail: 
2026-05-17 00:14:47.331: [INFO][Sync] Loading: Passwords
2026-05-17 00:14:47.331: [INFO][Sync] Loading: Autofill Profiles
2026-05-17 00:14:47.331: [INFO][Sync] Loading: Autofill
2026-05-17 00:14:47.331: [INFO][Sync] All data types are ready for configure.
2026-05-17 00:14:47.331: [INFO][SyncManagerImpl::NudgeForInitialDownload] Initial download nudge for Passwords
2026-05-17 00:14:47.331: [INFO][SyncManagerImpl::ConfigureSyncer] Types to download:  with reason: 5
2026-05-17 00:14:47.331: [INFO][SyncEngineBackend::DoFinishConfigureDataTypes] Failed to download types:  and succeeded types: 
2026-05-17 00:14:47.332: [INFO][Sync] ConfigurationDone, failed: , succeeded: , remaining count: 4
2026-05-17 00:14:47.332: [INFO][Sync] Prepare to configure types: Passwords, Encryption Keys
2026-05-17 00:14:47.332: [INFO][SyncManagerImpl::ConfigureSyncer] Types to download: Passwords, Encryption Keys with reason: 5
2026-05-17 00:14:47.332: [INFO][SyncSchedulerImpl::DoConfigurationSyncCycleJob] Blocked types:  and types to download: Passwords, Encryption Keys
2026-05-17 00:14:49.007: [INFO][SyncEngineBackend::DoFinishConfigureDataTypes] Failed to download types:  and succeeded types: Passwords, Encryption Keys
2026-05-17 00:14:49.017: [INFO][Sync] ConfigurationDone, failed: , succeeded: Passwords, Encryption Keys, remaining count: 3
2026-05-17 00:14:49.017: [INFO][SyncManagerImpl::ConfigureSyncer] Types to download:  with reason: 5
2026-05-17 00:14:49.017: [INFO][SyncEngineBackend::DoFinishConfigureDataTypes] Failed to download types:  and succeeded types: 
2026-05-17 00:14:49.017: [INFO][Sync] ConfigurationDone, failed: , succeeded: , remaining count: 2
2026-05-17 00:14:49.017: [INFO][SyncManagerImpl::ConfigureSyncer] Types to download:  with reason: 5
2026-05-17 00:14:49.017: [INFO][SyncEngineBackend::DoFinishConfigureDataTypes] Failed to download types:  and succeeded types: 
2026-05-17 00:14:49.017: [INFO][Sync] ConfigurationDone, failed: , succeeded: , remaining count: 1
2026-05-17 00:14:49.027: [INFO][SyncManagerImpl::ConfigureSyncer] Types to download:  with reason: 5
2026-05-17 00:14:49.027: [INFO][SyncEngineBackend::DoFinishConfigureDataTypes] Failed to download types:  and succeeded types: 
2026-05-17 00:14:49.027: [INFO][Sync] ConfigurationDone, failed: , succeeded: , remaining count: 0
2026-05-17 00:14:49.035: [INFO][Sync]     Configuration completed, state: 7
2026-05-17 00:14:49.035: [INFO][Sync] Configured DataTypeManager: Ok
2026-05-17 00:14:49.042: [INFO][SyncEngineBackend::DoStartSyncing] Start syncing
2026-05-17 00:23:52.804: [INFO][Sync] Reset engine, reason: 0
2026-05-17 00:23:52.804: [INFO][Sync] Reset engine with reason: 0
2026-05-17 00:25:30.082: [INFO][Sync] Reset engine, reason: 8
2026-05-17 00:25:30.082: [INFO][Sync] Stopped: Bookmarks
2026-05-17 00:25:30.082: [INFO][Sync] Stopped: Preferences
2026-05-17 00:25:30.082: [INFO][Sync] Stopped: Passwords
2026-05-17 00:25:30.082: [INFO][Sync] Stopped: Autofill Profiles
2026-05-17 00:25:30.082: [INFO][Sync] Stopped: Autofill
2026-05-17 00:25:30.082: [INFO][Sync] Stopped: Extensions
2026-05-17 00:25:30.082: [INFO][Sync] Stopped: Sessions
2026-05-17 00:25:30.082: [INFO][Sync] Stopped: Extension settings
2026-05-17 00:25:30.082: [INFO][Sync] Stopped: History Delete Directives
2026-05-17 00:25:30.082: [INFO][Sync] Stopped: Device Info
2026-05-17 00:25:30.082: [INFO][Sync] Stopped: User Consents
2026-05-17 00:25:30.082: [INFO][Sync] Stopped: Send Tab To Self
2026-05-17 00:25:30.082: [INFO][Sync] Stopped: Web Apps
2026-05-17 00:25:30.082: [INFO][Sync] Stopped: History
2026-05-17 00:25:30.082: [INFO][Sync] Stopped: Saved Tab Group
2026-05-17 00:25:30.082: [INFO][Sync] Stopped: WebAuthn Credentials
2026-05-17 00:25:30.082: [INFO][Sync] Stopped: Collection
2026-05-17 00:25:30.082: [INFO][Sync] Stopped: Edge E Drop
2026-05-17 00:25:30.082: [INFO][Sync] Stopped: Edge Hub App Usage
2026-05-17 00:25:30.082: [INFO][Sync] Stopped: Edge Journey
2026-05-17 00:25:30.082: [INFO][Sync] Stopped: Edge Wallet
2026-05-17 00:25:30.082: [INFO][Sync] Stopped: Edge Workspace
2026-05-17 00:25:30.082: [INFO][Sync] SyncState after authenticated was: NotSignedIn
2026-05-17 00:25:30.520: [INFO][Sync] Reset engine, reason: 8
2026-05-17 00:25:30.520: [INFO][Sync] Stopped: Bookmarks
2026-05-17 00:25:30.520: [INFO][Sync] Stopped: Preferences
2026-05-17 00:25:30.520: [INFO][Sync] Stopped: Passwords
2026-05-17 00:25:30.520: [INFO][Sync] Stopped: Autofill Profiles
2026-05-17 00:25:30.520: [INFO][Sync] Stopped: Autofill
2026-05-17 00:25:30.520: [INFO][Sync] Stopped: Extensions
2026-05-17 00:25:30.520: [INFO][Sync] Stopped: Sessions
2026-05-17 00:25:30.520: [INFO][Sync] Stopped: Extension settings
2026-05-17 00:25:30.520: [INFO][Sync] Stopped: History Delete Directives
2026-05-17 00:25:30.520: [INFO][Sync] Stopped: Device Info
2026-05-17 00:25:30.520: [INFO][Sync] Stopped: User Consents
2026-05-17 00:25:30.520: [INFO][Sync] Stopped: Send Tab To Self
2026-05-17 00:25:30.520: [INFO][Sync] Stopped: Web Apps
2026-05-17 00:25:30.520: [INFO][Sync] Stopped: History
2026-05-17 00:25:30.520: [INFO][Sync] Stopped: Saved Tab Group
2026-05-17 00:25:30.520: [INFO][Sync] Stopped: WebAuthn Credentials
2026-05-17 00:25:30.520: [INFO][Sync] Stopped: Collection
2026-05-17 00:25:30.520: [INFO][Sync] Stopped: Edge E Drop
2026-05-17 00:25:30.520: [INFO][Sync] Stopped: Edge Hub App Usage
2026-05-17 00:25:30.520: [INFO][Sync] Stopped: Edge Journey
2026-05-17 00:25:30.520: [INFO][Sync] Stopped: Edge Wallet
2026-05-17 00:25:30.520: [INFO][Sync] Stopped: Edge Workspace
2026-05-17 00:25:44.202: [INFO][Sync] Try to start sync engine
2026-05-17 00:25:44.203: [INFO][SyncManagerImpl::NudgeForInitialDownload] Initial download nudge for Encryption Keys
2026-05-17 00:25:44.203: [INFO][SyncEngineBackend::LoadAndConnectNigoriController] Load and connect Nigori controller
2026-05-17 00:25:44.203: [INFO][SyncEngineBackend::DoInitialize] Control Types added: Encryption Keys
2026-05-17 00:25:44.203: [INFO][SyncManagerImpl::ConfigureSyncer] Types to download: Encryption Keys with reason: 3
2026-05-17 00:25:44.203: [INFO][SyncSchedulerImpl::DoConfigurationSyncCycleJob] Configure job was blocked
2026-05-17 00:25:44.238: [INFO][SyncAuthManager::SetLastAuthError] Current auth error: None
2026-05-17 00:25:44.238: [INFO][SyncAuthManager::EdgeLogTokenErrorState] Token error with: None for account type: MSA
2026-05-17 00:25:44.239: [INFO][Sync] Credentials changed for: EdgeSyncScopeNew
2026-05-17 00:25:47.734: [INFO][SyncAuthManager::SetLastAuthError] Current auth error: None
2026-05-17 00:25:47.734: [INFO][SyncAuthManager::EdgeLogTokenErrorState] Token error with: None for account type: MSA
2026-05-17 00:25:47.734: [INFO][Sync] Credentials changed for: EdgeSyncKeyDataScope
2026-05-17 00:25:47.734: [INFO][SyncEngineBackend::DoUpdateKeyDataCredentials] Update key data credentials
2026-05-17 00:25:47.734: [INFO][SyncEngineBackend::DoUpdateCredentials] Update credentials
2026-05-17 00:25:47.734: [INFO][SyncSchedulerImpl::DoConfigurationSyncCycleJob] Blocked types:  and types to download: Encryption Keys
2026-05-17 00:25:49.248: [INFO][Sync] Started DataTypeManager configuration, reason: 4
2026-05-17 00:25:49.248: [INFO][Sync] Configuring for: Bookmarks, Preferences, Passwords, Autofill Profiles, Autofill, Extensions, Sessions, Extension settings, History Delete Directives, Device Info, User Consents, Send Tab To Self, Web Apps, History, Saved Tab Group, WebAuthn Credentials, Collection, Edge E Drop, Edge Hub App Usage, Edge Wallet, Edge Workspace, Encryption Keys, reason: 4, current state: 0
2026-05-17 00:25:49.248: [WARN][Sync] Crypto error data types: Passwords, Autofill Profiles, Autofill
2026-05-17 00:25:49.256: [INFO][Sync] Configure, desired: Bookmarks, Preferences, Extensions, Sessions, Extension settings, History Delete Directives, Device Info, User Consents, Send Tab To Self, Web Apps, History, Saved Tab Group, WebAuthn Credentials, Collection, Edge E Drop, Edge Hub App Usage, Edge Wallet, Edge Workspace, Encryption Keys; Allow fail: Passwords, Autofill Profiles, Autofill
2026-05-17 00:25:49.256: [INFO][Sync] Loading: Bookmarks
2026-05-17 00:25:49.256: [INFO][Sync] Loading: Preferences
2026-05-17 00:25:49.256: [INFO][Sync] Loading: Extensions
2026-05-17 00:25:49.256: [INFO][Sync] Loading: Sessions
2026-05-17 00:25:49.256: [INFO][Sync] Loading: Extension settings
2026-05-17 00:25:49.256: [INFO][Sync] Loading: History Delete Directives
2026-05-17 00:25:49.256: [INFO][Sync] Loading: Device Info
2026-05-17 00:25:49.256: [INFO][Sync] Loading: User Consents
2026-05-17 00:25:49.256: [INFO][Sync] Loading: Send Tab To Self
2026-05-17 00:25:49.256: [INFO][Sync] Loading: Web Apps
2026-05-17 00:25:49.256: [INFO][Sync] Loading: History
2026-05-17 00:25:49.256: [INFO][Sync] Loading: Saved Tab Group
2026-05-17 00:25:49.256: [INFO][Sync] Loading: WebAuthn Credentials
2026-05-17 00:25:49.256: [INFO][Sync] Loading: Collection
2026-05-17 00:25:49.256: [INFO][Sync] Loading: Edge E Drop
2026-05-17 00:25:49.256: [INFO][Sync] Loading: Edge Hub App Usage
2026-05-17 00:25:49.256: [INFO][Sync] Loading: Edge Wallet
2026-05-17 00:25:49.256: [INFO][Sync] Loading: Edge Workspace
2026-05-17 00:25:49.991: [INFO][Sync] All data types are ready for configure.
2026-05-17 00:25:50.444: [INFO][Sync] Started DataTypeManager configuration, reason: 5
2026-05-17 00:25:50.444: [INFO][Sync] Configuring for: Bookmarks, Preferences, Passwords, Autofill Profiles, Autofill, Extensions, Sessions, Extension settings, History Delete Directives, Device Info, User Consents, Send Tab To Self, Web Apps, History, Saved Tab Group, WebAuthn Credentials, Collection, Edge E Drop, Edge Hub App Usage, Edge Wallet, Edge Workspace, Encryption Keys, reason: 5, current state: 1
2026-05-17 00:25:50.457: [INFO][SyncEngineBackend::DoStartConfiguration] Start configuration
2026-05-17 00:25:50.457: [INFO][SyncManagerImpl::NudgeForInitialDownload] Initial download nudge for Bookmarks
2026-05-17 00:25:50.457: [INFO][SyncManagerImpl::NudgeForInitialDownload] Initial download nudge for Preferences
2026-05-17 00:25:50.457: [INFO][SyncManagerImpl::NudgeForInitialDownload] Initial download nudge for Extensions
2026-05-17 00:25:50.457: [INFO][SyncManagerImpl::NudgeForInitialDownload] Initial download nudge for Sessions
2026-05-17 00:25:50.457: [INFO][SyncManagerImpl::NudgeForInitialDownload] Initial download nudge for Extension settings
2026-05-17 00:25:50.457: [INFO][SyncManagerImpl::NudgeForInitialDownload] Initial download nudge for History Delete Directives
2026-05-17 00:25:50.457: [INFO][SyncManagerImpl::NudgeForInitialDownload] Initial download nudge for Device Info
2026-05-17 00:25:50.457: [INFO][SyncManagerImpl::NudgeForInitialDownload] Initial download nudge for Send Tab To Self
2026-05-17 00:25:50.457: [INFO][SyncManagerImpl::NudgeForInitialDownload] Initial download nudge for Web Apps
2026-05-17 00:25:50.457: [INFO][SyncManagerImpl::NudgeForInitialDownload] Initial download nudge for History
2026-05-17 00:25:50.457: [INFO][SyncManagerImpl::NudgeForInitialDownload] Initial download nudge for Saved Tab Group
2026-05-17 00:25:50.457: [INFO][SyncManagerImpl::NudgeForInitialDownload] Initial download nudge for WebAuthn Credentials
2026-05-17 00:25:50.457: [INFO][SyncManagerImpl::NudgeForInitialDownload] Initial download nudge for Collection
2026-05-17 00:25:50.457: [INFO][SyncManagerImpl::NudgeForInitialDownload] Initial download nudge for Edge E Drop
2026-05-17 00:25:50.457: [INFO][SyncManagerImpl::NudgeForInitialDownload] Initial download nudge for Edge Hub App Usage
2026-05-17 00:25:50.457: [INFO][SyncManagerImpl::NudgeForInitialDownload] Initial download nudge for Edge Wallet
2026-05-17 00:25:50.457: [INFO][SyncManagerImpl::NudgeForInitialDownload] Initial download nudge for Edge Workspace
2026-05-17 00:25:50.457: [INFO][SyncManagerImpl::ConfigureSyncer] Types to download:  with reason: 4
2026-05-17 00:25:50.457: [INFO][SyncEngineBackend::DoFinishConfigureDataTypes] Failed to download types:  and succeeded types: 
2026-05-17 00:25:50.457: [INFO][Sync] ConfigurationDone, failed: , succeeded: , remaining count: 4
2026-05-17 00:25:50.457: [WARN][Sync]     Reconfigure requested while configuration ongoing.
2026-05-17 00:25:50.457: [INFO][Sync] Configuring for: Bookmarks, Preferences, Passwords, Autofill Profiles, Autofill, Extensions, Sessions, Extension settings, History Delete Directives, Device Info, User Consents, Send Tab To Self, Web Apps, History, Saved Tab Group, WebAuthn Credentials, Collection, Edge E Drop, Edge Hub App Usage, Edge Wallet, Edge Workspace, Encryption Keys, reason: 5, current state: 2
2026-05-17 00:25:50.457: [INFO][Sync] Configure, desired: Bookmarks, Preferences, Passwords, Autofill Profiles, Autofill, Extensions, Sessions, Extension settings, History Delete Directives, Device Info, User Consents, Send Tab To Self, Web Apps, History, Saved Tab Group, WebAuthn Credentials, Collection, Edge E Drop, Edge Hub App Usage, Edge Wallet, Edge Workspace, Encryption Keys; Allow fail: 
2026-05-17 00:25:50.457: [INFO][Sync] Loading: Passwords
2026-05-17 00:25:50.457: [INFO][Sync] Loading: Autofill Profiles
2026-05-17 00:25:50.457: [INFO][Sync] Loading: Autofill
2026-05-17 00:25:50.457: [INFO][Sync] All data types are ready for configure.
2026-05-17 00:25:50.458: [INFO][SyncManagerImpl::NudgeForInitialDownload] Initial download nudge for Passwords
2026-05-17 00:25:50.458: [INFO][SyncManagerImpl::NudgeForInitialDownload] Initial download nudge for Autofill Profiles
2026-05-17 00:25:50.458: [INFO][SyncManagerImpl::NudgeForInitialDownload] Initial download nudge for Autofill
2026-05-17 00:25:50.458: [INFO][SyncManagerImpl::ConfigureSyncer] Types to download:  with reason: 5
2026-05-17 00:25:50.458: [INFO][SyncEngineBackend::DoFinishConfigureDataTypes] Failed to download types:  and succeeded types: 
2026-05-17 00:25:50.458: [INFO][Sync] ConfigurationDone, failed: , succeeded: , remaining count: 4
2026-05-17 00:25:50.458: [INFO][Sync] Prepare to configure types: Preferences, Passwords, Device Info, Send Tab To Self, Edge E Drop, Encryption Keys
2026-05-17 00:25:50.458: [INFO][SyncManagerImpl::ConfigureSyncer] Types to download: Preferences, Passwords, Device Info, Send Tab To Self, Edge E Drop, Encryption Keys with reason: 5
2026-05-17 00:25:50.458: [INFO][SyncSchedulerImpl::DoConfigurationSyncCycleJob] Blocked types:  and types to download: Preferences, Passwords, Device Info, Send Tab To Self, Edge E Drop, Encryption Keys
2026-05-17 00:25:51.398: [INFO][SyncEngineBackend::DoFinishConfigureDataTypes] Failed to download types:  and succeeded types: Preferences, Passwords, Device Info, Send Tab To Self, Edge E Drop, Encryption Keys
2026-05-17 00:25:51.408: [INFO][Sync] ConfigurationDone, failed: , succeeded: Preferences, Passwords, Device Info, Send Tab To Self, Edge E Drop, Encryption Keys, remaining count: 3
2026-05-17 00:25:51.408: [INFO][Sync] Prepare to configure types: Bookmarks, Encryption Keys
2026-05-17 00:25:51.408: [INFO][SyncManagerImpl::ConfigureSyncer] Types to download: Bookmarks, Encryption Keys with reason: 5
2026-05-17 00:25:51.408: [INFO][SyncSchedulerImpl::DoConfigurationSyncCycleJob] Blocked types:  and types to download: Bookmarks, Encryption Keys
2026-05-17 00:25:52.469: [INFO][SyncEngineBackend::DoFinishConfigureDataTypes] Failed to download types:  and succeeded types: Bookmarks, Encryption Keys
2026-05-17 00:25:52.477: [INFO][Sync] ConfigurationDone, failed: , succeeded: Bookmarks, Encryption Keys, remaining count: 2
2026-05-17 00:25:52.477: [INFO][Sync] Prepare to configure types: Autofill Profiles, Autofill, Extensions, Sessions, Extension settings, History Delete Directives, Web Apps, Saved Tab Group, WebAuthn Credentials, Collection, Edge Hub App Usage, Edge Wallet, Edge Workspace, Encryption Keys
2026-05-17 00:25:52.477: [INFO][SyncManagerImpl::ConfigureSyncer] Types to download: Autofill Profiles, Autofill, Extensions, Sessions, Extension settings, History Delete Directives, Web Apps, Saved Tab Group, WebAuthn Credentials, Collection, Edge Hub App Usage, Edge Wallet, Edge Workspace, Encryption Keys with reason: 5
2026-05-17 00:25:52.477: [INFO][SyncSchedulerImpl::DoConfigurationSyncCycleJob] Blocked types:  and types to download: Autofill Profiles, Autofill, Extensions, Sessions, Extension settings, History Delete Directives, Web Apps, Saved Tab Group, WebAuthn Credentials, Collection, Edge Hub App Usage, Edge Wallet, Edge Workspace, Encryption Keys
2026-05-17 00:25:54.974: [INFO][SyncEngineBackend::DoFinishConfigureDataTypes] Failed to download types:  and succeeded types: Autofill Profiles, Autofill, Extensions, Sessions, Extension settings, History Delete Directives, Web Apps, Saved Tab Group, WebAuthn Credentials, Collection, Edge Hub App Usage, Edge Wallet, Edge Workspace, Encryption Keys
2026-05-17 00:25:54.982: [INFO][Sync] ConfigurationDone, failed: , succeeded: Autofill Profiles, Autofill, Extensions, Sessions, Extension settings, History Delete Directives, Web Apps, Saved Tab Group, WebAuthn Credentials, Collection, Edge Hub App Usage, Edge Wallet, Edge Workspace, Encryption Keys, remaining count: 1
2026-05-17 00:25:54.989: [INFO][Sync] Prepare to configure types: History, Encryption Keys
2026-05-17 00:25:54.989: [INFO][SyncManagerImpl::ConfigureSyncer] Types to download: History, Encryption Keys with reason: 5
2026-05-17 00:25:54.989: [INFO][SyncSchedulerImpl::DoConfigurationSyncCycleJob] Blocked types:  and types to download: History, Encryption Keys
2026-05-17 00:26:09.545: [INFO][SyncEngineBackend::DoFinishConfigureDataTypes] Failed to download types:  and succeeded types: History, Encryption Keys
2026-05-17 00:26:09.552: [INFO][Sync] ConfigurationDone, failed: , succeeded: History, Encryption Keys, remaining count: 0
2026-05-17 00:26:09.557: [INFO][Sync]     Configuration completed, state: 7
2026-05-17 00:26:09.557: [INFO][Sync] Configured DataTypeManager: Ok
2026-05-17 00:26:09.564: [INFO][SyncEngineBackend::DoStartSyncing] Start syncing
2026-05-17 00:38:32.401: [INFO][Sync] Reset engine, reason: 0
2026-05-17 00:38:32.401: [INFO][Sync] Reset engine with reason: 0
2026-05-17 00:39:48.552: [INFO][Sync] SyncState after authenticated was: FeatureCanStart
2026-05-17 00:39:58.663: [INFO][Sync] Try to start sync engine
2026-05-17 00:39:58.664: [INFO][SyncManagerImpl::NudgeForInitialDownload] Initial download nudge for Encryption Keys
2026-05-17 00:39:58.664: [INFO][SyncEngineBackend::LoadAndConnectNigoriController] Load and connect Nigori controller
2026-05-17 00:39:58.664: [INFO][SyncEngineBackend::DoInitialize] Control Types added: Encryption Keys
2026-05-17 00:39:58.664: [INFO][SyncManagerImpl::ConfigureSyncer] Types to download: Encryption Keys with reason: 3
2026-05-17 00:39:58.665: [INFO][SyncSchedulerImpl::DoConfigurationSyncCycleJob] Configure job was blocked
2026-05-17 00:39:58.671: [INFO][SyncAuthManager::SetLastAuthError] Current auth error: None
2026-05-17 00:39:58.672: [INFO][SyncAuthManager::EdgeLogTokenErrorState] Token error with: None for account type: MSA
2026-05-17 00:39:58.672: [INFO][Sync] Credentials changed for: EdgeSyncScopeNew
2026-05-17 00:39:58.713: [INFO][SyncAuthManager::SetLastAuthError] Current auth error: None
2026-05-17 00:39:58.713: [INFO][SyncAuthManager::EdgeLogTokenErrorState] Token error with: None for account type: MSA
2026-05-17 00:39:58.713: [INFO][Sync] Credentials changed for: EdgeSyncKeyDataScope
2026-05-17 00:39:58.713: [INFO][SyncEngineBackend::DoUpdateKeyDataCredentials] Update key data credentials
2026-05-17 00:39:58.713: [INFO][SyncEngineBackend::DoUpdateCredentials] Update credentials
2026-05-17 00:39:58.713: [INFO][SyncSchedulerImpl::DoConfigurationSyncCycleJob] Blocked types:  and types to download: Encryption Keys
2026-05-17 00:40:00.397: [INFO][Sync] Started DataTypeManager configuration, reason: 4
2026-05-17 00:40:00.397: [INFO][Sync] Configuring for: Bookmarks, Preferences, Passwords, Autofill Profiles, Autofill, Extensions, Sessions, Extension settings, History Delete Directives, Device Info, User Consents, Send Tab To Self, Web Apps, History, Saved Tab Group, WebAuthn Credentials, Collection, Edge E Drop, Edge Hub App Usage, Edge Wallet, Edge Workspace, Encryption Keys, reason: 4, current state: 0
2026-05-17 00:40:00.398: [WARN][Sync] Crypto error data types: Passwords, Autofill Profiles, Autofill
2026-05-17 00:40:00.400: [INFO][Sync] Configure, desired: Bookmarks, Preferences, Extensions, Sessions, Extension settings, History Delete Directives, Device Info, User Consents, Send Tab To Self, Web Apps, History, Saved Tab Group, WebAuthn Credentials, Collection, Edge E Drop, Edge Hub App Usage, Edge Wallet, Edge Workspace, Encryption Keys; Allow fail: Passwords, Autofill Profiles, Autofill
2026-05-17 00:40:00.400: [INFO][Sync] Loading: Bookmarks
2026-05-17 00:40:00.400: [INFO][Sync] Loading: Preferences
2026-05-17 00:40:00.400: [INFO][Sync] Loading: Extensions
2026-05-17 00:40:00.400: [INFO][Sync] Loading: Sessions
2026-05-17 00:40:00.400: [INFO][Sync] Loading: Extension settings
2026-05-17 00:40:00.400: [INFO][Sync] Loading: History Delete Directives
2026-05-17 00:40:00.400: [INFO][Sync] Loading: Device Info
2026-05-17 00:40:00.400: [INFO][Sync] Loading: User Consents
2026-05-17 00:40:00.400: [INFO][Sync] Loading: Send Tab To Self
2026-05-17 00:40:00.400: [INFO][Sync] Loading: Web Apps
2026-05-17 00:40:00.400: [INFO][Sync] Loading: History
2026-05-17 00:40:00.400: [INFO][Sync] Loading: Saved Tab Group
2026-05-17 00:40:00.400: [INFO][Sync] Loading: WebAuthn Credentials
2026-05-17 00:40:00.400: [INFO][Sync] Loading: Collection
2026-05-17 00:40:00.400: [INFO][Sync] Loading: Edge E Drop
2026-05-17 00:40:00.400: [INFO][Sync] Loading: Edge Hub App Usage
2026-05-17 00:40:00.400: [INFO][Sync] Loading: Edge Wallet
2026-05-17 00:40:00.400: [INFO][Sync] Loading: Edge Workspace
2026-05-17 00:40:00.405: [INFO][Sync] All data types are ready for configure.
2026-05-17 00:40:01.745: [INFO][Sync] Started DataTypeManager configuration, reason: 5
2026-05-17 00:40:01.745: [INFO][Sync] Configuring for: Bookmarks, Preferences, Passwords, Autofill Profiles, Autofill, Extensions, Sessions, Extension settings, History Delete Directives, Device Info, User Consents, Send Tab To Self, Web Apps, History, Saved Tab Group, WebAuthn Credentials, Collection, Edge E Drop, Edge Hub App Usage, Edge Wallet, Edge Workspace, Encryption Keys, reason: 5, current state: 1
2026-05-17 00:40:01.754: [INFO][SyncEngineBackend::DoStartConfiguration] Start configuration
2026-05-17 00:40:01.755: [INFO][SyncManagerImpl::ConfigureSyncer] Types to download:  with reason: 4
2026-05-17 00:40:01.755: [INFO][SyncEngineBackend::DoFinishConfigureDataTypes] Failed to download types:  and succeeded types: 
2026-05-17 00:40:01.755: [INFO][Sync] ConfigurationDone, failed: , succeeded: , remaining count: 4
2026-05-17 00:40:01.755: [WARN][Sync]     Reconfigure requested while configuration ongoing.
2026-05-17 00:40:01.755: [INFO][Sync] Configuring for: Bookmarks, Preferences, Passwords, Autofill Profiles, Autofill, Extensions, Sessions, Extension settings, History Delete Directives, Device Info, User Consents, Send Tab To Self, Web Apps, History, Saved Tab Group, WebAuthn Credentials, Collection, Edge E Drop, Edge Hub App Usage, Edge Wallet, Edge Workspace, Encryption Keys, reason: 5, current state: 2
2026-05-17 00:40:01.755: [INFO][Sync] Configure, desired: Bookmarks, Preferences, Passwords, Autofill Profiles, Autofill, Extensions, Sessions, Extension settings, History Delete Directives, Device Info, User Consents, Send Tab To Self, Web Apps, History, Saved Tab Group, WebAuthn Credentials, Collection, Edge E Drop, Edge Hub App Usage, Edge Wallet, Edge Workspace, Encryption Keys; Allow fail: 
2026-05-17 00:40:01.755: [INFO][Sync] Loading: Passwords
2026-05-17 00:40:01.755: [INFO][Sync] Loading: Autofill Profiles
2026-05-17 00:40:01.755: [INFO][Sync] Loading: Autofill
2026-05-17 00:40:01.755: [INFO][Sync] All data types are ready for configure.
2026-05-17 00:40:01.755: [INFO][SyncManagerImpl::NudgeForInitialDownload] Initial download nudge for Passwords
2026-05-17 00:40:01.755: [INFO][SyncManagerImpl::ConfigureSyncer] Types to download:  with reason: 5
2026-05-17 00:40:01.755: [INFO][SyncEngineBackend::DoFinishConfigureDataTypes] Failed to download types:  and succeeded types: 
2026-05-17 00:40:01.755: [INFO][Sync] ConfigurationDone, failed: , succeeded: , remaining count: 4
2026-05-17 00:40:01.755: [INFO][Sync] Prepare to configure types: Passwords, Encryption Keys
2026-05-17 00:40:01.755: [INFO][SyncManagerImpl::ConfigureSyncer] Types to download: Passwords, Encryption Keys with reason: 5
2026-05-17 00:40:01.755: [INFO][SyncSchedulerImpl::DoConfigurationSyncCycleJob] Blocked types:  and types to download: Passwords, Encryption Keys
2026-05-17 00:40:03.851: [INFO][SyncEngineBackend::DoFinishConfigureDataTypes] Failed to download types:  and succeeded types: Passwords, Encryption Keys
2026-05-17 00:40:03.855: [INFO][Sync] ConfigurationDone, failed: , succeeded: Passwords, Encryption Keys, remaining count: 3
2026-05-17 00:40:03.855: [INFO][SyncManagerImpl::ConfigureSyncer] Types to download:  with reason: 5
2026-05-17 00:40:03.855: [INFO][SyncEngineBackend::DoFinishConfigureDataTypes] Failed to download types:  and succeeded types: 
2026-05-17 00:40:03.855: [INFO][Sync] ConfigurationDone, failed: , succeeded: , remaining count: 2
2026-05-17 00:40:03.855: [INFO][SyncManagerImpl::ConfigureSyncer] Types to download:  with reason: 5
2026-05-17 00:40:03.855: [INFO][SyncEngineBackend::DoFinishConfigureDataTypes] Failed to download types:  and succeeded types: 
2026-05-17 00:40:03.855: [INFO][Sync] ConfigurationDone, failed: , succeeded: , remaining count: 1
2026-05-17 00:40:03.859: [INFO][SyncManagerImpl::ConfigureSyncer] Types to download:  with reason: 5
2026-05-17 00:40:03.859: [INFO][SyncEngineBackend::DoFinishConfigureDataTypes] Failed to download types:  and succeeded types: 
2026-05-17 00:40:03.860: [INFO][Sync] ConfigurationDone, failed: , succeeded: , remaining count: 0
2026-05-17 00:40:03.864: [INFO][Sync]     Configuration completed, state: 7
2026-05-17 00:40:03.864: [INFO][Sync] Configured DataTypeManager: Ok
2026-05-17 00:40:03.867: [INFO][SyncEngineBackend::DoStartSyncing] Start syncing
2026-05-17 00:48:25.397: [INFO][Sync] Reset engine, reason: 0
2026-05-17 00:48:25.397: [INFO][Sync] Reset engine with reason: 0
2026-05-17 01:17:02.880: [INFO][Sync] Reset engine, reason: 8
2026-05-17 01:17:02.880: [INFO][Sync] Stopped: Bookmarks
2026-05-17 01:17:02.880: [INFO][Sync] Stopped: Preferences
2026-05-17 01:17:02.880: [INFO][Sync] Stopped: Passwords
2026-05-17 01:17:02.880: [INFO][Sync] Stopped: Autofill Profiles
2026-05-17 01:17:02.880: [INFO][Sync] Stopped: Autofill
2026-05-17 01:17:02.880: [INFO][Sync] Stopped: Extensions
2026-05-17 01:17:02.880: [INFO][Sync] Stopped: Sessions
2026-05-17 01:17:02.880: [INFO][Sync] Stopped: Extension settings
2026-05-17 01:17:02.880: [INFO][Sync] Stopped: History Delete Directives
2026-05-17 01:17:02.880: [INFO][Sync] Stopped: Device Info
2026-05-17 01:17:02.880: [INFO][Sync] Stopped: User Consents
2026-05-17 01:17:02.880: [INFO][Sync] Stopped: Send Tab To Self
2026-05-17 01:17:02.880: [INFO][Sync] Stopped: Web Apps
2026-05-17 01:17:02.880: [INFO][Sync] Stopped: History
2026-05-17 01:17:02.880: [INFO][Sync] Stopped: Saved Tab Group
2026-05-17 01:17:02.880: [INFO][Sync] Stopped: WebAuthn Credentials
2026-05-17 01:17:02.880: [INFO][Sync] Stopped: Collection
2026-05-17 01:17:02.880: [INFO][Sync] Stopped: Edge E Drop
2026-05-17 01:17:02.880: [INFO][Sync] Stopped: Edge Hub App Usage
2026-05-17 01:17:02.880: [INFO][Sync] Stopped: Edge Journey
2026-05-17 01:17:02.880: [INFO][Sync] Stopped: Edge Wallet
2026-05-17 01:17:02.880: [INFO][Sync] Stopped: Edge Workspace
2026-05-17 01:17:02.880: [INFO][Sync] SyncState after authenticated was: NotSignedIn
2026-05-17 01:17:03.478: [INFO][Sync] Reset engine, reason: 8
2026-05-17 01:17:03.479: [INFO][Sync] Stopped: Bookmarks
2026-05-17 01:17:03.479: [INFO][Sync] Stopped: Preferences
2026-05-17 01:17:03.479: [INFO][Sync] Stopped: Passwords
2026-05-17 01:17:03.479: [INFO][Sync] Stopped: Autofill Profiles
2026-05-17 01:17:03.479: [INFO][Sync] Stopped: Autofill
2026-05-17 01:17:03.479: [INFO][Sync] Stopped: Extensions
2026-05-17 01:17:03.479: [INFO][Sync] Stopped: Sessions
2026-05-17 01:17:03.479: [INFO][Sync] Stopped: Extension settings
2026-05-17 01:17:03.479: [INFO][Sync] Stopped: History Delete Directives
2026-05-17 01:17:03.479: [INFO][Sync] Stopped: Device Info
2026-05-17 01:17:03.479: [INFO][Sync] Stopped: User Consents
2026-05-17 01:17:03.479: [INFO][Sync] Stopped: Send Tab To Self
2026-05-17 01:17:03.479: [INFO][Sync] Stopped: Web Apps
2026-05-17 01:17:03.479: [INFO][Sync] Stopped: History
2026-05-17 01:17:03.479: [INFO][Sync] Stopped: Saved Tab Group
2026-05-17 01:17:03.479: [INFO][Sync] Stopped: WebAuthn Credentials
2026-05-17 01:17:03.479: [INFO][Sync] Stopped: Collection
2026-05-17 01:17:03.479: [INFO][Sync] Stopped: Edge E Drop
2026-05-17 01:17:03.479: [INFO][Sync] Stopped: Edge Hub App Usage
2026-05-17 01:17:03.479: [INFO][Sync] Stopped: Edge Journey
2026-05-17 01:17:03.479: [INFO][Sync] Stopped: Edge Wallet
2026-05-17 01:17:03.479: [INFO][Sync] Stopped: Edge Workspace
2026-05-17 01:17:18.107: [INFO][Sync] Try to start sync engine
2026-05-17 01:17:18.109: [INFO][SyncManagerImpl::NudgeForInitialDownload] Initial download nudge for Encryption Keys
2026-05-17 01:17:18.109: [INFO][SyncEngineBackend::LoadAndConnectNigoriController] Load and connect Nigori controller
2026-05-17 01:17:18.109: [INFO][SyncEngineBackend::DoInitialize] Control Types added: Encryption Keys
2026-05-17 01:17:18.109: [INFO][SyncManagerImpl::ConfigureSyncer] Types to download: Encryption Keys with reason: 3
2026-05-17 01:17:18.109: [INFO][SyncSchedulerImpl::DoConfigurationSyncCycleJob] Configure job was blocked
2026-05-17 01:17:18.147: [INFO][SyncAuthManager::SetLastAuthError] Current auth error: None
2026-05-17 01:17:18.147: [INFO][SyncAuthManager::EdgeLogTokenErrorState] Token error with: None for account type: MSA
2026-05-17 01:17:18.147: [INFO][Sync] Credentials changed for: EdgeSyncScopeNew
2026-05-17 01:17:19.163: [INFO][SyncAuthManager::SetLastAuthError] Current auth error: None
2026-05-17 01:17:19.163: [INFO][SyncAuthManager::EdgeLogTokenErrorState] Token error with: None for account type: MSA
2026-05-17 01:17:19.163: [INFO][Sync] Credentials changed for: EdgeSyncKeyDataScope
2026-05-17 01:17:19.163: [INFO][SyncEngineBackend::DoUpdateKeyDataCredentials] Update key data credentials
2026-05-17 01:17:19.163: [INFO][SyncEngineBackend::DoUpdateCredentials] Update credentials
2026-05-17 01:17:19.163: [INFO][SyncSchedulerImpl::DoConfigurationSyncCycleJob] Blocked types:  and types to download: Encryption Keys
2026-05-17 01:17:19.961: [INFO][Sync] Started DataTypeManager configuration, reason: 4
2026-05-17 01:17:19.961: [INFO][Sync] Configuring for: Bookmarks, Preferences, Passwords, Autofill Profiles, Autofill, Extensions, Sessions, Extension settings, History Delete Directives, Device Info, User Consents, Send Tab To Self, Web Apps, History, Saved Tab Group, WebAuthn Credentials, Collection, Edge E Drop, Edge Hub App Usage, Edge Wallet, Edge Workspace, Encryption Keys, reason: 4, current state: 0
2026-05-17 01:17:19.961: [WARN][Sync] Crypto error data types: Passwords, Autofill Profiles, Autofill
2026-05-17 01:17:19.969: [INFO][Sync] Configure, desired: Bookmarks, Preferences, Extensions, Sessions, Extension settings, History Delete Directives, Device Info, User Consents, Send Tab To Self, Web Apps, History, Saved Tab Group, WebAuthn Credentials, Collection, Edge E Drop, Edge Hub App Usage, Edge Wallet, Edge Workspace, Encryption Keys; Allow fail: Passwords, Autofill Profiles, Autofill
2026-05-17 01:17:19.969: [INFO][Sync] Loading: Bookmarks
2026-05-17 01:17:19.969: [INFO][Sync] Loading: Preferences
2026-05-17 01:17:19.969: [INFO][Sync] Loading: Extensions
2026-05-17 01:17:19.969: [INFO][Sync] Loading: Sessions
2026-05-17 01:17:19.969: [INFO][Sync] Loading: Extension settings
2026-05-17 01:17:19.969: [INFO][Sync] Loading: History Delete Directives
2026-05-17 01:17:19.969: [INFO][Sync] Loading: Device Info
2026-05-17 01:17:19.969: [INFO][Sync] Loading: User Consents
2026-05-17 01:17:19.969: [INFO][Sync] Loading: Send Tab To Self
2026-05-17 01:17:19.969: [INFO][Sync] Loading: Web Apps
2026-05-17 01:17:19.969: [INFO][Sync] Loading: History
2026-05-17 01:17:19.969: [INFO][Sync] Loading: Saved Tab Group
2026-05-17 01:17:19.969: [INFO][Sync] Loading: WebAuthn Credentials
2026-05-17 01:17:19.969: [INFO][Sync] Loading: Collection
2026-05-17 01:17:19.969: [INFO][Sync] Loading: Edge E Drop
2026-05-17 01:17:19.969: [INFO][Sync] Loading: Edge Hub App Usage
2026-05-17 01:17:19.969: [INFO][Sync] Loading: Edge Wallet
2026-05-17 01:17:19.969: [INFO][Sync] Loading: Edge Workspace
2026-05-17 01:17:19.984: [INFO][Sync] All data types are ready for configure.
2026-05-17 01:17:21.702: [INFO][Sync] Started DataTypeManager configuration, reason: 5
2026-05-17 01:17:21.702: [INFO][Sync] Configuring for: Bookmarks, Preferences, Passwords, Autofill Profiles, Autofill, Extensions, Sessions, Extension settings, History Delete Directives, Device Info, User Consents, Send Tab To Self, Web Apps, History, Saved Tab Group, WebAuthn Credentials, Collection, Edge E Drop, Edge Hub App Usage, Edge Wallet, Edge Workspace, Encryption Keys, reason: 5, current state: 1
2026-05-17 01:17:21.712: [INFO][SyncEngineBackend::DoStartConfiguration] Start configuration
2026-05-17 01:17:21.712: [INFO][SyncManagerImpl::NudgeForInitialDownload] Initial download nudge for Bookmarks
2026-05-17 01:17:21.712: [INFO][SyncManagerImpl::NudgeForInitialDownload] Initial download nudge for Preferences
2026-05-17 01:17:21.712: [INFO][SyncManagerImpl::NudgeForInitialDownload] Initial download nudge for Extensions
2026-05-17 01:17:21.712: [INFO][SyncManagerImpl::NudgeForInitialDownload] Initial download nudge for Sessions
2026-05-17 01:17:21.712: [INFO][SyncManagerImpl::NudgeForInitialDownload] Initial download nudge for Extension settings
2026-05-17 01:17:21.712: [INFO][SyncManagerImpl::NudgeForInitialDownload] Initial download nudge for History Delete Directives
2026-05-17 01:17:21.712: [INFO][SyncManagerImpl::NudgeForInitialDownload] Initial download nudge for Device Info
2026-05-17 01:17:21.712: [INFO][SyncManagerImpl::NudgeForInitialDownload] Initial download nudge for Send Tab To Self
2026-05-17 01:17:21.712: [INFO][SyncManagerImpl::NudgeForInitialDownload] Initial download nudge for Web Apps
2026-05-17 01:17:21.712: [INFO][SyncManagerImpl::NudgeForInitialDownload] Initial download nudge for History
2026-05-17 01:17:21.712: [INFO][SyncManagerImpl::NudgeForInitialDownload] Initial download nudge for Saved Tab Group
2026-05-17 01:17:21.712: [INFO][SyncManagerImpl::NudgeForInitialDownload] Initial download nudge for WebAuthn Credentials
2026-05-17 01:17:21.712: [INFO][SyncManagerImpl::NudgeForInitialDownload] Initial download nudge for Collection
2026-05-17 01:17:21.712: [INFO][SyncManagerImpl::NudgeForInitialDownload] Initial download nudge for Edge E Drop
2026-05-17 01:17:21.712: [INFO][SyncManagerImpl::NudgeForInitialDownload] Initial download nudge for Edge Hub App Usage
2026-05-17 01:17:21.712: [INFO][SyncManagerImpl::NudgeForInitialDownload] Initial download nudge for Edge Wallet
2026-05-17 01:17:21.712: [INFO][SyncManagerImpl::NudgeForInitialDownload] Initial download nudge for Edge Workspace
2026-05-17 01:17:21.712: [INFO][SyncManagerImpl::ConfigureSyncer] Types to download:  with reason: 4
2026-05-17 01:17:21.712: [INFO][SyncEngineBackend::DoFinishConfigureDataTypes] Failed to download types:  and succeeded types: 
2026-05-17 01:17:21.713: [INFO][Sync] ConfigurationDone, failed: , succeeded: , remaining count: 4
2026-05-17 01:17:21.713: [WARN][Sync]     Reconfigure requested while configuration ongoing.
2026-05-17 01:17:21.713: [INFO][Sync] Configuring for: Bookmarks, Preferences, Passwords, Autofill Profiles, Autofill, Extensions, Sessions, Extension settings, History Delete Directives, Device Info, User Consents, Send Tab To Self, Web Apps, History, Saved Tab Group, WebAuthn Credentials, Collection, Edge E Drop, Edge Hub App Usage, Edge Wallet, Edge Workspace, Encryption Keys, reason: 5, current state: 2
2026-05-17 01:17:21.713: [INFO][Sync] Configure, desired: Bookmarks, Preferences, Passwords, Autofill Profiles, Autofill, Extensions, Sessions, Extension settings, History Delete Directives, Device Info, User Consents, Send Tab To Self, Web Apps, History, Saved Tab Group, WebAuthn Credentials, Collection, Edge E Drop, Edge Hub App Usage, Edge Wallet, Edge Workspace, Encryption Keys; Allow fail: 
2026-05-17 01:17:21.713: [INFO][Sync] Loading: Passwords
2026-05-17 01:17:21.713: [INFO][Sync] Loading: Autofill Profiles
2026-05-17 01:17:21.713: [INFO][Sync] Loading: Autofill
2026-05-17 01:17:21.714: [INFO][Sync] All data types are ready for configure.
2026-05-17 01:17:21.714: [INFO][SyncManagerImpl::NudgeForInitialDownload] Initial download nudge for Passwords
2026-05-17 01:17:21.714: [INFO][SyncManagerImpl::NudgeForInitialDownload] Initial download nudge for Autofill Profiles
2026-05-17 01:17:21.714: [INFO][SyncManagerImpl::NudgeForInitialDownload] Initial download nudge for Autofill
2026-05-17 01:17:21.714: [INFO][SyncManagerImpl::ConfigureSyncer] Types to download:  with reason: 5
2026-05-17 01:17:21.714: [INFO][SyncEngineBackend::DoFinishConfigureDataTypes] Failed to download types:  and succeeded types: 
2026-05-17 01:17:21.714: [INFO][Sync] ConfigurationDone, failed: , succeeded: , remaining count: 4
2026-05-17 01:17:21.714: [INFO][Sync] Prepare to configure types: Preferences, Passwords, Device Info, Send Tab To Self, Edge E Drop, Encryption Keys
2026-05-17 01:17:21.714: [INFO][SyncManagerImpl::ConfigureSyncer] Types to download: Preferences, Passwords, Device Info, Send Tab To Self, Edge E Drop, Encryption Keys with reason: 5
2026-05-17 01:17:21.714: [INFO][SyncSchedulerImpl::DoConfigurationSyncCycleJob] Blocked types:  and types to download: Preferences, Passwords, Device Info, Send Tab To Self, Edge E Drop, Encryption Keys
2026-05-17 01:17:22.273: [INFO][SyncEngineBackend::DoFinishConfigureDataTypes] Failed to download types:  and succeeded types: Preferences, Passwords, Device Info, Send Tab To Self, Edge E Drop, Encryption Keys
2026-05-17 01:17:22.278: [INFO][Sync] ConfigurationDone, failed: , succeeded: Preferences, Passwords, Device Info, Send Tab To Self, Edge E Drop, Encryption Keys, remaining count: 3
2026-05-17 01:17:22.278: [INFO][Sync] Prepare to configure types: Bookmarks, Encryption Keys
2026-05-17 01:17:22.278: [INFO][SyncManagerImpl::ConfigureSyncer] Types to download: Bookmarks, Encryption Keys with reason: 5
2026-05-17 01:17:22.279: [INFO][SyncSchedulerImpl::DoConfigurationSyncCycleJob] Blocked types:  and types to download: Bookmarks, Encryption Keys
2026-05-17 01:17:22.644: [INFO][SyncEngineBackend::DoFinishConfigureDataTypes] Failed to download types:  and succeeded types: Bookmarks, Encryption Keys
2026-05-17 01:17:22.652: [INFO][Sync] ConfigurationDone, failed: , succeeded: Bookmarks, Encryption Keys, remaining count: 2
2026-05-17 01:17:22.652: [INFO][Sync] Prepare to configure types: Autofill Profiles, Autofill, Extensions, Sessions, Extension settings, History Delete Directives, Web Apps, Saved Tab Group, WebAuthn Credentials, Collection, Edge Hub App Usage, Edge Wallet, Edge Workspace, Encryption Keys
2026-05-17 01:17:22.652: [INFO][SyncManagerImpl::ConfigureSyncer] Types to download: Autofill Profiles, Autofill, Extensions, Sessions, Extension settings, History Delete Directives, Web Apps, Saved Tab Group, WebAuthn Credentials, Collection, Edge Hub App Usage, Edge Wallet, Edge Workspace, Encryption Keys with reason: 5
2026-05-17 01:17:22.652: [INFO][SyncSchedulerImpl::DoConfigurationSyncCycleJob] Blocked types:  and types to download: Autofill Profiles, Autofill, Extensions, Sessions, Extension settings, History Delete Directives, Web Apps, Saved Tab Group, WebAuthn Credentials, Collection, Edge Hub App Usage, Edge Wallet, Edge Workspace, Encryption Keys
2026-05-17 01:17:25.023: [INFO][SyncEngineBackend::DoFinishConfigureDataTypes] Failed to download types:  and succeeded types: Autofill Profiles, Autofill, Extensions, Sessions, Extension settings, History Delete Directives, Web Apps, Saved Tab Group, WebAuthn Credentials, Collection, Edge Hub App Usage, Edge Wallet, Edge Workspace, Encryption Keys
2026-05-17 01:17:25.032: [INFO][Sync] ConfigurationDone, failed: , succeeded: Autofill Profiles, Autofill, Extensions, Sessions, Extension settings, History Delete Directives, Web Apps, Saved Tab Group, WebAuthn Credentials, Collection, Edge Hub App Usage, Edge Wallet, Edge Workspace, Encryption Keys, remaining count: 1
2026-05-17 01:17:25.039: [INFO][Sync] Prepare to configure types: History, Encryption Keys
2026-05-17 01:17:25.039: [INFO][SyncManagerImpl::ConfigureSyncer] Types to download: History, Encryption Keys with reason: 5
2026-05-17 01:17:25.039: [INFO][SyncSchedulerImpl::DoConfigurationSyncCycleJob] Blocked types:  and types to download: History, Encryption Keys
2026-05-17 01:17:36.397: [INFO][SyncEngineBackend::DoFinishConfigureDataTypes] Failed to download types:  and succeeded types: History, Encryption Keys
2026-05-17 01:17:36.402: [INFO][Sync] ConfigurationDone, failed: , succeeded: History, Encryption Keys, remaining count: 0
2026-05-17 01:17:36.408: [INFO][Sync]     Configuration completed, state: 7
2026-05-17 01:17:36.408: [INFO][Sync] Configured DataTypeManager: Ok
2026-05-17 01:17:36.415: [INFO][SyncEngineBackend::DoStartSyncing] Start syncing
2026-05-17 01:21:33.260: [INFO][Sync] Reset engine, reason: 0
2026-05-17 01:22:40.364: [INFO][Sync] SyncState after authenticated was: FeatureCanStart
2026-05-17 01:22:50.513: [INFO][Sync] Try to start sync engine
2026-05-17 01:22:50.515: [INFO][SyncManagerImpl::NudgeForInitialDownload] Initial download nudge for Encryption Keys
2026-05-17 01:22:50.515: [INFO][SyncEngineBackend::LoadAndConnectNigoriController] Load and connect Nigori controller
2026-05-17 01:22:50.515: [INFO][SyncEngineBackend::DoInitialize] Control Types added: Encryption Keys
2026-05-17 01:22:50.515: [INFO][SyncManagerImpl::ConfigureSyncer] Types to download: Encryption Keys with reason: 3
2026-05-17 01:22:50.515: [INFO][SyncSchedulerImpl::DoConfigurationSyncCycleJob] Configure job was blocked
2026-05-17 01:22:50.530: [INFO][SyncAuthManager::SetLastAuthError] Current auth error: None
2026-05-17 01:22:50.530: [INFO][SyncAuthManager::EdgeLogTokenErrorState] Token error with: None for account type: MSA
2026-05-17 01:22:50.530: [INFO][Sync] Credentials changed for: EdgeSyncScopeNew
2026-05-17 01:22:53.322: [INFO][SyncAuthManager::SetLastAuthError] Current auth error: None
2026-05-17 01:22:53.322: [INFO][SyncAuthManager::EdgeLogTokenErrorState] Token error with: None for account type: MSA
2026-05-17 01:22:53.322: [INFO][Sync] Credentials changed for: EdgeSyncKeyDataScope
2026-05-17 01:22:53.322: [INFO][SyncEngineBackend::DoUpdateKeyDataCredentials] Update key data credentials
2026-05-17 01:22:53.322: [INFO][SyncEngineBackend::DoUpdateCredentials] Update credentials
2026-05-17 01:22:53.322: [INFO][SyncSchedulerImpl::DoConfigurationSyncCycleJob] Blocked types:  and types to download: Encryption Keys
2026-05-17 01:22:55.410: [INFO][Sync] Started DataTypeManager configuration, reason: 4
2026-05-17 01:22:55.410: [INFO][Sync] Configuring for: Bookmarks, Preferences, Passwords, Autofill Profiles, Autofill, Extensions, Sessions, Extension settings, History Delete Directives, Device Info, User Consents, Send Tab To Self, Web Apps, History, Saved Tab Group, WebAuthn Credentials, Collection, Edge E Drop, Edge Hub App Usage, Edge Wallet, Edge Workspace, Encryption Keys, reason: 4, current state: 0
2026-05-17 01:22:55.410: [WARN][Sync] Crypto error data types: Passwords, Autofill Profiles, Autofill
2026-05-17 01:22:55.414: [INFO][Sync] Configure, desired: Bookmarks, Preferences, Extensions, Sessions, Extension settings, History Delete Directives, Device Info, User Consents, Send Tab To Self, Web Apps, History, Saved Tab Group, WebAuthn Credentials, Collection, Edge E Drop, Edge Hub App Usage, Edge Wallet, Edge Workspace, Encryption Keys; Allow fail: Passwords, Autofill Profiles, Autofill
2026-05-17 01:22:55.414: [INFO][Sync] Loading: Bookmarks
2026-05-17 01:22:55.414: [INFO][Sync] Loading: Preferences
2026-05-17 01:22:55.414: [INFO][Sync] Loading: Extensions
2026-05-17 01:22:55.414: [INFO][Sync] Loading: Sessions
2026-05-17 01:22:55.414: [INFO][Sync] Loading: Extension settings
2026-05-17 01:22:55.414: [INFO][Sync] Loading: History Delete Directives
2026-05-17 01:22:55.415: [INFO][Sync] Loading: Device Info
2026-05-17 01:22:55.415: [INFO][Sync] Loading: User Consents
2026-05-17 01:22:55.415: [INFO][Sync] Loading: Send Tab To Self
2026-05-17 01:22:55.415: [INFO][Sync] Loading: Web Apps
2026-05-17 01:22:55.415: [INFO][Sync] Loading: History
2026-05-17 01:22:55.415: [INFO][Sync] Loading: Saved Tab Group
2026-05-17 01:22:55.415: [INFO][Sync] Loading: WebAuthn Credentials
2026-05-17 01:22:55.415: [INFO][Sync] Loading: Collection
2026-05-17 01:22:55.415: [INFO][Sync] Loading: Edge E Drop
2026-05-17 01:22:55.415: [INFO][Sync] Loading: Edge Hub App Usage
2026-05-17 01:22:55.415: [INFO][Sync] Loading: Edge Wallet
2026-05-17 01:22:55.415: [INFO][Sync] Loading: Edge Workspace
2026-05-17 01:22:55.426: [INFO][Sync] All data types are ready for configure.
2026-05-17 01:22:57.354: [INFO][Sync] Started DataTypeManager configuration, reason: 5
2026-05-17 01:22:57.354: [INFO][Sync] Configuring for: Bookmarks, Preferences, Passwords, Autofill Profiles, Autofill, Extensions, Sessions, Extension settings, History Delete Directives, Device Info, User Consents, Send Tab To Self, Web Apps, History, Saved Tab Group, WebAuthn Credentials, Collection, Edge E Drop, Edge Hub App Usage, Edge Wallet, Edge Workspace, Encryption Keys, reason: 5, current state: 1
2026-05-17 01:22:57.362: [INFO][SyncEngineBackend::DoStartConfiguration] Start configuration
2026-05-17 01:22:57.363: [INFO][SyncManagerImpl::ConfigureSyncer] Types to download:  with reason: 4
2026-05-17 01:22:57.363: [INFO][SyncEngineBackend::DoFinishConfigureDataTypes] Failed to download types:  and succeeded types: 
2026-05-17 01:22:57.363: [INFO][Sync] ConfigurationDone, failed: , succeeded: , remaining count: 4
2026-05-17 01:22:57.363: [WARN][Sync]     Reconfigure requested while configuration ongoing.
2026-05-17 01:22:57.363: [INFO][Sync] Configuring for: Bookmarks, Preferences, Passwords, Autofill Profiles, Autofill, Extensions, Sessions, Extension settings, History Delete Directives, Device Info, User Consents, Send Tab To Self, Web Apps, History, Saved Tab Group, WebAuthn Credentials, Collection, Edge E Drop, Edge Hub App Usage, Edge Wallet, Edge Workspace, Encryption Keys, reason: 5, current state: 2
2026-05-17 01:22:57.363: [INFO][Sync] Configure, desired: Bookmarks, Preferences, Passwords, Autofill Profiles, Autofill, Extensions, Sessions, Extension settings, History Delete Directives, Device Info, User Consents, Send Tab To Self, Web Apps, History, Saved Tab Group, WebAuthn Credentials, Collection, Edge E Drop, Edge Hub App Usage, Edge Wallet, Edge Workspace, Encryption Keys; Allow fail: 
2026-05-17 01:22:57.363: [INFO][Sync] Loading: Passwords
2026-05-17 01:22:57.363: [INFO][Sync] Loading: Autofill Profiles
2026-05-17 01:22:57.363: [INFO][Sync] Loading: Autofill
2026-05-17 01:22:57.363: [INFO][Sync] All data types are ready for configure.
2026-05-17 01:22:57.363: [INFO][SyncManagerImpl::NudgeForInitialDownload] Initial download nudge for Passwords
2026-05-17 01:22:57.363: [INFO][SyncManagerImpl::ConfigureSyncer] Types to download:  with reason: 5
2026-05-17 01:22:57.363: [INFO][SyncEngineBackend::DoFinishConfigureDataTypes] Failed to download types:  and succeeded types: 
2026-05-17 01:22:57.363: [INFO][Sync] ConfigurationDone, failed: , succeeded: , remaining count: 4
2026-05-17 01:22:57.363: [INFO][Sync] Prepare to configure types: Passwords, Encryption Keys
2026-05-17 01:22:57.363: [INFO][SyncManagerImpl::ConfigureSyncer] Types to download: Passwords, Encryption Keys with reason: 5
2026-05-17 01:22:57.363: [INFO][SyncSchedulerImpl::DoConfigurationSyncCycleJob] Blocked types:  and types to download: Passwords, Encryption Keys
2026-05-17 01:22:58.627: [INFO][SyncEngineBackend::DoFinishConfigureDataTypes] Failed to download types:  and succeeded types: Passwords, Encryption Keys
2026-05-17 01:22:58.634: [INFO][Sync] ConfigurationDone, failed: , succeeded: Passwords, Encryption Keys, remaining count: 3
2026-05-17 01:22:58.634: [INFO][SyncManagerImpl::ConfigureSyncer] Types to download:  with reason: 5
2026-05-17 01:22:58.634: [INFO][SyncEngineBackend::DoFinishConfigureDataTypes] Failed to download types:  and succeeded types: 
2026-05-17 01:22:58.634: [INFO][Sync] ConfigurationDone, failed: , succeeded: , remaining count: 2
2026-05-17 01:22:58.634: [INFO][SyncManagerImpl::ConfigureSyncer] Types to download:  with reason: 5
2026-05-17 01:22:58.634: [INFO][SyncEngineBackend::DoFinishConfigureDataTypes] Failed to download types:  and succeeded types: 
2026-05-17 01:22:58.634: [INFO][Sync] ConfigurationDone, failed: , succeeded: , remaining count: 1
2026-05-17 01:22:58.644: [INFO][SyncManagerImpl::ConfigureSyncer] Types to download:  with reason: 5
2026-05-17 01:22:58.644: [INFO][SyncEngineBackend::DoFinishConfigureDataTypes] Failed to download types:  and succeeded types: 
2026-05-17 01:22:58.652: [INFO][Sync] ConfigurationDone, failed: , succeeded: , remaining count: 0
2026-05-17 01:22:58.659: [INFO][Sync]     Configuration completed, state: 7
2026-05-17 01:22:58.660: [INFO][Sync] Configured DataTypeManager: Ok
2026-05-17 01:22:58.670: [INFO][SyncEngineBackend::DoStartSyncing] Start syncing
2026-05-17 01:25:46.646: [INFO][Sync] Reset engine, reason: 0
2026-05-17 01:25:46.646: [INFO][Sync] Reset engine with reason: 0
2026-05-17 01:27:00.054: [INFO][Sync] Reset engine, reason: 8
2026-05-17 01:27:00.054: [INFO][Sync] Stopped: Bookmarks
2026-05-17 01:27:00.054: [INFO][Sync] Stopped: Preferences
2026-05-17 01:27:00.054: [INFO][Sync] Stopped: Passwords
2026-05-17 01:27:00.054: [INFO][Sync] Stopped: Autofill Profiles
2026-05-17 01:27:00.054: [INFO][Sync] Stopped: Autofill
2026-05-17 01:27:00.054: [INFO][Sync] Stopped: Extensions
2026-05-17 01:27:00.054: [INFO][Sync] Stopped: Sessions
2026-05-17 01:27:00.054: [INFO][Sync] Stopped: Extension settings
2026-05-17 01:27:00.054: [INFO][Sync] Stopped: History Delete Directives
2026-05-17 01:27:00.054: [INFO][Sync] Stopped: Device Info
2026-05-17 01:27:00.054: [INFO][Sync] Stopped: User Consents
2026-05-17 01:27:00.054: [INFO][Sync] Stopped: Send Tab To Self
2026-05-17 01:27:00.054: [INFO][Sync] Stopped: Web Apps
2026-05-17 01:27:00.054: [INFO][Sync] Stopped: History
2026-05-17 01:27:00.054: [INFO][Sync] Stopped: Saved Tab Group
2026-05-17 01:27:00.054: [INFO][Sync] Stopped: WebAuthn Credentials
2026-05-17 01:27:00.054: [INFO][Sync] Stopped: Collection
2026-05-17 01:27:00.054: [INFO][Sync] Stopped: Edge E Drop
2026-05-17 01:27:00.054: [INFO][Sync] Stopped: Edge Hub App Usage
2026-05-17 01:27:00.054: [INFO][Sync] Stopped: Edge Journey
2026-05-17 01:27:00.054: [INFO][Sync] Stopped: Edge Wallet
2026-05-17 01:27:00.054: [INFO][Sync] Stopped: Edge Workspace
2026-05-17 01:27:00.054: [INFO][Sync] SyncState after authenticated was: NotSignedIn
2026-05-17 01:27:00.262: [INFO][Sync] Reset engine, reason: 8
2026-05-17 01:27:00.262: [INFO][Sync] Stopped: Bookmarks
2026-05-17 01:27:00.262: [INFO][Sync] Stopped: Preferences
2026-05-17 01:27:00.262: [INFO][Sync] Stopped: Passwords
2026-05-17 01:27:00.262: [INFO][Sync] Stopped: Autofill Profiles
2026-05-17 01:27:00.262: [INFO][Sync] Stopped: Autofill
2026-05-17 01:27:00.262: [INFO][Sync] Stopped: Extensions
2026-05-17 01:27:00.262: [INFO][Sync] Stopped: Sessions
2026-05-17 01:27:00.262: [INFO][Sync] Stopped: Extension settings
2026-05-17 01:27:00.262: [INFO][Sync] Stopped: History Delete Directives
2026-05-17 01:27:00.262: [INFO][Sync] Stopped: Device Info
2026-05-17 01:27:00.262: [INFO][Sync] Stopped: User Consents
2026-05-17 01:27:00.262: [INFO][Sync] Stopped: Send Tab To Self
2026-05-17 01:27:00.262: [INFO][Sync] Stopped: Web Apps
2026-05-17 01:27:00.262: [INFO][Sync] Stopped: History
2026-05-17 01:27:00.262: [INFO][Sync] Stopped: Saved Tab Group
2026-05-17 01:27:00.262: [INFO][Sync] Stopped: WebAuthn Credentials
2026-05-17 01:27:00.262: [INFO][Sync] Stopped: Collection
2026-05-17 01:27:00.262: [INFO][Sync] Stopped: Edge E Drop
2026-05-17 01:27:00.262: [INFO][Sync] Stopped: Edge Hub App Usage
2026-05-17 01:27:00.262: [INFO][Sync] Stopped: Edge Journey
2026-05-17 01:27:00.262: [INFO][Sync] Stopped: Edge Wallet
2026-05-17 01:27:00.262: [INFO][Sync] Stopped: Edge Workspace
2026-05-17 01:27:04.337: [INFO][Sync] Try to start sync engine
2026-05-17 01:27:04.339: [INFO][SyncManagerImpl::NudgeForInitialDownload] Initial download nudge for Encryption Keys
2026-05-17 01:27:04.339: [INFO][SyncEngineBackend::LoadAndConnectNigoriController] Load and connect Nigori controller
2026-05-17 01:27:04.339: [INFO][SyncEngineBackend::DoInitialize] Control Types added: Encryption Keys
2026-05-17 01:27:04.339: [INFO][SyncManagerImpl::ConfigureSyncer] Types to download: Encryption Keys with reason: 3
2026-05-17 01:27:04.339: [INFO][SyncSchedulerImpl::DoConfigurationSyncCycleJob] Configure job was blocked
2026-05-17 01:27:04.373: [INFO][SyncAuthManager::SetLastAuthError] Current auth error: None
2026-05-17 01:27:04.373: [INFO][SyncAuthManager::EdgeLogTokenErrorState] Token error with: None for account type: MSA
2026-05-17 01:27:04.373: [INFO][Sync] Credentials changed for: EdgeSyncScopeNew
2026-05-17 01:27:04.416: [INFO][SyncAuthManager::SetLastAuthError] Current auth error: None
2026-05-17 01:27:04.416: [INFO][SyncAuthManager::EdgeLogTokenErrorState] Token error with: None for account type: MSA
2026-05-17 01:27:04.416: [INFO][Sync] Credentials changed for: EdgeSyncKeyDataScope
2026-05-17 01:27:04.416: [INFO][SyncEngineBackend::DoUpdateKeyDataCredentials] Update key data credentials
2026-05-17 01:27:04.416: [INFO][SyncEngineBackend::DoUpdateCredentials] Update credentials
2026-05-17 01:27:04.416: [INFO][SyncSchedulerImpl::DoConfigurationSyncCycleJob] Blocked types:  and types to download: Encryption Keys
2026-05-17 01:27:07.303: [INFO][Sync] Started DataTypeManager configuration, reason: 4
2026-05-17 01:27:07.303: [INFO][Sync] Configuring for: Bookmarks, Preferences, Passwords, Autofill Profiles, Autofill, Extensions, Sessions, Extension settings, History Delete Directives, Device Info, User Consents, Send Tab To Self, Web Apps, History, Saved Tab Group, WebAuthn Credentials, Collection, Edge E Drop, Edge Hub App Usage, Edge Wallet, Edge Workspace, Encryption Keys, reason: 4, current state: 0
2026-05-17 01:27:07.303: [WARN][Sync] Crypto error data types: Passwords, Autofill Profiles, Autofill
2026-05-17 01:27:07.304: [INFO][Sync] Configure, desired: Bookmarks, Preferences, Extensions, Sessions, Extension settings, History Delete Directives, Device Info, User Consents, Send Tab To Self, Web Apps, History, Saved Tab Group, WebAuthn Credentials, Collection, Edge E Drop, Edge Hub App Usage, Edge Wallet, Edge Workspace, Encryption Keys; Allow fail: Passwords, Autofill Profiles, Autofill
2026-05-17 01:27:07.304: [INFO][Sync] Loading: Bookmarks
2026-05-17 01:27:07.304: [INFO][Sync] Loading: Preferences
2026-05-17 01:27:07.304: [INFO][Sync] Loading: Extensions
2026-05-17 01:27:07.304: [INFO][Sync] Loading: Sessions
2026-05-17 01:27:07.305: [INFO][Sync] Loading: Extension settings
2026-05-17 01:27:07.305: [INFO][Sync] Loading: History Delete Directives
2026-05-17 01:27:07.305: [INFO][Sync] Loading: Device Info
2026-05-17 01:27:07.305: [INFO][Sync] Loading: User Consents
2026-05-17 01:27:07.305: [INFO][Sync] Loading: Send Tab To Self
2026-05-17 01:27:07.305: [INFO][Sync] Loading: Web Apps
2026-05-17 01:27:07.305: [INFO][Sync] Loading: History
2026-05-17 01:27:07.305: [INFO][Sync] Loading: Saved Tab Group
2026-05-17 01:27:07.305: [INFO][Sync] Loading: WebAuthn Credentials
2026-05-17 01:27:07.305: [INFO][Sync] Loading: Collection
2026-05-17 01:27:07.305: [INFO][Sync] Loading: Edge E Drop
2026-05-17 01:27:07.305: [INFO][Sync] Loading: Edge Hub App Usage
2026-05-17 01:27:07.305: [INFO][Sync] Loading: Edge Wallet
2026-05-17 01:27:07.305: [INFO][Sync] Loading: Edge Workspace
2026-05-17 01:27:08.839: [INFO][Sync] Connection status changed to: 2
2026-05-17 01:27:08.839: [INFO][SyncEngineBackend::DoStartConfiguration] Start configuration
2026-05-17 01:27:08.902: [INFO][SyncAuthManager::SetLastAuthError] Current auth error: None
2026-05-17 01:27:08.902: [INFO][SyncAuthManager::EdgeLogTokenErrorState] Token error with: None for account type: MSA
2026-05-17 01:27:08.902: [INFO][Sync] Credentials changed for: EdgeSyncKeyDataScope
2026-05-17 01:27:08.902: [INFO][SyncEngineBackend::DoUpdateKeyDataCredentials] Update key data credentials
2026-05-17 01:27:14.113: [INFO][SyncAuthManager::SetLastAuthError] Current auth error: None
2026-05-17 01:27:14.113: [INFO][SyncAuthManager::EdgeLogTokenErrorState] Token error with: None for account type: MSA
2026-05-17 01:27:14.113: [INFO][Sync] Credentials changed for: EdgeSyncScopeNew
2026-05-17 01:27:14.113: [INFO][SyncEngineBackend::DoUpdateCredentials] Update credentials
2026-05-17 01:27:14.113: [INFO][SyncEngineBackend::DoUpdateKeyDataCredentials] Update key data credentials
2026-05-17 01:27:15.240: [INFO][Sync] All data types are ready for configure.
2026-05-17 01:27:15.240: [INFO][SyncManagerImpl::NudgeForInitialDownload] Initial download nudge for Bookmarks
2026-05-17 01:27:15.240: [INFO][SyncManagerImpl::NudgeForInitialDownload] Initial download nudge for Preferences
2026-05-17 01:27:15.240: [INFO][SyncManagerImpl::NudgeForInitialDownload] Initial download nudge for Extensions
2026-05-17 01:27:15.240: [INFO][SyncManagerImpl::NudgeForInitialDownload] Initial download nudge for Sessions
2026-05-17 01:27:15.240: [INFO][SyncManagerImpl::NudgeForInitialDownload] Initial download nudge for Extension settings
2026-05-17 01:27:15.240: [INFO][SyncManagerImpl::NudgeForInitialDownload] Initial download nudge for History Delete Directives
2026-05-17 01:27:15.240: [INFO][SyncManagerImpl::NudgeForInitialDownload] Initial download nudge for Device Info
2026-05-17 01:27:15.240: [INFO][SyncManagerImpl::NudgeForInitialDownload] Initial download nudge for Send Tab To Self
2026-05-17 01:27:15.240: [INFO][SyncManagerImpl::NudgeForInitialDownload] Initial download nudge for Web Apps
2026-05-17 01:27:15.240: [INFO][SyncManagerImpl::NudgeForInitialDownload] Initial download nudge for History
2026-05-17 01:27:15.240: [INFO][SyncManagerImpl::NudgeForInitialDownload] Initial download nudge for Saved Tab Group
2026-05-17 01:27:15.240: [INFO][SyncManagerImpl::NudgeForInitialDownload] Initial download nudge for WebAuthn Credentials
2026-05-17 01:27:15.240: [INFO][SyncManagerImpl::NudgeForInitialDownload] Initial download nudge for Collection
2026-05-17 01:27:15.240: [INFO][SyncManagerImpl::NudgeForInitialDownload] Initial download nudge for Edge E Drop
2026-05-17 01:27:15.240: [INFO][SyncManagerImpl::NudgeForInitialDownload] Initial download nudge for Edge Hub App Usage
2026-05-17 01:27:15.240: [INFO][SyncManagerImpl::NudgeForInitialDownload] Initial download nudge for Edge Wallet
2026-05-17 01:27:15.240: [INFO][SyncManagerImpl::NudgeForInitialDownload] Initial download nudge for Edge Workspace
2026-05-17 01:27:15.240: [INFO][SyncManagerImpl::ConfigureSyncer] Types to download:  with reason: 4
2026-05-17 01:27:15.240: [INFO][SyncEngineBackend::DoFinishConfigureDataTypes] Failed to download types:  and succeeded types: 
2026-05-17 01:27:15.240: [INFO][Sync] ConfigurationDone, failed: , succeeded: , remaining count: 4
2026-05-17 01:27:15.240: [INFO][Sync] Prepare to configure types: Preferences, Device Info, Send Tab To Self, Edge E Drop, Encryption Keys
2026-05-17 01:27:15.240: [INFO][SyncManagerImpl::ConfigureSyncer] Types to download: Preferences, Device Info, Send Tab To Self, Edge E Drop, Encryption Keys with reason: 4
2026-05-17 01:27:15.240: [INFO][SyncSchedulerImpl::DoConfigurationSyncCycleJob] Blocked types:  and types to download: Preferences, Device Info, Send Tab To Self, Edge E Drop, Encryption Keys
2026-05-17 01:27:18.802: [INFO][SyncEngineBackend::DoFinishConfigureDataTypes] Failed to download types:  and succeeded types: Preferences, Device Info, Send Tab To Self, Edge E Drop, Encryption Keys
2026-05-17 01:27:18.813: [INFO][Sync] ConfigurationDone, failed: , succeeded: Preferences, Device Info, Send Tab To Self, Edge E Drop, Encryption Keys, remaining count: 3
2026-05-17 01:27:18.813: [INFO][Sync] Prepare to configure types: Bookmarks, Encryption Keys
2026-05-17 01:27:19.367: [INFO][SyncManagerImpl::ConfigureSyncer] Types to download: Bookmarks, Encryption Keys with reason: 4
2026-05-17 01:27:19.367: [INFO][SyncSchedulerImpl::DoConfigurationSyncCycleJob] Blocked types:  and types to download: Bookmarks, Encryption Keys
2026-05-17 01:27:19.367: [INFO][Sync] Connection status changed to: 2
2026-05-17 01:27:20.070: [INFO][SyncEngineBackend::DoFinishConfigureDataTypes] Failed to download types:  and succeeded types: Bookmarks, Encryption Keys
2026-05-17 01:27:20.081: [INFO][Sync] ConfigurationDone, failed: , succeeded: Bookmarks, Encryption Keys, remaining count: 2
2026-05-17 01:27:20.082: [INFO][Sync] Prepare to configure types: Extensions, Sessions, Extension settings, History Delete Directives, Web Apps, Saved Tab Group, WebAuthn Credentials, Collection, Edge Hub App Usage, Edge Wallet, Edge Workspace, Encryption Keys
2026-05-17 01:27:20.604: [INFO][SyncManagerImpl::ConfigureSyncer] Types to download: Extensions, Sessions, Extension settings, History Delete Directives, Web Apps, Saved Tab Group, WebAuthn Credentials, Collection, Edge Hub App Usage, Edge Wallet, Edge Workspace, Encryption Keys with reason: 4
2026-05-17 01:27:20.604: [INFO][Sync] Connection status changed to: 2
2026-05-17 01:27:20.604: [INFO][SyncSchedulerImpl::DoConfigurationSyncCycleJob] Blocked types:  and types to download: Extensions, Sessions, Extension settings, History Delete Directives, Web Apps, Saved Tab Group, WebAuthn Credentials, Collection, Edge Hub App Usage, Edge Wallet, Edge Workspace, Encryption Keys
2026-05-17 01:27:21.023: [INFO][SyncAuthManager::SetLastAuthError] Current auth error: None
2026-05-17 01:27:21.023: [INFO][SyncAuthManager::EdgeLogTokenErrorState] Token error with: None for account type: MSA
2026-05-17 01:27:21.023: [INFO][Sync] Credentials changed for: EdgeSyncScopeNew
2026-05-17 01:27:21.392: [INFO][SyncAuthManager::SetLastAuthError] Current auth error: None
2026-05-17 01:27:21.392: [INFO][SyncAuthManager::EdgeLogTokenErrorState] Token error with: None for account type: MSA
2026-05-17 01:27:21.392: [INFO][Sync] Credentials changed for: EdgeSyncKeyDataScope
2026-05-17 01:27:22.893: [INFO][SyncEngineBackend::DoFinishConfigureDataTypes] Failed to download types:  and succeeded types: Extensions, Sessions, Extension settings, History Delete Directives, Web Apps, Saved Tab Group, WebAuthn Credentials, Collection, Edge Hub App Usage, Edge Wallet, Edge Workspace, Encryption Keys
2026-05-17 01:27:22.901: [INFO][Sync] ConfigurationDone, failed: , succeeded: Extensions, Sessions, Extension settings, History Delete Directives, Web Apps, Saved Tab Group, WebAuthn Credentials, Collection, Edge Hub App Usage, Edge Wallet, Edge Workspace, Encryption Keys, remaining count: 1
2026-05-17 01:27:22.909: [INFO][Sync] Prepare to configure types: History, Encryption Keys
2026-05-17 01:27:23.576: [INFO][SyncEngineBackend::DoUpdateKeyDataCredentials] Update key data credentials
2026-05-17 01:27:23.576: [INFO][Sync] Connection status changed to: 2
2026-05-17 01:27:23.576: [INFO][SyncEngineBackend::DoUpdateCredentials] Update credentials
2026-05-17 01:27:23.576: [INFO][SyncManagerImpl::ConfigureSyncer] Types to download: History, Encryption Keys with reason: 4
2026-05-17 01:27:23.576: [INFO][SyncSchedulerImpl::DoConfigurationSyncCycleJob] Blocked types:  and types to download: History, Encryption Keys
2026-05-17 01:27:26.906: [INFO][SyncAuthManager::SetLastAuthError] Current auth error: None
2026-05-17 01:27:26.906: [INFO][SyncAuthManager::EdgeLogTokenErrorState] Token error with: None for account type: MSA
2026-05-17 01:27:26.906: [INFO][Sync] Credentials changed for: EdgeSyncScopeNew
2026-05-17 01:27:27.322: [INFO][SyncAuthManager::SetLastAuthError] Current auth error: None
2026-05-17 01:27:27.322: [INFO][SyncAuthManager::EdgeLogTokenErrorState] Token error with: None for account type: MSA
2026-05-17 01:27:27.322: [INFO][Sync] Credentials changed for: EdgeSyncKeyDataScope
2026-05-17 01:27:38.219: [INFO][SyncEngineBackend::DoFinishConfigureDataTypes] Failed to download types:  and succeeded types: History, Encryption Keys
2026-05-17 01:27:38.229: [INFO][Sync] ConfigurationDone, failed: , succeeded: History, Encryption Keys, remaining count: 0
2026-05-17 01:27:38.238: [INFO][Sync]     Configuration completed, state: 3
2026-05-17 01:27:38.238: [INFO][Sync] Configured DataTypeManager: Ok
2026-05-17 01:27:38.832: [INFO][SyncEngineBackend::DoUpdateKeyDataCredentials] Update key data credentials
2026-05-17 01:27:38.832: [INFO][SyncEngineBackend::DoUpdateCredentials] Update credentials
2026-05-17 01:27:38.832: [INFO][Sync] Connection status changed to: 2
2026-05-17 01:27:38.832: [INFO][SyncEngineBackend::DoStartSyncing] Start syncing
2026-05-17 01:27:45.866: [INFO][Sync] Connection status changed to: 2
2026-05-17 01:27:46.170: [INFO][SyncAuthManager::SetLastAuthError] Current auth error: None
2026-05-17 01:27:46.170: [INFO][SyncAuthManager::EdgeLogTokenErrorState] Token error with: None for account type: MSA
2026-05-17 01:27:46.170: [INFO][Sync] Credentials changed for: EdgeSyncScopeNew
2026-05-17 01:27:48.677: [INFO][SyncAuthManager::SetLastAuthError] Current auth error: None
2026-05-17 01:27:48.677: [INFO][SyncAuthManager::EdgeLogTokenErrorState] Token error with: None for account type: MSA
2026-05-17 01:27:48.677: [INFO][Sync] Credentials changed for: EdgeSyncKeyDataScope
2026-05-17 01:27:48.677: [INFO][SyncEngineBackend::DoUpdateKeyDataCredentials] Update key data credentials
2026-05-17 01:27:48.677: [INFO][SyncEngineBackend::DoUpdateCredentials] Update credentials
2026-05-17 01:27:58.609: [INFO][Sync] Started DataTypeManager configuration, reason: 5
2026-05-17 01:27:58.609: [INFO][Sync] Configuring for: Bookmarks, Preferences, Passwords, Autofill Profiles, Autofill, Extensions, Sessions, Extension settings, History Delete Directives, Device Info, User Consents, Send Tab To Self, Web Apps, History, Saved Tab Group, WebAuthn Credentials, Collection, Edge E Drop, Edge Hub App Usage, Edge Wallet, Edge Workspace, Encryption Keys, reason: 5, current state: 3
2026-05-17 01:27:58.619: [INFO][Sync] Configure, desired: Bookmarks, Preferences, Passwords, Autofill Profiles, Autofill, Extensions, Sessions, Extension settings, History Delete Directives, Device Info, User Consents, Send Tab To Self, Web Apps, History, Saved Tab Group, WebAuthn Credentials, Collection, Edge E Drop, Edge Hub App Usage, Edge Wallet, Edge Workspace, Encryption Keys; Allow fail: 
2026-05-17 01:27:58.619: [INFO][Sync] Loading: Passwords
2026-05-17 01:27:58.619: [INFO][Sync] Loading: Autofill Profiles
2026-05-17 01:27:58.619: [INFO][Sync] Loading: Autofill
2026-05-17 01:27:58.628: [INFO][Sync] All data types are ready for configure.
2026-05-17 01:27:58.629: [INFO][SyncEngineBackend::DoStartConfiguration] Start configuration
2026-05-17 01:27:58.629: [INFO][SyncManagerImpl::NudgeForInitialDownload] Initial download nudge for Passwords
2026-05-17 01:27:58.629: [INFO][SyncManagerImpl::NudgeForInitialDownload] Initial download nudge for Autofill Profiles
2026-05-17 01:27:58.629: [INFO][SyncManagerImpl::NudgeForInitialDownload] Initial download nudge for Autofill
2026-05-17 01:27:58.629: [INFO][SyncManagerImpl::ConfigureSyncer] Types to download:  with reason: 5
2026-05-17 01:27:58.629: [INFO][SyncEngineBackend::DoFinishConfigureDataTypes] Failed to download types:  and succeeded types: 
2026-05-17 01:27:58.639: [INFO][Sync] ConfigurationDone, failed: , succeeded: , remaining count: 4
2026-05-17 01:27:58.639: [INFO][Sync] Prepare to configure types: Passwords, Encryption Keys
2026-05-17 01:27:58.639: [INFO][SyncManagerImpl::ConfigureSyncer] Types to download: Passwords, Encryption Keys with reason: 5
2026-05-17 01:27:58.639: [INFO][SyncSchedulerImpl::DoConfigurationSyncCycleJob] Blocked types:  and types to download: Passwords, Encryption Keys
2026-05-17 01:27:59.187: [INFO][SyncEngineBackend::DoFinishConfigureDataTypes] Failed to download types:  and succeeded types: Passwords, Encryption Keys
2026-05-17 01:27:59.194: [INFO][Sync] ConfigurationDone, failed: , succeeded: Passwords, Encryption Keys, remaining count: 3
2026-05-17 01:27:59.194: [INFO][SyncManagerImpl::ConfigureSyncer] Types to download:  with reason: 5
2026-05-17 01:27:59.194: [INFO][SyncEngineBackend::DoFinishConfigureDataTypes] Failed to download types:  and succeeded types: 
2026-05-17 01:27:59.206: [INFO][Sync] ConfigurationDone, failed: , succeeded: , remaining count: 2
2026-05-17 01:27:59.206: [INFO][Sync] Prepare to configure types: Autofill Profiles, Autofill, Encryption Keys
2026-05-17 01:27:59.206: [INFO][SyncManagerImpl::ConfigureSyncer] Types to download: Autofill Profiles, Autofill, Encryption Keys with reason: 5
2026-05-17 01:27:59.206: [INFO][SyncSchedulerImpl::DoConfigurationSyncCycleJob] Blocked types:  and types to download: Autofill Profiles, Autofill, Encryption Keys
2026-05-17 01:28:00.320: [INFO][SyncEngineBackend::DoFinishConfigureDataTypes] Failed to download types:  and succeeded types: Autofill Profiles, Autofill, Encryption Keys
2026-05-17 01:28:00.326: [INFO][Sync] ConfigurationDone, failed: , succeeded: Autofill Profiles, Autofill, Encryption Keys, remaining count: 1
2026-05-17 01:28:00.333: [INFO][SyncManagerImpl::ConfigureSyncer] Types to download:  with reason: 5
2026-05-17 01:28:00.333: [INFO][SyncEngineBackend::DoFinishConfigureDataTypes] Failed to download types:  and succeeded types: 
2026-05-17 01:28:00.338: [INFO][Sync] ConfigurationDone, failed: , succeeded: , remaining count: 0
2026-05-17 01:28:00.344: [INFO][Sync]     Configuration completed, state: 3
2026-05-17 01:28:00.344: [INFO][Sync] Configured DataTypeManager: Ok
2026-05-17 01:28:00.347: [INFO][SyncEngineBackend::DoStartSyncing] Start syncing
2026-05-17 01:31:07.086: [INFO][Sync] Reset engine, reason: 0
2026-05-17 01:31:07.086: [INFO][Sync] Reset engine with reason: 0
